TN:
SF:src/typescript/game.ts
FN:68,(anonymous_0)
FNF:1
FNH:0
FNDA:0,(anonymous_0)
DA:20,0
DA:62,0
DA:68,0
DA:69,0
DA:74,0
DA:75,0
DA:76,0
LF:7
LH:0
BRF:0
BRH:0
end_of_record
TN:
SF:src/typescript/index.ts
FNF:0
FNH:0
DA:60,0
DA:61,0
LF:2
LH:0
BRF:0
BRH:0
end_of_record
TN:
SF:src/typescript/core/BattleLogic.ts
FN:13,(anonymous_0)
FN:17,(anonymous_1)
FN:37,(anonymous_2)
FN:50,(anonymous_3)
FN:58,(anonymous_4)
FN:68,(anonymous_5)
FN:103,(anonymous_6)
FN:108,(anonymous_7)
FN:126,(anonymous_8)
FN:138,(anonymous_9)
FN:140,(anonymous_10)
FN:141,(anonymous_11)
FN:145,(anonymous_12)
FNF:13
FNH:0
FNDA:0,(anonymous_0)
FNDA:0,(anonymous_1)
FNDA:0,(anonymous_2)
FNDA:0,(anonymous_3)
FNDA:0,(anonymous_4)
FNDA:0,(anonymous_5)
FNDA:0,(anonymous_6)
FNDA:0,(anonymous_7)
FNDA:0,(anonymous_8)
FNDA:0,(anonymous_9)
FNDA:0,(anonymous_10)
FNDA:0,(anonymous_11)
FNDA:0,(anonymous_12)
DA:8,0
DA:9,0
DA:10,0
DA:11,0
DA:14,0
DA:18,0
DA:20,0
DA:21,0
DA:24,0
DA:32,0
DA:33,0
DA:34,0
DA:38,0
DA:39,0
DA:51,0
DA:52,0
DA:53,0
DA:55,0
DA:59,0
DA:60,0
DA:61,0
DA:62,0
DA:63,0
DA:65,0
DA:69,0
DA:70,0
DA:73,0
DA:74,0
DA:75,0
DA:78,0
DA:79,0
DA:80,0
DA:81,0
DA:82,0
DA:84,0
DA:85,0
DA:86,0
DA:87,0
DA:89,0
DA:96,0
DA:99,0
DA:100,0
DA:105,0
DA:109,0
DA:110,0
DA:111,0
DA:114,0
DA:116,0
DA:117,0
DA:118,0
DA:119,0
DA:122,0
DA:123,0
DA:127,0
DA:128,0
DA:129,0
DA:130,0
DA:132,0
DA:133,0
DA:139,0
DA:140,0
DA:141,0
DA:146,0
LF:63
LH:0
BRDA:20,0,0,0
BRDA:20,0,1,0
BRDA:44,1,0,0
BRDA:44,1,1,0
BRDA:45,2,0,0
BRDA:45,2,1,0
BRDA:46,3,0,0
BRDA:46,3,1,0
BRDA:51,4,0,0
BRDA:51,4,1,0
BRDA:51,5,0,0
BRDA:51,5,1,0
BRDA:60,6,0,0
BRDA:60,6,1,0
BRDA:69,7,0,0
BRDA:69,7,1,0
BRDA:69,8,0,0
BRDA:69,8,1,0
BRDA:74,9,0,0
BRDA:74,9,1,0
BRDA:74,10,0,0
BRDA:74,10,1,0
BRDA:79,11,0,0
BRDA:79,11,1,0
BRDA:84,12,0,0
BRDA:84,12,1,0
BRDA:110,13,0,0
BRDA:110,13,1,0
BRDA:110,14,0,0
BRDA:110,14,1,0
BRDA:116,15,0,0
BRDA:116,15,1,0
BRDA:128,16,0,0
BRDA:128,16,1,0
BRF:34
BRH:0
end_of_record
TN:
SF:src/typescript/core/assets/LSPAssetSystem.ts
FN:9,(anonymous_0)
FN:20,(anonymous_1)
FN:116,(anonymous_2)
FN:133,(anonymous_3)
FN:197,(anonymous_4)
FN:208,(anonymous_5)
FN:224,(anonymous_6)
FN:235,(anonymous_7)
FN:246,(anonymous_8)
FN:261,(anonymous_9)
FN:272,(anonymous_10)
FN:300,(anonymous_11)
FN:318,(anonymous_12)
FN:340,(anonymous_13)
FN:348,(anonymous_14)
FN:361,(anonymous_15)
FN:369,(anonymous_16)
FN:370,(anonymous_17)
FN:376,(anonymous_18)
FN:380,(anonymous_19)
FN:392,(anonymous_20)
FN:406,(anonymous_21)
FN:417,(anonymous_22)
FN:424,(anonymous_23)
FN:431,(anonymous_24)
FN:436,(anonymous_25)
FN:447,(anonymous_26)
FN:463,(anonymous_27)
FN:471,(anonymous_28)
FN:472,(anonymous_29)
FN:478,(anonymous_30)
FN:482,(anonymous_31)
FN:496,(anonymous_32)
FN:509,(anonymous_33)
FN:525,(anonymous_34)
FN:536,(anonymous_35)
FN:544,(anonymous_36)
FN:550,(anonymous_37)
FN:555,(anonymous_38)
FN:563,(anonymous_39)
FN:571,(anonymous_40)
FN:579,(anonymous_41)
FN:591,(anonymous_42)
FN:599,(anonymous_43)
FN:604,(anonymous_44)
FN:640,(anonymous_45)
FN:650,(anonymous_46)
FN:655,(anonymous_47)
FN:674,(anonymous_48)
FN:692,(anonymous_49)
FN:700,(anonymous_50)
FN:705,(anonymous_51)
FN:740,(anonymous_52)
FN:748,(anonymous_53)
FN:752,(anonymous_54)
FN:757,(anonymous_55)
FN:765,(anonymous_56)
FN:773,(anonymous_57)
FN:781,(anonymous_58)
FNF:59
FNH:15
FNDA:1,(anonymous_0)
FNDA:1,(anonymous_1)
FNDA:7,(anonymous_2)
FNDA:5,(anonymous_3)
FNDA:8,(anonymous_4)
FNDA:4,(anonymous_5)
FNDA:4,(anonymous_6)
FNDA:0,(anonymous_7)
FNDA:0,(anonymous_8)
FNDA:0,(anonymous_9)
FNDA:0,(anonymous_10)
FNDA:0,(anonymous_11)
FNDA:4,(anonymous_12)
FNDA:0,(anonymous_13)
FNDA:0,(anonymous_14)
FNDA:3,(anonymous_15)
FNDA:2,(anonymous_16)
FNDA:2,(anonymous_17)
FNDA:0,(anonymous_18)
FNDA:2,(anonymous_19)
FNDA:0,(anonymous_20)
FNDA:3,(anonymous_21)
FNDA:0,(anonymous_22)
FNDA:0,(anonymous_23)
FNDA:0,(anonymous_24)
FNDA:0,(anonymous_25)
FNDA:0,(anonymous_26)
FNDA:0,(anonymous_27)
FNDA:0,(anonymous_28)
FNDA:0,(anonymous_29)
FNDA:0,(anonymous_30)
FNDA:0,(anonymous_31)
FNDA:0,(anonymous_32)
FNDA:0,(anonymous_33)
FNDA:0,(anonymous_34)
FNDA:0,(anonymous_35)
FNDA:0,(anonymous_36)
FNDA:0,(anonymous_37)
FNDA:0,(anonymous_38)
FNDA:0,(anonymous_39)
FNDA:0,(anonymous_40)
FNDA:0,(anonymous_41)
FNDA:4,(anonymous_42)
FNDA:3,(anonymous_43)
FNDA:0,(anonymous_44)
FNDA:0,(anonymous_45)
FNDA:0,(anonymous_46)
FNDA:0,(anonymous_47)
FNDA:0,(anonymous_48)
FNDA:0,(anonymous_49)
FNDA:0,(anonymous_50)
FNDA:0,(anonymous_51)
FNDA:0,(anonymous_52)
FNDA:0,(anonymous_53)
FNDA:0,(anonymous_54)
FNDA:0,(anonymous_55)
FNDA:0,(anonymous_56)
FNDA:0,(anonymous_57)
FNDA:0,(anonymous_58)
DA:9,1
DA:10,1
DA:11,1
DA:12,1
DA:13,1
DA:14,1
DA:20,1
DA:21,1
DA:22,1
DA:23,1
DA:24,1
DA:25,1
DA:26,1
DA:109,1
DA:111,7
DA:112,7
DA:113,7
DA:114,7
DA:118,7
DA:119,0
DA:122,7
DA:135,5
DA:136,0
DA:140,5
DA:141,0
DA:144,5
DA:145,0
DA:148,5
DA:149,5
DA:151,5
DA:153,5
DA:155,5
DA:156,5
DA:168,5
DA:170,5
DA:172,0
DA:173,0
DA:185,0
DA:186,0
DA:198,8
DA:209,4
DA:210,2
DA:214,2
DA:225,4
DA:236,0
DA:247,0
DA:248,0
DA:251,0
DA:262,0
DA:273,0
DA:274,0
DA:278,0
DA:280,0
DA:281,0
DA:301,0
DA:302,0
DA:305,0
DA:319,4
DA:320,0
DA:324,4
DA:325,0
DA:328,4
DA:329,0
DA:333,4
DA:350,0
DA:358,1
DA:359,3
DA:362,3
DA:370,2
DA:371,2
DA:374,2
DA:375,2
DA:376,2
DA:377,0
DA:380,2
DA:381,2
DA:382,2
DA:385,2
DA:386,1
DA:389,2
DA:392,2
DA:393,0
DA:394,0
DA:398,2
DA:399,1
DA:402,2
DA:407,3
DA:409,3
DA:410,3
DA:411,3
DA:414,0
DA:418,0
DA:419,0
DA:420,0
DA:425,0
DA:432,0
DA:437,0
DA:438,0
DA:441,0
DA:448,0
DA:449,0
DA:452,0
DA:460,1
DA:461,0
DA:464,0
DA:472,0
DA:473,0
DA:476,0
DA:477,0
DA:478,0
DA:479,0
DA:482,0
DA:483,0
DA:484,0
DA:485,0
DA:487,0
DA:489,0
DA:490,0
DA:493,0
DA:496,0
DA:497,0
DA:498,0
DA:499,0
DA:500,0
DA:503,0
DA:504,0
DA:507,0
DA:508,0
DA:509,0
DA:510,0
DA:511,0
DA:512,0
DA:513,0
DA:520,0
DA:521,0
DA:526,0
DA:528,0
DA:529,0
DA:530,0
DA:533,0
DA:537,0
DA:538,0
DA:539,0
DA:540,0
DA:545,0
DA:551,0
DA:556,0
DA:557,0
DA:560,0
DA:564,0
DA:565,0
DA:568,0
DA:572,0
DA:573,0
DA:576,0
DA:580,0
DA:581,0
DA:590,1
DA:592,4
DA:601,3
DA:602,3
DA:603,3
DA:604,3
DA:606,3
DA:608,3
DA:609,1
DA:612,3
DA:617,3
DA:619,3
DA:620,0
DA:623,3
DA:624,1
DA:627,3
DA:629,3
DA:630,1
DA:633,3
DA:635,0
DA:636,0
DA:641,0
DA:643,0
DA:644,0
DA:646,0
DA:651,0
DA:656,0
DA:657,0
DA:661,0
DA:662,0
DA:664,0
DA:665,0
DA:666,0
DA:668,0
DA:671,0
DA:675,0
DA:676,0
DA:679,0
DA:680,0
DA:683,0
DA:691,1
DA:693,0
DA:702,0
DA:703,0
DA:704,0
DA:705,0
DA:707,0
DA:708,0
DA:709,0
DA:712,0
DA:717,0
DA:719,0
DA:720,0
DA:723,0
DA:724,0
DA:727,0
DA:729,0
DA:730,0
DA:733,0
DA:735,0
DA:736,0
DA:741,0
DA:742,0
DA:745,0
DA:749,0
DA:753,0
DA:758,0
DA:759,0
DA:762,0
DA:766,0
DA:767,0
DA:770,0
DA:774,0
DA:775,0
DA:778,0
DA:779,0
DA:781,0
DA:782,0
DA:783,0
DA:784,0
DA:787,0
DA:788,0
DA:793,0
LF:240
LH:82
BRDA:9,0,0,1
BRDA:9,0,1,1
BRDA:20,1,0,1
BRDA:20,1,1,1
BRDA:118,2,0,0
BRDA:118,2,1,7
BRDA:118,3,0,7
BRDA:118,3,1,7
BRDA:118,3,2,7
BRDA:133,4,0,0
BRDA:135,5,0,0
BRDA:135,5,1,5
BRDA:140,6,0,0
BRDA:140,6,1,5
BRDA:140,7,0,5
BRDA:140,7,1,0
BRDA:140,8,0,0
BRDA:140,8,1,0
BRDA:144,9,0,0
BRDA:144,9,1,5
BRDA:178,10,0,0
BRDA:178,10,1,0
BRDA:209,11,0,2
BRDA:209,11,1,2
BRDA:214,12,0,2
BRDA:214,12,1,2
BRDA:247,13,0,0
BRDA:247,13,1,0
BRDA:273,14,0,0
BRDA:273,14,1,0
BRDA:301,15,0,0
BRDA:301,15,1,0
BRDA:319,16,0,0
BRDA:319,16,1,4
BRDA:324,17,0,0
BRDA:324,17,1,4
BRDA:328,18,0,0
BRDA:328,18,1,4
BRDA:365,19,0,3
BRDA:365,19,1,3
BRDA:374,20,0,2
BRDA:374,20,1,0
BRDA:375,21,0,2
BRDA:375,21,1,1
BRDA:385,22,0,1
BRDA:385,22,1,1
BRDA:385,23,0,2
BRDA:385,23,1,2
BRDA:398,24,0,1
BRDA:398,24,1,1
BRDA:398,25,0,2
BRDA:398,25,1,2
BRDA:407,26,0,3
BRDA:407,26,1,0
BRDA:409,27,0,3
BRDA:409,27,1,3
BRDA:410,28,0,3
BRDA:410,28,1,3
BRDA:418,29,0,0
BRDA:418,29,1,0
BRDA:425,30,0,0
BRDA:425,30,1,0
BRDA:425,30,2,0
BRDA:425,30,3,0
BRDA:437,31,0,0
BRDA:437,31,1,0
BRDA:442,32,0,0
BRDA:442,32,1,0
BRDA:443,33,0,0
BRDA:443,33,1,0
BRDA:448,34,0,0
BRDA:448,34,1,0
BRDA:467,35,0,0
BRDA:467,35,1,0
BRDA:476,36,0,0
BRDA:476,36,1,0
BRDA:477,37,0,0
BRDA:477,37,1,0
BRDA:489,38,0,0
BRDA:489,38,1,0
BRDA:489,39,0,0
BRDA:489,39,1,0
BRDA:507,40,0,0
BRDA:507,40,1,0
BRDA:507,41,0,0
BRDA:507,41,1,0
BRDA:510,42,0,0
BRDA:510,42,1,0
BRDA:512,43,0,0
BRDA:512,43,1,0
BRDA:512,44,0,0
BRDA:512,44,1,0
BRDA:526,45,0,0
BRDA:526,45,1,0
BRDA:526,46,0,0
BRDA:526,46,1,0
BRDA:537,47,0,0
BRDA:537,47,1,0
BRDA:545,48,0,0
BRDA:545,48,1,0
BRDA:545,48,2,0
BRDA:556,49,0,0
BRDA:556,49,1,0
BRDA:564,50,0,0
BRDA:564,50,1,0
BRDA:572,51,0,0
BRDA:572,51,1,0
BRDA:580,52,0,0
BRDA:580,52,1,0
BRDA:595,53,0,4
BRDA:595,53,1,4
BRDA:601,54,0,3
BRDA:601,54,1,0
BRDA:602,55,0,3
BRDA:602,55,1,1
BRDA:608,56,0,1
BRDA:608,56,1,2
BRDA:608,57,0,3
BRDA:608,57,1,3
BRDA:614,58,0,3
BRDA:614,58,1,3
BRDA:619,59,0,0
BRDA:619,59,1,3
BRDA:623,60,0,1
BRDA:623,60,1,2
BRDA:623,61,0,3
BRDA:623,61,1,3
BRDA:629,62,0,1
BRDA:629,62,1,2
BRDA:629,63,0,3
BRDA:629,63,1,3
BRDA:656,64,0,0
BRDA:656,64,1,0
BRDA:665,65,0,0
BRDA:665,65,1,0
BRDA:665,66,0,0
BRDA:665,66,1,0
BRDA:675,67,0,0
BRDA:675,67,1,0
BRDA:679,68,0,0
BRDA:679,68,1,0
BRDA:679,69,0,0
BRDA:679,69,1,0
BRDA:696,70,0,0
BRDA:696,70,1,0
BRDA:702,71,0,0
BRDA:702,71,1,0
BRDA:703,72,0,0
BRDA:703,72,1,0
BRDA:708,73,0,0
BRDA:708,73,1,0
BRDA:708,74,0,0
BRDA:708,74,1,0
BRDA:714,75,0,0
BRDA:714,75,1,0
BRDA:719,76,0,0
BRDA:719,76,1,0
BRDA:723,77,0,0
BRDA:723,77,1,0
BRDA:723,78,0,0
BRDA:723,78,1,0
BRDA:729,79,0,0
BRDA:729,79,1,0
BRDA:729,80,0,0
BRDA:729,80,1,0
BRDA:741,81,0,0
BRDA:741,81,1,0
BRDA:749,82,0,0
BRDA:749,82,1,0
BRDA:758,83,0,0
BRDA:758,83,1,0
BRDA:766,84,0,0
BRDA:766,84,1,0
BRDA:774,85,0,0
BRDA:774,85,1,0
BRDA:782,86,0,0
BRDA:782,86,1,0
BRDA:783,87,0,0
BRDA:783,87,1,0
BRDA:787,88,0,0
BRDA:787,88,1,0
BRF:181
BRH:57
end_of_record
TN:
SF:src/typescript/core/combat/CombatExtensions.ts
FN:154,(anonymous_0)
FN:162,(anonymous_1)
FN:166,(anonymous_2)
FN:170,(anonymous_3)
FN:196,(anonymous_4)
FN:225,(anonymous_5)
FN:239,(anonymous_6)
FN:254,(anonymous_7)
FN:259,(anonymous_8)
FN:281,(anonymous_9)
FN:291,(anonymous_10)
FN:308,(anonymous_11)
FN:316,(anonymous_12)
FN:320,(anonymous_13)
FN:325,(anonymous_14)
FN:330,(anonymous_15)
FN:335,(anonymous_16)
FN:343,(anonymous_17)
FN:357,(anonymous_18)
FN:370,(anonymous_19)
FN:374,(anonymous_20)
FN:375,(anonymous_21)
FN:378,(anonymous_22)
FN:395,(anonymous_23)
FN:404,(anonymous_24)
FN:424,(anonymous_25)
FN:429,(anonymous_26)
FN:434,(anonymous_27)
FN:439,(anonymous_28)
FN:453,(anonymous_29)
FN:460,(anonymous_30)
FN:464,(anonymous_31)
FN:468,(anonymous_32)
FN:472,(anonymous_33)
FN:473,(anonymous_34)
FN:478,(anonymous_35)
FN:489,(anonymous_36)
FN:504,(anonymous_37)
FN:514,(anonymous_38)
FN:527,registerCombatExtensionPoints
FN:533,(anonymous_40)
FNF:41
FNH:20
FNDA:7,(anonymous_0)
FNDA:3,(anonymous_1)
FNDA:3,(anonymous_2)
FNDA:0,(anonymous_3)
FNDA:2,(anonymous_4)
FNDA:1,(anonymous_5)
FNDA:1,(anonymous_6)
FNDA:0,(anonymous_7)
FNDA:2,(anonymous_8)
FNDA:1,(anonymous_9)
FNDA:1,(anonymous_10)
FNDA:6,(anonymous_11)
FNDA:0,(anonymous_12)
FNDA:3,(anonymous_13)
FNDA:0,(anonymous_14)
FNDA:0,(anonymous_15)
FNDA:0,(anonymous_16)
FNDA:1,(anonymous_17)
FNDA:1,(anonymous_18)
FNDA:6,(anonymous_19)
FNDA:0,(anonymous_20)
FNDA:0,(anonymous_21)
FNDA:0,(anonymous_22)
FNDA:0,(anonymous_23)
FNDA:0,(anonymous_24)
FNDA:0,(anonymous_25)
FNDA:0,(anonymous_26)
FNDA:0,(anonymous_27)
FNDA:0,(anonymous_28)
FNDA:6,(anonymous_29)
FNDA:3,(anonymous_30)
FNDA:2,(anonymous_31)
FNDA:4,(anonymous_32)
FNDA:0,(anonymous_33)
FNDA:0,(anonymous_34)
FNDA:6,(anonymous_35)
FNDA:0,(anonymous_36)
FNDA:0,(anonymous_37)
FNDA:0,(anonymous_38)
FNDA:0,registerCombatExtensionPoints
FNDA:1,(anonymous_40)
DA:6,1
DA:19,1
DA:153,1
DA:155,7
DA:163,3
DA:167,3
DA:171,0
DA:172,0
DA:175,0
DA:176,0
DA:180,0
DA:181,0
DA:182,0
DA:183,0
DA:188,0
DA:193,0
DA:197,2
DA:198,2
DA:199,2
DA:201,2
DA:202,0
DA:206,2
DA:209,2
DA:212,2
DA:213,0
DA:214,0
DA:219,2
DA:222,2
DA:226,1
DA:228,1
DA:240,1
DA:241,1
DA:243,1
DA:251,1
DA:256,0
DA:260,2
DA:263,2
DA:264,0
DA:265,1
DA:266,0
DA:267,1
DA:271,2
DA:272,1
DA:273,0
DA:274,1
DA:275,0
DA:278,2
DA:282,1
DA:283,1
DA:286,1
DA:288,1
DA:292,1
DA:293,1
DA:294,1
DA:296,1
DA:297,1
DA:299,0
DA:307,1
DA:309,6
DA:317,0
DA:321,3
DA:326,0
DA:327,0
DA:332,0
DA:336,0
DA:344,1
DA:346,1
DA:354,1
DA:359,1
DA:360,1
DA:362,1
DA:369,1
DA:371,6
DA:374,6
DA:375,6
DA:380,0
DA:381,0
DA:382,0
DA:383,0
DA:386,0
DA:394,1
DA:396,0
DA:405,0
DA:407,0
DA:408,0
DA:411,0
DA:412,0
DA:415,0
DA:416,0
DA:419,0
DA:420,0
DA:425,0
DA:426,0
DA:430,0
DA:431,0
DA:435,0
DA:436,0
DA:440,0
DA:441,0
DA:449,1
DA:454,6
DA:455,6
DA:457,6
DA:461,3
DA:465,2
DA:469,4
DA:473,0
DA:474,0
DA:480,6
DA:481,6
DA:488,1
DA:495,0
DA:503,1
DA:505,0
DA:513,1
DA:515,0
DA:527,1
DA:533,2
LF:118
LH:66
BRDA:175,0,0,0
BRDA:175,0,1,0
BRDA:180,1,0,0
BRDA:180,1,1,0
BRDA:182,2,0,0
BRDA:182,2,1,0
BRDA:182,3,0,0
BRDA:182,3,1,0
BRDA:188,4,0,0
BRDA:188,4,1,0
BRDA:201,5,0,0
BRDA:201,5,1,2
BRDA:213,6,0,0
BRDA:213,6,1,0
BRDA:226,7,0,0
BRDA:226,7,1,1
BRDA:245,8,0,1
BRDA:245,8,1,0
BRDA:263,9,0,0
BRDA:263,9,1,1
BRDA:263,9,2,0
BRDA:263,9,3,1
BRDA:271,10,0,1
BRDA:271,10,1,0
BRDA:271,10,2,1
BRDA:271,10,3,0
BRDA:293,11,0,1
BRDA:293,11,1,0
BRDA:296,12,0,1
BRDA:296,12,1,0
BRDA:321,13,0,3
BRDA:321,13,1,1
BRDA:359,14,0,1
BRDA:359,14,1,0
BRDA:382,15,0,0
BRDA:382,15,1,0
BRDA:405,16,0,0
BRDA:405,16,1,0
BRDA:405,16,2,0
BRDA:405,16,3,0
BRDA:426,17,0,0
BRDA:426,17,1,0
BRDA:441,18,0,0
BRDA:441,18,1,0
BRF:44
BRH:12
end_of_record
TN:
SF:src/typescript/core/combat/CombatParticipant.ts
FN:93,(anonymous_0)
FN:104,(anonymous_1)
FN:108,(anonymous_2)
FN:112,(anonymous_3)
FN:116,(anonymous_4)
FN:120,(anonymous_5)
FN:125,(anonymous_6)
FN:129,(anonymous_7)
FN:133,(anonymous_8)
FN:137,(anonymous_9)
FN:141,(anonymous_10)
FN:149,(anonymous_11)
FN:154,(anonymous_12)
FN:158,(anonymous_13)
FN:162,(anonymous_14)
FN:166,(anonymous_15)
FN:170,(anonymous_16)
FN:174,(anonymous_17)
FN:178,(anonymous_18)
FN:183,(anonymous_19)
FN:194,(anonymous_20)
FN:198,(anonymous_21)
FN:202,(anonymous_22)
FN:206,(anonymous_23)
FN:211,(anonymous_24)
FN:215,(anonymous_25)
FN:219,(anonymous_26)
FN:223,(anonymous_27)
FN:228,(anonymous_28)
FN:232,(anonymous_29)
FN:236,(anonymous_30)
FN:240,(anonymous_31)
FN:244,(anonymous_32)
FN:248,(anonymous_33)
FN:253,(anonymous_34)
FN:257,(anonymous_35)
FN:261,(anonymous_36)
FN:269,(anonymous_37)
FN:273,(anonymous_38)
FN:277,(anonymous_39)
FN:286,(anonymous_40)
FN:292,(anonymous_41)
FN:296,(anonymous_42)
FN:301,(anonymous_43)
FNF:44
FNH:9
FNDA:8,(anonymous_0)
FNDA:0,(anonymous_1)
FNDA:2,(anonymous_2)
FNDA:0,(anonymous_3)
FNDA:0,(anonymous_4)
FNDA:0,(anonymous_5)
FNDA:5,(anonymous_6)
FNDA:0,(anonymous_7)
FNDA:0,(anonymous_8)
FNDA:0,(anonymous_9)
FNDA:0,(anonymous_10)
FNDA:0,(anonymous_11)
FNDA:0,(anonymous_12)
FNDA:0,(anonymous_13)
FNDA:0,(anonymous_14)
FNDA:1,(anonymous_15)
FNDA:0,(anonymous_16)
FNDA:0,(anonymous_17)
FNDA:0,(anonymous_18)
FNDA:0,(anonymous_19)
FNDA:2,(anonymous_20)
FNDA:2,(anonymous_21)
FNDA:0,(anonymous_22)
FNDA:0,(anonymous_23)
FNDA:6,(anonymous_24)
FNDA:0,(anonymous_25)
FNDA:0,(anonymous_26)
FNDA:24,(anonymous_27)
FNDA:0,(anonymous_28)
FNDA:0,(anonymous_29)
FNDA:0,(anonymous_30)
FNDA:0,(anonymous_31)
FNDA:0,(anonymous_32)
FNDA:0,(anonymous_33)
FNDA:0,(anonymous_34)
FNDA:0,(anonymous_35)
FNDA:0,(anonymous_36)
FNDA:0,(anonymous_37)
FNDA:0,(anonymous_38)
FNDA:0,(anonymous_39)
FNDA:16,(anonymous_40)
FNDA:0,(anonymous_41)
FNDA:0,(anonymous_42)
FNDA:0,(anonymous_43)
DA:78,1
DA:86,8
DA:87,8
DA:88,8
DA:94,8
DA:95,8
DA:96,8
DA:97,8
DA:98,8
DA:99,8
DA:100,8
DA:105,0
DA:109,2
DA:113,0
DA:117,0
DA:121,0
DA:126,5
DA:130,0
DA:134,0
DA:138,0
DA:142,0
DA:143,0
DA:144,0
DA:146,0
DA:150,0
DA:155,0
DA:159,0
DA:163,0
DA:167,1
DA:171,0
DA:175,0
DA:179,0
DA:180,0
DA:184,0
DA:185,0
DA:186,0
DA:187,0
DA:188,0
DA:190,0
DA:195,2
DA:199,2
DA:203,0
DA:207,0
DA:212,6
DA:216,0
DA:220,0
DA:224,24
DA:229,0
DA:233,0
DA:237,0
DA:241,0
DA:245,0
DA:249,0
DA:254,0
DA:258,0
DA:262,0
DA:263,0
DA:264,0
DA:265,0
DA:270,0
DA:274,0
DA:278,0
DA:279,0
DA:280,0
DA:281,0
DA:283,0
DA:287,16
DA:288,16
DA:293,0
DA:302,0
LF:70
LH:20
BRDA:121,0,0,0
BRDA:121,0,1,0
BRDA:142,1,0,0
BRDA:142,1,1,0
BRDA:155,2,0,0
BRDA:155,2,1,0
BRDA:179,3,0,0
BRDA:179,3,1,0
BRDA:180,4,0,0
BRDA:180,4,1,0
BRDA:184,5,0,0
BRDA:184,5,1,0
BRDA:185,6,0,0
BRDA:185,6,1,0
BRDA:186,7,0,0
BRDA:186,7,1,0
BRDA:199,8,0,2
BRDA:199,8,1,0
BRDA:203,9,0,0
BRDA:203,9,1,0
BRDA:207,10,0,0
BRDA:207,10,1,0
BRDA:212,11,0,6
BRDA:212,11,1,2
BRDA:237,12,0,0
BRDA:237,12,1,0
BRDA:237,12,2,0
BRDA:270,13,0,0
BRDA:270,13,1,0
BRDA:274,14,0,0
BRDA:274,14,1,0
BRDA:278,15,0,0
BRDA:278,15,1,0
BRDA:279,16,0,0
BRDA:279,16,1,0
BRDA:286,17,0,0
BRDA:287,18,0,16
BRDA:287,18,1,16
BRF:38
BRH:5
end_of_record
TN:
SF:src/typescript/core/combat/CombatTypes.ts
FN:9,(anonymous_0)
FNF:1
FNH:1
FNDA:1,(anonymous_0)
DA:9,1
DA:10,1
DA:11,1
DA:12,1
DA:13,1
DA:14,1
DA:15,1
DA:16,1
DA:17,1
DA:18,1
DA:19,1
LF:11
LH:11
BRDA:9,0,0,1
BRDA:9,0,1,1
BRF:2
BRH:2
end_of_record
TN:
SF:src/typescript/core/combat/LSPCombatSystem.ts
FN:93,(anonymous_0)
FN:130,(anonymous_1)
FN:162,(anonymous_2)
FN:173,(anonymous_3)
FN:190,(anonymous_4)
FN:207,(anonymous_5)
FN:222,(anonymous_6)
FN:260,(anonymous_7)
FN:276,(anonymous_8)
FN:301,(anonymous_9)
FN:320,(anonymous_10)
FN:338,(anonymous_11)
FN:353,(anonymous_12)
FN:362,(anonymous_13)
FN:370,(anonymous_14)
FN:445,(anonymous_15)
FN:460,(anonymous_16)
FN:464,(anonymous_17)
FN:478,(anonymous_18)
FN:491,(anonymous_19)
FN:499,(anonymous_20)
FN:573,(anonymous_21)
FN:581,(anonymous_22)
FN:595,(anonymous_23)
FN:608,(anonymous_24)
FN:616,(anonymous_25)
FN:700,(anonymous_26)
FN:709,(anonymous_27)
FN:713,(anonymous_28)
FNF:29
FNH:19
FNDA:12,(anonymous_0)
FNDA:8,(anonymous_1)
FNDA:43,(anonymous_2)
FNDA:12,(anonymous_3)
FNDA:0,(anonymous_4)
FNDA:0,(anonymous_5)
FNDA:0,(anonymous_6)
FNDA:4,(anonymous_7)
FNDA:16,(anonymous_8)
FNDA:4,(anonymous_9)
FNDA:4,(anonymous_10)
FNDA:4,(anonymous_11)
FNDA:5,(anonymous_12)
FNDA:13,(anonymous_13)
FNDA:2,(anonymous_14)
FNDA:2,(anonymous_15)
FNDA:0,(anonymous_16)
FNDA:0,(anonymous_17)
FNDA:4,(anonymous_18)
FNDA:8,(anonymous_19)
FNDA:2,(anonymous_20)
FNDA:0,(anonymous_21)
FNDA:0,(anonymous_22)
FNDA:3,(anonymous_23)
FNDA:7,(anonymous_24)
FNDA:1,(anonymous_25)
FNDA:0,(anonymous_26)
FNDA:0,(anonymous_27)
FNDA:0,(anonymous_28)
DA:82,1
DA:85,12
DA:98,12
DA:99,0
DA:102,12
DA:103,12
DA:104,12
DA:132,8
DA:133,0
DA:136,8
DA:137,8
DA:140,8
DA:142,8
DA:163,43
DA:174,12
DA:191,0
DA:192,0
DA:195,0
DA:196,0
DA:208,0
DA:209,0
DA:210,0
DA:223,0
DA:224,0
DA:227,0
DA:228,0
DA:231,0
DA:233,0
DA:261,4
DA:262,0
DA:266,4
DA:277,16
DA:280,16
DA:281,0
DA:283,16
DA:284,0
DA:286,16
DA:287,0
DA:290,16
DA:302,4
DA:303,4
DA:306,4
DA:307,4
DA:309,4
DA:321,4
DA:322,4
DA:325,4
DA:328,4
DA:339,4
DA:340,4
DA:348,1
DA:350,5
DA:351,5
DA:358,5
DA:359,5
DA:363,13
DA:372,2
DA:373,0
DA:383,2
DA:389,2
DA:390,0
DA:400,2
DA:401,2
DA:403,2
DA:404,0
DA:414,2
DA:415,2
DA:417,2
DA:418,0
DA:422,2
DA:425,2
DA:427,2
DA:446,2
DA:449,2
DA:450,2
DA:451,0
DA:453,0
DA:454,0
DA:455,0
DA:456,0
DA:461,0
DA:465,0
DA:473,1
DA:485,4
DA:486,4
DA:487,4
DA:488,4
DA:492,8
DA:501,2
DA:502,0
DA:513,2
DA:514,2
DA:520,2
DA:521,0
DA:531,2
DA:532,2
DA:534,2
DA:535,0
DA:545,2
DA:546,2
DA:548,2
DA:549,1
DA:553,2
DA:555,2
DA:574,0
DA:582,0
DA:590,1
DA:602,3
DA:603,3
DA:604,3
DA:605,3
DA:609,7
DA:618,1
DA:619,0
DA:630,1
DA:631,1
DA:641,0
DA:647,0
DA:648,0
DA:658,0
DA:659,0
DA:661,0
DA:662,0
DA:672,0
DA:673,0
DA:675,0
DA:676,0
DA:680,0
DA:682,0
DA:701,0
DA:702,0
DA:703,0
DA:705,0
DA:710,0
DA:714,0
LF:135
LH:80
BRDA:98,0,0,0
BRDA:98,0,1,12
BRDA:132,1,0,0
BRDA:132,1,1,8
BRDA:177,2,0,12
BRDA:177,2,1,11
BRDA:191,3,0,0
BRDA:191,3,1,0
BRDA:191,4,0,0
BRDA:191,4,1,0
BRDA:195,5,0,0
BRDA:195,5,1,0
BRDA:209,6,0,0
BRDA:209,6,1,0
BRDA:223,7,0,0
BRDA:223,7,1,0
BRDA:261,8,0,0
BRDA:261,8,1,4
BRDA:261,9,0,4
BRDA:261,9,1,4
BRDA:266,10,0,4
BRDA:266,10,1,4
BRDA:280,11,0,0
BRDA:280,11,1,16
BRDA:283,12,0,0
BRDA:283,12,1,16
BRDA:286,13,0,0
BRDA:286,13,1,16
BRDA:372,14,0,0
BRDA:372,14,1,2
BRDA:372,15,0,2
BRDA:372,15,1,2
BRDA:389,16,0,0
BRDA:389,16,1,2
BRDA:403,17,0,0
BRDA:403,17,1,2
BRDA:417,18,0,0
BRDA:417,18,1,2
BRDA:432,19,0,0
BRDA:432,19,1,2
BRDA:450,20,0,0
BRDA:450,20,1,2
BRDA:482,21,0,4
BRDA:483,22,0,4
BRDA:501,23,0,0
BRDA:501,23,1,2
BRDA:501,24,0,2
BRDA:501,24,1,2
BRDA:515,25,0,0
BRDA:515,25,1,2
BRDA:520,26,0,0
BRDA:520,26,1,2
BRDA:534,27,0,0
BRDA:534,27,1,2
BRDA:548,28,0,1
BRDA:548,28,1,1
BRDA:560,29,0,1
BRDA:560,29,1,1
BRDA:600,30,0,3
BRDA:618,31,0,0
BRDA:618,31,1,1
BRDA:618,32,0,1
BRDA:618,32,1,1
BRDA:630,33,0,1
BRDA:630,33,1,0
BRDA:630,34,0,1
BRDA:630,34,1,1
BRDA:647,35,0,0
BRDA:647,35,1,0
BRDA:661,36,0,0
BRDA:661,36,1,0
BRDA:675,37,0,0
BRDA:675,37,1,0
BRDA:687,38,0,0
BRDA:687,38,1,0
BRDA:702,39,0,0
BRDA:702,39,1,0
BRF:77
BRH:39
end_of_record
TN:
SF:src/typescript/core/extensions/EventSystem.ts
FN:88,(anonymous_0)
FN:96,(anonymous_1)
FN:100,(anonymous_2)
FN:116,(anonymous_3)
FN:123,(anonymous_4)
FN:127,(anonymous_5)
FN:135,(anonymous_6)
FN:139,(anonymous_7)
FN:154,(anonymous_8)
FN:160,(anonymous_9)
FN:182,(anonymous_10)
FN:198,(anonymous_11)
FN:214,(anonymous_12)
FN:219,(anonymous_13)
FN:223,(anonymous_14)
FN:227,(anonymous_15)
FN:228,(anonymous_16)
FN:231,(anonymous_17)
FN:244,(anonymous_18)
FN:249,(anonymous_19)
FN:255,(anonymous_20)
FN:259,(anonymous_21)
FNF:22
FNH:14
FNDA:9,(anonymous_0)
FNDA:8,(anonymous_1)
FNDA:1,(anonymous_2)
FNDA:9,(anonymous_3)
FNDA:7,(anonymous_4)
FNDA:8,(anonymous_5)
FNDA:9,(anonymous_6)
FNDA:7,(anonymous_7)
FNDA:0,(anonymous_8)
FNDA:0,(anonymous_9)
FNDA:9,(anonymous_10)
FNDA:0,(anonymous_11)
FNDA:6,(anonymous_12)
FNDA:0,(anonymous_13)
FNDA:9,(anonymous_14)
FNDA:7,(anonymous_15)
FNDA:2,(anonymous_16)
FNDA:2,(anonymous_17)
FNDA:0,(anonymous_18)
FNDA:0,(anonymous_19)
FNDA:0,(anonymous_20)
FNDA:0,(anonymous_21)
DA:79,1
DA:86,9
DA:89,9
DA:90,9
DA:91,9
DA:92,9
DA:93,9
DA:97,8
DA:101,1
DA:102,1
DA:104,0
DA:112,1
DA:117,9
DA:118,9
DA:124,7
DA:128,8
DA:135,1
DA:136,9
DA:137,9
DA:140,7
DA:143,7
DA:144,10
DA:145,8
DA:147,10
DA:151,7
DA:156,0
DA:157,0
DA:161,0
DA:162,0
DA:163,0
DA:167,0
DA:168,0
DA:169,0
DA:170,0
DA:171,0
DA:172,0
DA:175,0
DA:176,0
DA:183,9
DA:185,9
DA:186,7
DA:187,1
DA:190,6
DA:191,6
DA:193,0
DA:199,0
DA:201,0
DA:202,0
DA:203,0
DA:206,0
DA:207,0
DA:209,0
DA:215,6
DA:216,6
DA:220,0
DA:224,9
DA:228,7
DA:230,7
DA:231,10
DA:245,0
DA:246,0
DA:250,0
DA:251,0
DA:256,0
DA:260,0
DA:267,1
LF:66
LH:37
BRDA:88,0,0,2
BRDA:101,1,0,1
BRDA:101,1,1,0
BRDA:116,2,0,0
BRDA:144,3,0,8
BRDA:144,3,1,2
BRDA:162,4,0,0
BRDA:162,4,1,0
BRDA:169,5,0,0
BRDA:169,5,1,0
BRDA:171,6,0,0
BRDA:171,6,1,0
BRDA:175,7,0,0
BRDA:175,7,1,0
BRDA:186,8,0,1
BRDA:186,8,1,6
BRDA:202,9,0,0
BRDA:202,9,1,0
BRDA:214,10,0,6
BRDA:224,11,0,9
BRDA:224,11,1,4
BRDA:250,12,0,0
BRDA:250,12,1,0
BRF:23
BRH:9
end_of_record
TN:
SF:src/typescript/core/extensions/ExtensionManager.ts
FN:64,(anonymous_4)
FN:142,(anonymous_5)
FN:151,(anonymous_6)
FN:155,(anonymous_7)
FN:159,(anonymous_8)
FN:163,(anonymous_9)
FN:167,(anonymous_10)
FN:183,(anonymous_11)
FN:221,(anonymous_12)
FN:225,(anonymous_13)
FN:243,(anonymous_14)
FN:261,(anonymous_15)
FN:265,(anonymous_16)
FN:269,(anonymous_17)
FN:273,(anonymous_18)
FN:333,(anonymous_19)
FN:343,(anonymous_20)
FN:353,(anonymous_21)
FN:363,(anonymous_22)
FN:372,(anonymous_23)
FN:387,Extension
FN:388,(anonymous_25)
FN:407,Plugin
FN:415,Strategy
FN:423,Factory
FN:434,(anonymous_29)
FN:447,(anonymous_30)
FN:454,(anonymous_31)
FN:466,(anonymous_32)
FN:478,(anonymous_33)
FN:484,(anonymous_34)
FNF:31
FNH:12
FNDA:1,(anonymous_4)
FNDA:5,(anonymous_5)
FNDA:4,(anonymous_6)
FNDA:2,(anonymous_7)
FNDA:1,(anonymous_8)
FNDA:2,(anonymous_9)
FNDA:1,(anonymous_10)
FNDA:0,(anonymous_11)
FNDA:0,(anonymous_12)
FNDA:3,(anonymous_13)
FNDA:0,(anonymous_14)
FNDA:3,(anonymous_15)
FNDA:1,(anonymous_16)
FNDA:1,(anonymous_17)
FNDA:5,(anonymous_18)
FNDA:0,(anonymous_19)
FNDA:0,(anonymous_20)
FNDA:0,(anonymous_21)
FNDA:0,(anonymous_22)
FNDA:0,(anonymous_23)
FNDA:0,Extension
FNDA:0,(anonymous_25)
FNDA:0,Plugin
FNDA:0,Strategy
FNDA:0,Factory
FNDA:0,(anonymous_29)
FNDA:0,(anonymous_30)
FNDA:0,(anonymous_31)
FNDA:0,(anonymous_32)
FNDA:0,(anonymous_33)
FNDA:0,(anonymous_34)
DA:6,1
DA:14,1
DA:23,1
DA:31,1
DA:64,1
DA:65,1
DA:66,1
DA:67,1
DA:68,1
DA:69,1
DA:70,1
DA:132,1
DA:138,5
DA:139,5
DA:140,5
DA:143,5
DA:144,5
DA:145,5
DA:146,5
DA:148,5
DA:152,4
DA:156,2
DA:160,1
DA:164,2
DA:168,1
DA:169,0
DA:172,1
DA:173,1
DA:176,1
DA:184,0
DA:186,0
DA:187,0
DA:191,0
DA:193,0
DA:194,0
DA:197,0
DA:198,0
DA:201,0
DA:202,0
DA:205,0
DA:206,0
DA:209,0
DA:210,0
DA:214,0
DA:222,0
DA:226,3
DA:227,0
DA:231,3
DA:234,3
DA:240,3
DA:244,0
DA:245,0
DA:249,0
DA:256,0
DA:258,0
DA:262,3
DA:266,1
DA:270,1
DA:275,5
DA:327,5
DA:328,35
DA:329,35
DA:334,0
DA:335,0
DA:337,0
DA:339,0
DA:340,0
DA:344,0
DA:345,0
DA:347,0
DA:349,0
DA:350,0
DA:354,0
DA:355,0
DA:357,0
DA:359,0
DA:360,0
DA:364,0
DA:366,0
DA:368,0
DA:369,0
DA:373,0
DA:374,0
DA:381,1
DA:387,1
DA:388,0
DA:390,0
DA:397,0
DA:399,0
DA:407,1
DA:408,0
DA:415,1
DA:416,0
DA:423,1
DA:424,0
DA:430,1
DA:441,0
DA:448,0
DA:455,0
DA:473,0
DA:474,0
DA:475,0
DA:479,0
DA:480,0
DA:485,0
DA:486,0
DA:492,1
DA:493,1
DA:494,1
DA:495,1
LF:110
LH:49
BRDA:64,0,0,1
BRDA:64,0,1,1
BRDA:168,1,0,0
BRDA:168,1,1,1
BRDA:186,2,0,0
BRDA:186,2,1,0
BRDA:191,3,0,0
BRDA:191,3,1,0
BRDA:191,3,2,0
BRDA:191,3,3,0
BRDA:191,3,4,0
BRDA:222,4,0,0
BRDA:222,4,1,0
BRDA:226,5,0,0
BRDA:226,5,1,3
BRDA:244,6,0,0
BRDA:244,6,1,0
BRDA:345,7,0,0
BRDA:345,7,1,0
BRDA:392,8,0,0
BRDA:392,8,1,0
BRDA:415,9,0,0
BRDA:479,10,0,0
BRDA:479,10,1,0
BRDA:485,11,0,0
BRDA:485,11,1,0
BRF:26
BRH:4
end_of_record
TN:
SF:src/typescript/core/extensions/FactorySystem.ts
FN:78,(anonymous_0)
FN:83,(anonymous_1)
FN:87,(anonymous_2)
FN:101,(anonymous_3)
FN:107,(anonymous_4)
FN:118,(anonymous_5)
FN:122,(anonymous_6)
FN:126,(anonymous_7)
FN:130,(anonymous_8)
FN:134,(anonymous_9)
FN:142,(anonymous_10)
FN:145,(anonymous_11)
FN:149,(anonymous_12)
FN:153,(anonymous_13)
FN:157,(anonymous_14)
FN:166,(anonymous_15)
FN:169,(anonymous_16)
FN:173,(anonymous_17)
FN:178,(anonymous_18)
FN:193,(anonymous_19)
FN:206,(anonymous_20)
FN:210,(anonymous_21)
FN:221,(anonymous_22)
FN:225,(anonymous_23)
FN:229,(anonymous_24)
FN:233,(anonymous_25)
FN:246,(anonymous_26)
FN:250,(anonymous_27)
FN:255,(anonymous_28)
FN:262,(anonymous_29)
FN:266,(anonymous_30)
FN:275,(anonymous_31)
FN:282,(anonymous_32)
FN:296,(anonymous_33)
FN:329,(anonymous_34)
FN:342,(anonymous_35)
FN:349,(anonymous_36)
FN:357,(anonymous_37)
FNF:38
FNH:8
FNDA:11,(anonymous_0)
FNDA:15,(anonymous_1)
FNDA:2,(anonymous_2)
FNDA:0,(anonymous_3)
FNDA:3,(anonymous_4)
FNDA:1,(anonymous_5)
FNDA:0,(anonymous_6)
FNDA:1,(anonymous_7)
FNDA:0,(anonymous_8)
FNDA:0,(anonymous_9)
FNDA:0,(anonymous_10)
FNDA:0,(anonymous_11)
FNDA:0,(anonymous_12)
FNDA:0,(anonymous_13)
FNDA:0,(anonymous_14)
FNDA:0,(anonymous_15)
FNDA:0,(anonymous_16)
FNDA:0,(anonymous_17)
FNDA:0,(anonymous_18)
FNDA:0,(anonymous_19)
FNDA:0,(anonymous_20)
FNDA:0,(anonymous_21)
FNDA:0,(anonymous_22)
FNDA:0,(anonymous_23)
FNDA:0,(anonymous_24)
FNDA:0,(anonymous_25)
FNDA:0,(anonymous_26)
FNDA:0,(anonymous_27)
FNDA:0,(anonymous_28)
FNDA:0,(anonymous_29)
FNDA:0,(anonymous_30)
FNDA:5,(anonymous_31)
FNDA:1,(anonymous_32)
FNDA:0,(anonymous_33)
FNDA:0,(anonymous_34)
FNDA:0,(anonymous_35)
FNDA:0,(anonymous_36)
FNDA:0,(anonymous_37)
DA:78,1
DA:79,11
DA:80,11
DA:81,11
DA:84,15
DA:88,2
DA:89,2
DA:91,2
DA:92,2
DA:93,2
DA:95,2
DA:96,0
DA:102,0
DA:103,0
DA:104,0
DA:108,3
DA:109,3
DA:111,3
DA:112,1
DA:115,2
DA:119,1
DA:123,0
DA:127,1
DA:131,0
DA:135,0
DA:142,1
DA:143,0
DA:146,0
DA:150,0
DA:154,0
DA:158,0
DA:166,1
DA:167,0
DA:170,0
DA:174,0
DA:175,0
DA:184,0
DA:190,0
DA:194,0
DA:202,1
DA:203,0
DA:207,0
DA:211,0
DA:213,0
DA:214,0
DA:215,0
DA:218,0
DA:222,0
DA:226,0
DA:230,0
DA:234,0
DA:242,1
DA:243,0
DA:247,0
DA:251,0
DA:253,0
DA:255,0
DA:259,0
DA:263,0
DA:267,0
DA:275,1
DA:276,5
DA:277,5
DA:286,1
DA:288,1
DA:289,1
DA:302,0
DA:304,0
DA:305,0
DA:306,0
DA:307,0
DA:310,0
DA:311,0
DA:317,0
DA:320,0
DA:321,0
DA:322,0
DA:330,0
DA:332,0
DA:333,0
DA:336,0
DA:343,0
DA:350,0
DA:351,0
DA:358,0
LF:85
LH:28
BRDA:88,0,0,2
BRDA:88,0,1,1
BRDA:89,1,0,2
BRDA:89,1,1,0
BRDA:91,2,0,2
BRDA:91,2,1,0
BRDA:95,3,0,0
BRDA:95,3,1,2
BRDA:111,4,0,1
BRDA:111,4,1,2
BRDA:135,5,0,0
BRDA:135,5,1,0
BRDA:213,6,0,0
BRDA:213,6,1,0
BRDA:253,7,0,0
BRDA:253,7,1,0
BRDA:288,8,0,1
BRDA:288,8,1,0
BRDA:300,9,0,0
BRDA:304,10,0,0
BRDA:304,10,1,0
BRDA:310,11,0,0
BRDA:310,11,1,0
BRDA:321,12,0,0
BRDA:321,12,1,0
BRDA:332,13,0,0
BRDA:332,13,1,0
BRDA:343,14,0,0
BRDA:343,14,1,0
BRDA:351,15,0,0
BRDA:351,15,1,0
BRF:31
BRH:8
end_of_record
TN:
SF:src/typescript/core/extensions/PluginSystem.ts
FN:98,(anonymous_0)
FN:112,(anonymous_1)
FN:121,(anonymous_2)
FN:130,(anonymous_3)
FN:134,(anonymous_4)
FN:138,(anonymous_5)
FN:153,(anonymous_6)
FN:158,(anonymous_7)
FN:172,(anonymous_8)
FN:183,(anonymous_9)
FN:187,(anonymous_10)
FN:197,(anonymous_11)
FN:208,(anonymous_12)
FN:220,(anonymous_13)
FN:224,(anonymous_14)
FN:228,(anonymous_15)
FN:239,(anonymous_16)
FN:244,(anonymous_17)
FNF:18
FNH:12
FNDA:10,(anonymous_0)
FNDA:7,(anonymous_1)
FNDA:1,(anonymous_2)
FNDA:7,(anonymous_3)
FNDA:0,(anonymous_4)
FNDA:7,(anonymous_5)
FNDA:9,(anonymous_6)
FNDA:9,(anonymous_7)
FNDA:0,(anonymous_8)
FNDA:0,(anonymous_9)
FNDA:0,(anonymous_10)
FNDA:7,(anonymous_11)
FNDA:1,(anonymous_12)
FNDA:0,(anonymous_13)
FNDA:2,(anonymous_14)
FNDA:0,(anonymous_15)
FNDA:8,(anonymous_16)
FNDA:12,(anonymous_17)
DA:88,1
DA:95,10
DA:96,10
DA:105,10
DA:106,10
DA:107,10
DA:108,10
DA:109,10
DA:113,7
DA:114,0
DA:117,7
DA:118,7
DA:122,1
DA:123,0
DA:126,1
DA:127,1
DA:131,7
DA:135,0
DA:139,7
DA:153,1
DA:154,9
DA:155,9
DA:156,9
DA:159,9
DA:160,0
DA:163,9
DA:165,9
DA:166,0
DA:169,9
DA:173,0
DA:174,0
DA:175,0
DA:178,0
DA:179,0
DA:180,0
DA:184,0
DA:188,0
DA:189,0
DA:190,0
DA:191,0
DA:194,0
DA:198,7
DA:200,6
DA:201,7
DA:202,7
DA:203,7
DA:210,1
DA:212,1
DA:213,1
DA:214,1
DA:215,1
DA:221,0
DA:225,2
DA:229,0
DA:230,0
DA:231,0
DA:240,8
DA:241,8
DA:242,8
DA:244,8
DA:245,12
DA:246,1
DA:249,11
DA:250,1
DA:253,10
DA:255,10
DA:256,10
DA:257,3
DA:258,0
DA:260,3
DA:263,8
DA:264,8
DA:265,8
DA:268,8
DA:269,9
DA:272,7
LF:76
LH:54
BRDA:103,0,0,7
BRDA:113,1,0,0
BRDA:113,1,1,7
BRDA:122,2,0,0
BRDA:122,2,1,1
BRDA:159,3,0,0
BRDA:159,3,1,9
BRDA:165,4,0,0
BRDA:165,4,1,9
BRDA:174,5,0,0
BRDA:174,5,1,0
BRDA:190,6,0,0
BRDA:190,6,1,0
BRDA:202,7,0,7
BRDA:202,7,1,0
BRDA:202,8,0,7
BRDA:202,8,1,7
BRDA:214,9,0,1
BRDA:214,9,1,0
BRDA:230,10,0,0
BRDA:230,10,1,0
BRDA:245,11,0,1
BRDA:245,11,1,11
BRDA:249,12,0,1
BRDA:249,12,1,10
BRDA:255,13,0,10
BRDA:255,13,1,0
BRDA:257,14,0,0
BRDA:257,14,1,3
BRF:29
BRH:15
end_of_record
TN:
SF:src/typescript/core/extensions/StrategySystem.ts
FN:86,(anonymous_0)
FN:109,(anonymous_1)
FN:118,(anonymous_2)
FN:123,(anonymous_3)
FN:127,(anonymous_4)
FN:139,(anonymous_5)
FN:143,(anonymous_6)
FN:147,(anonymous_7)
FN:151,(anonymous_8)
FN:162,(anonymous_9)
FN:176,(anonymous_10)
FN:180,(anonymous_11)
FN:181,(anonymous_12)
FN:184,(anonymous_13)
FN:193,(anonymous_14)
FN:202,(anonymous_15)
FN:210,(anonymous_16)
FN:227,(anonymous_17)
FN:236,(anonymous_18)
FN:253,(anonymous_19)
FN:257,(anonymous_20)
FN:262,(anonymous_21)
FN:266,(anonymous_22)
FN:267,(anonymous_23)
FN:278,(anonymous_24)
FN:292,(anonymous_25)
FN:307,(anonymous_26)
FN:332,(anonymous_27)
FN:339,(anonymous_28)
FN:349,(anonymous_29)
FN:356,(anonymous_30)
FN:373,(anonymous_31)
FN:383,(anonymous_32)
FN:390,(anonymous_33)
FN:403,(anonymous_34)
FNF:35
FNH:14
FNDA:1,(anonymous_0)
FNDA:23,(anonymous_1)
FNDA:0,(anonymous_2)
FNDA:0,(anonymous_3)
FNDA:0,(anonymous_4)
FNDA:11,(anonymous_5)
FNDA:22,(anonymous_6)
FNDA:0,(anonymous_7)
FNDA:7,(anonymous_8)
FNDA:1,(anonymous_9)
FNDA:4,(anonymous_10)
FNDA:7,(anonymous_11)
FNDA:14,(anonymous_12)
FNDA:0,(anonymous_13)
FNDA:7,(anonymous_14)
FNDA:1,(anonymous_15)
FNDA:0,(anonymous_16)
FNDA:0,(anonymous_17)
FNDA:0,(anonymous_18)
FNDA:0,(anonymous_19)
FNDA:0,(anonymous_20)
FNDA:0,(anonymous_21)
FNDA:0,(anonymous_22)
FNDA:0,(anonymous_23)
FNDA:0,(anonymous_24)
FNDA:0,(anonymous_25)
FNDA:0,(anonymous_26)
FNDA:5,(anonymous_27)
FNDA:0,(anonymous_28)
FNDA:0,(anonymous_29)
FNDA:1,(anonymous_30)
FNDA:0,(anonymous_31)
FNDA:0,(anonymous_32)
FNDA:0,(anonymous_33)
FNDA:1,(anonymous_34)
DA:86,1
DA:88,1
DA:91,1
DA:94,1
DA:97,1
DA:103,1
DA:110,23
DA:111,23
DA:112,23
DA:113,23
DA:120,0
DA:124,0
DA:128,0
DA:135,1
DA:136,11
DA:140,11
DA:144,22
DA:148,0
DA:152,7
DA:153,7
DA:155,7
DA:156,1
DA:159,6
DA:163,1
DA:165,1
DA:166,0
DA:169,1
DA:170,0
DA:173,1
DA:177,4
DA:181,14
DA:185,0
DA:192,1
DA:197,7
DA:198,1
DA:202,6
DA:209,1
DA:214,0
DA:215,0
DA:218,0
DA:219,0
DA:226,1
DA:231,0
DA:232,0
DA:236,0
DA:237,0
DA:239,0
DA:240,0
DA:241,0
DA:242,0
DA:246,0
DA:253,1
DA:254,0
DA:255,0
DA:258,0
DA:259,0
DA:263,0
DA:267,0
DA:269,0
DA:270,0
DA:273,0
DA:275,0
DA:278,0
DA:279,0
DA:282,0
DA:285,0
DA:288,0
DA:295,0
DA:296,0
DA:297,0
DA:299,0
DA:300,0
DA:304,0
DA:308,0
DA:310,0
DA:311,0
DA:312,0
DA:313,0
DA:315,0
DA:320,0
DA:321,0
DA:324,0
DA:332,1
DA:333,5
DA:334,5
DA:343,0
DA:350,0
DA:360,1
DA:362,1
DA:363,1
DA:364,1
DA:367,1
DA:377,0
DA:384,0
DA:391,0
DA:393,0
DA:394,0
DA:397,0
DA:404,1
DA:405,1
DA:407,1
LF:101
LH:43
BRDA:86,0,0,1
BRDA:86,0,1,1
BRDA:109,1,0,0
BRDA:109,2,0,23
BRDA:140,3,0,11
BRDA:140,3,1,11
BRDA:155,4,0,1
BRDA:155,4,1,6
BRDA:165,5,0,0
BRDA:165,5,1,1
BRDA:169,6,0,0
BRDA:169,6,1,1
BRDA:197,7,0,1
BRDA:197,7,1,6
BRDA:214,8,0,0
BRDA:214,8,1,0
BRDA:231,9,0,0
BRDA:231,9,1,0
BRDA:241,10,0,0
BRDA:241,10,1,0
BRDA:269,11,0,0
BRDA:269,11,1,0
BRDA:273,12,0,0
BRDA:273,12,1,0
BRDA:273,12,2,0
BRDA:273,12,3,0
BRDA:273,12,4,0
BRDA:304,13,0,0
BRDA:304,13,1,0
BRDA:320,14,0,0
BRDA:320,14,1,0
BRDA:362,15,0,1
BRDA:362,15,1,0
BRDA:393,16,0,0
BRDA:393,16,1,0
BRF:35
BRH:12
end_of_record
TN:
SF:src/typescript/core/extensions/index.ts
FN:17,(anonymous_4)
FN:18,(anonymous_5)
FN:23,(anonymous_6)
FN:24,(anonymous_7)
FN:25,(anonymous_8)
FN:30,(anonymous_9)
FN:31,(anonymous_10)
FN:36,(anonymous_11)
FN:37,(anonymous_12)
FN:38,(anonymous_13)
FN:42,(anonymous_14)
FN:43,(anonymous_15)
FN:44,(anonymous_16)
FN:45,(anonymous_17)
FN:46,(anonymous_18)
FN:47,(anonymous_19)
FNF:16
FNH:8
FNDA:6,(anonymous_4)
FNDA:4,(anonymous_5)
FNDA:4,(anonymous_6)
FNDA:6,(anonymous_7)
FNDA:0,(anonymous_8)
FNDA:6,(anonymous_9)
FNDA:0,(anonymous_10)
FNDA:7,(anonymous_11)
FNDA:10,(anonymous_12)
FNDA:0,(anonymous_13)
FNDA:4,(anonymous_14)
FNDA:0,(anonymous_15)
FNDA:0,(anonymous_16)
FNDA:0,(anonymous_17)
FNDA:0,(anonymous_18)
FNDA:0,(anonymous_19)
DA:7,1
DA:8,1
DA:9,1
DA:10,1
DA:11,1
DA:14,1
DA:17,7
DA:18,5
DA:23,5
DA:24,7
DA:25,1
DA:30,7
DA:31,1
DA:36,8
DA:37,11
DA:38,1
DA:42,5
DA:43,1
DA:44,1
DA:45,1
DA:46,1
DA:47,1
LF:22
LH:22
BRF:0
BRH:0
end_of_record
TN:
SF:src/typescript/core/interfaces/ICombatSegregated.ts
FN:188,isCombatResult
FN:197,isDamageCalculation
FN:204,isHitCalculation
FNF:3
FNH:3
FNDA:4,isCombatResult
FNDA:4,isDamageCalculation
FNDA:4,isHitCalculation
DA:188,1
DA:189,4
DA:190,4
DA:197,1
DA:198,4
DA:199,4
DA:204,1
DA:205,4
DA:206,4
LF:9
LH:9
BRDA:189,0,0,0
BRDA:189,0,1,4
BRDA:189,1,0,4
BRDA:189,1,1,4
BRDA:189,1,2,4
BRDA:190,2,0,4
BRDA:190,2,1,2
BRDA:190,2,2,2
BRDA:190,2,3,2
BRDA:190,2,4,2
BRDA:198,3,0,0
BRDA:198,3,1,4
BRDA:198,4,0,4
BRDA:198,4,1,4
BRDA:198,4,2,4
BRDA:199,5,0,4
BRDA:199,5,1,2
BRDA:199,5,2,2
BRDA:205,6,0,0
BRDA:205,6,1,4
BRDA:205,7,0,4
BRDA:205,7,1,4
BRDA:205,7,2,4
BRDA:206,8,0,4
BRDA:206,8,1,2
BRDA:206,8,2,2
BRF:26
BRH:23
end_of_record
TN:
SF:src/typescript/core/interfaces/IEnemySegregated.ts
FN:182,isEnemyStats
FN:192,isEnemyDefense
FN:199,isEnemyAttack
FNF:3
FNH:3
FNDA:3,isEnemyStats
FNDA:2,isEnemyDefense
FNDA:2,isEnemyAttack
DA:182,1
DA:183,3
DA:184,2
DA:192,1
DA:193,2
DA:194,2
DA:199,1
DA:200,2
DA:201,2
LF:9
LH:9
BRDA:183,0,0,1
BRDA:183,0,1,2
BRDA:183,1,0,3
BRDA:183,1,1,2
BRDA:183,1,2,2
BRDA:184,2,0,2
BRDA:184,2,1,1
BRDA:184,2,2,1
BRDA:184,2,3,1
BRDA:184,2,4,1
BRDA:184,2,5,1
BRDA:193,3,0,0
BRDA:193,3,1,2
BRDA:193,4,0,2
BRDA:193,4,1,2
BRDA:193,4,2,2
BRDA:194,5,0,2
BRDA:194,5,1,1
BRDA:194,5,2,1
BRDA:200,6,0,0
BRDA:200,6,1,2
BRDA:200,7,0,2
BRDA:200,7,1,2
BRDA:200,7,2,2
BRDA:201,8,0,2
BRDA:201,8,1,1
BRDA:201,8,2,1
BRDA:201,8,3,1
BRDA:201,8,4,1
BRDA:201,8,5,1
BRF:30
BRH:28
end_of_record
TN:
SF:src/typescript/core/interfaces/IPlayerSegregated.ts
FN:169,isCharacterStats
FN:178,isCharacterSkills
FN:186,(anonymous_2)
FN:191,isInventoryValid
FNF:4
FNH:4
FNDA:6,isCharacterStats
FNDA:4,isCharacterSkills
FNDA:38,(anonymous_2)
FNDA:1,isInventoryValid
DA:169,1
DA:170,6
DA:171,4
DA:178,1
DA:179,4
DA:180,4
DA:186,4
DA:187,38
DA:191,1
DA:192,1
DA:193,1
LF:11
LH:11
BRDA:170,0,0,2
BRDA:170,0,1,4
BRDA:170,1,0,6
BRDA:170,1,1,4
BRDA:170,1,2,4
BRDA:171,2,0,4
BRDA:171,2,1,4
BRDA:171,2,2,3
BRDA:171,2,3,3
BRDA:171,2,4,3
BRDA:179,3,0,0
BRDA:179,3,1,4
BRDA:179,4,0,4
BRDA:179,4,1,4
BRDA:179,4,2,4
BRDA:187,5,0,38
BRDA:187,5,1,37
BRDA:192,6,0,0
BRDA:192,6,1,1
BRDA:192,7,0,1
BRDA:192,7,1,1
BRDA:192,7,2,1
BRDA:193,8,0,1
BRDA:193,8,1,1
BRDA:193,8,2,1
BRDA:193,8,3,1
BRF:26
BRH:24
end_of_record
TN:
SF:src/typescript/core/lsp/index.ts
FN:28,(anonymous_0)
FN:56,(anonymous_1)
FN:64,(anonymous_2)
FNF:3
FNH:0
FNDA:0,(anonymous_0)
FNDA:0,(anonymous_1)
FNDA:0,(anonymous_2)
DA:33,0
DA:34,0
DA:36,0
DA:37,0
DA:44,0
DA:45,0
DA:46,0
DA:50,0
DA:57,0
DA:58,0
DA:65,0
LF:11
LH:0
BRDA:44,0,0,0
BRDA:44,0,1,0
BRF:2
BRH:0
end_of_record
TN:
SF:src/typescript/core/performance/AdvancedCaching.ts
FN:50,(anonymous_0)
FN:79,(anonymous_1)
FN:81,(anonymous_2)
FN:86,(anonymous_3)
FN:100,(anonymous_4)
FN:146,(anonymous_5)
FN:183,(anonymous_6)
FN:191,(anonymous_7)
FN:206,(anonymous_8)
FN:216,(anonymous_9)
FN:229,(anonymous_10)
FN:238,(anonymous_11)
FN:253,(anonymous_12)
FN:281,(anonymous_13)
FN:288,(anonymous_14)
FN:305,(anonymous_15)
FN:322,(anonymous_16)
FN:350,(anonymous_17)
FN:358,(anonymous_18)
FN:368,(anonymous_19)
FN:376,(anonymous_20)
FN:390,(anonymous_21)
FN:398,(anonymous_22)
FN:406,(anonymous_23)
FN:416,(anonymous_24)
FN:424,(anonymous_25)
FN:429,(anonymous_26)
FN:443,(anonymous_27)
FN:469,(anonymous_28)
FN:477,(anonymous_29)
FN:484,(anonymous_30)
FN:492,(anonymous_31)
FN:506,(anonymous_32)
FN:533,(anonymous_33)
FN:557,(anonymous_34)
FN:581,(anonymous_35)
FN:589,(anonymous_36)
FNF:37
FNH:27
FNDA:15,(anonymous_0)
FNDA:15,(anonymous_1)
FNDA:0,(anonymous_2)
FNDA:0,(anonymous_3)
FNDA:29,(anonymous_4)
FNDA:15,(anonymous_5)
FNDA:2,(anonymous_6)
FNDA:4,(anonymous_7)
FNDA:10,(anonymous_8)
FNDA:1,(anonymous_9)
FNDA:1,(anonymous_10)
FNDA:29,(anonymous_11)
FNDA:3,(anonymous_12)
FNDA:3,(anonymous_13)
FNDA:0,(anonymous_14)
FNDA:0,(anonymous_15)
FNDA:0,(anonymous_16)
FNDA:38,(anonymous_17)
FNDA:42,(anonymous_18)
FNDA:11,(anonymous_19)
FNDA:29,(anonymous_20)
FNDA:0,(anonymous_21)
FNDA:0,(anonymous_22)
FNDA:38,(anonymous_23)
FNDA:15,(anonymous_24)
FNDA:20,(anonymous_25)
FNDA:26,(anonymous_26)
FNDA:0,(anonymous_27)
FNDA:1,(anonymous_28)
FNDA:0,(anonymous_29)
FNDA:20,(anonymous_30)
FNDA:7,(anonymous_31)
FNDA:0,(anonymous_32)
FNDA:4,(anonymous_33)
FNDA:4,(anonymous_34)
FNDA:7,(anonymous_35)
FNDA:9,(anonymous_36)
DA:39,1
DA:40,15
DA:41,15
DA:46,15
DA:47,15
DA:48,15
DA:51,15
DA:62,15
DA:73,15
DA:81,15
DA:82,0
DA:86,15
DA:87,0
DA:90,15
DA:91,1
DA:94,15
DA:101,29
DA:104,29
DA:105,0
DA:109,29
DA:112,29
DA:115,29
DA:128,29
DA:129,29
DA:132,29
DA:133,29
DA:135,29
DA:136,29
DA:138,29
DA:139,0
DA:147,15
DA:149,15
DA:151,15
DA:152,5
DA:153,5
DA:154,5
DA:158,10
DA:159,1
DA:160,1
DA:161,1
DA:162,1
DA:166,9
DA:167,9
DA:168,9
DA:170,9
DA:171,9
DA:173,9
DA:174,9
DA:177,9
DA:184,2
DA:185,2
DA:192,4
DA:193,4
DA:195,4
DA:196,4
DA:197,4
DA:198,4
DA:200,4
DA:207,10
DA:208,10
DA:209,10
DA:210,10
DA:217,1
DA:219,1
DA:220,4
DA:223,1
DA:230,1
DA:231,3
DA:240,29
DA:241,0
DA:245,29
DA:246,3
DA:254,3
DA:256,3
DA:258,3
DA:259,3
DA:261,0
DA:262,0
DA:264,0
DA:265,0
DA:267,0
DA:268,0
DA:271,3
DA:272,3
DA:273,3
DA:274,3
DA:282,3
DA:289,0
DA:290,0
DA:292,0
DA:293,0
DA:294,0
DA:295,0
DA:299,0
DA:306,0
DA:307,0
DA:309,0
DA:310,0
DA:311,0
DA:312,0
DA:316,0
DA:324,0
DA:325,0
DA:326,0
DA:328,0
DA:330,0
DA:331,0
DA:332,0
DA:333,0
DA:336,0
DA:338,0
DA:339,0
DA:340,0
DA:344,0
DA:351,38
DA:352,38
DA:359,42
DA:360,42
DA:361,13
DA:369,11
DA:370,11
DA:377,29
DA:378,29
DA:379,0
DA:380,0
DA:383,0
DA:392,0
DA:400,0
DA:407,38
DA:408,38
DA:409,0
DA:417,15
DA:418,15
DA:425,20
DA:428,20
DA:429,26
DA:433,20
DA:434,20
DA:435,19
DA:437,20
DA:444,0
DA:445,0
DA:448,0
DA:449,0
DA:450,0
DA:455,0
DA:456,0
DA:459,0
DA:461,0
DA:462,0
DA:471,1
DA:485,20
DA:486,20
DA:493,7
DA:507,0
DA:508,0
DA:509,0
DA:517,0
DA:524,1
DA:527,4
DA:537,4
DA:544,4
DA:551,4
DA:559,4
DA:560,4
DA:561,2
DA:562,2
DA:566,2
DA:567,2
DA:568,1
DA:570,1
DA:571,1
DA:574,1
DA:575,1
DA:582,7
DA:583,7
DA:590,9
DA:591,9
DA:605,1
DA:612,1
LF:180
LH:122
BRDA:50,0,0,0
BRDA:90,1,0,1
BRDA:90,1,1,14
BRDA:104,2,0,0
BRDA:104,2,1,29
BRDA:117,3,0,0
BRDA:117,3,1,29
BRDA:122,4,0,29
BRDA:122,4,1,28
BRDA:138,5,0,0
BRDA:138,5,1,29
BRDA:151,6,0,5
BRDA:151,6,1,10
BRDA:158,7,0,1
BRDA:158,7,1,9
BRDA:177,8,0,0
BRDA:177,8,1,9
BRDA:185,9,0,2
BRDA:185,9,1,1
BRDA:193,10,0,0
BRDA:193,10,1,4
BRDA:240,11,0,29
BRDA:240,11,1,0
BRDA:256,12,0,3
BRDA:256,12,1,0
BRDA:256,12,2,0
BRDA:256,12,3,0
BRDA:271,13,0,3
BRDA:271,13,1,0
BRDA:282,14,0,3
BRDA:282,14,1,0
BRDA:293,15,0,0
BRDA:293,15,1,0
BRDA:310,16,0,0
BRDA:310,16,1,0
BRDA:338,17,0,0
BRDA:338,17,1,0
BRDA:360,18,0,13
BRDA:360,18,1,29
BRDA:369,19,0,0
BRDA:369,19,1,11
BRDA:377,20,0,29
BRDA:377,20,1,0
BRDA:379,21,0,0
BRDA:379,21,1,0
BRDA:408,22,0,0
BRDA:408,22,1,38
BRDA:418,23,0,15
BRDA:418,23,1,0
BRDA:428,24,0,8
BRDA:428,24,1,12
BRDA:449,25,0,0
BRDA:449,25,1,0
BRDA:461,26,0,0
BRDA:461,26,1,0
BRDA:534,27,0,0
BRDA:535,28,0,0
BRDA:560,29,0,2
BRDA:560,29,1,2
BRDA:567,30,0,1
BRDA:567,30,1,1
BRDA:595,31,0,3
BRDA:595,31,1,6
BRDA:596,32,0,3
BRDA:596,32,1,6
BRDA:597,33,0,3
BRDA:597,33,1,6
BRDA:598,34,0,3
BRDA:598,34,1,6
BRF:69
BRH:39
end_of_record
TN:
SF:src/typescript/core/performance/LazyLoadingSystem.ts
FN:47,(anonymous_0)
FN:71,(anonymous_1)
FN:85,(anonymous_2)
FN:102,(anonymous_3)
FN:136,(anonymous_4)
FN:149,(anonymous_5)
FN:162,(anonymous_6)
FN:164,(anonymous_7)
FN:167,(anonymous_8)
FN:178,(anonymous_9)
FN:199,(anonymous_10)
FN:247,(anonymous_11)
FN:248,(anonymous_12)
FN:252,(anonymous_13)
FN:253,(anonymous_14)
FN:259,(anonymous_15)
FN:260,(anonymous_16)
FN:266,(anonymous_17)
FN:284,(anonymous_18)
FN:285,(anonymous_19)
FN:292,(anonymous_20)
FN:311,(anonymous_21)
FN:320,(anonymous_22)
FN:322,(anonymous_23)
FN:323,(anonymous_24)
FN:337,(anonymous_25)
FN:340,(anonymous_26)
FN:347,(anonymous_27)
FN:350,(anonymous_28)
FN:351,(anonymous_29)
FN:358,(anonymous_30)
FN:366,(anonymous_31)
FN:374,(anonymous_32)
FN:377,(anonymous_33)
FN:384,(anonymous_34)
FN:385,(anonymous_35)
FN:403,(anonymous_36)
FN:405,(anonymous_37)
FN:418,(anonymous_38)
FN:420,(anonymous_39)
FN:421,(anonymous_40)
FN:431,(anonymous_41)
FN:438,(anonymous_42)
FNF:43
FNH:21
FNDA:12,(anonymous_0)
FNDA:12,(anonymous_1)
FNDA:51,(anonymous_2)
FNDA:12,(anonymous_3)
FNDA:0,(anonymous_4)
FNDA:0,(anonymous_5)
FNDA:12,(anonymous_6)
FNDA:1,(anonymous_7)
FNDA:1,(anonymous_8)
FNDA:12,(anonymous_9)
FNDA:10,(anonymous_10)
FNDA:10,(anonymous_11)
FNDA:10,(anonymous_12)
FNDA:0,(anonymous_13)
FNDA:0,(anonymous_14)
FNDA:0,(anonymous_15)
FNDA:0,(anonymous_16)
FNDA:0,(anonymous_17)
FNDA:0,(anonymous_18)
FNDA:0,(anonymous_19)
FNDA:0,(anonymous_20)
FNDA:10,(anonymous_21)
FNDA:0,(anonymous_22)
FNDA:0,(anonymous_23)
FNDA:0,(anonymous_24)
FNDA:0,(anonymous_25)
FNDA:0,(anonymous_26)
FNDA:0,(anonymous_27)
FNDA:0,(anonymous_28)
FNDA:0,(anonymous_29)
FNDA:12,(anonymous_30)
FNDA:12,(anonymous_31)
FNDA:2,(anonymous_32)
FNDA:3,(anonymous_33)
FNDA:8,(anonymous_34)
FNDA:1,(anonymous_35)
FNDA:12,(anonymous_36)
FNDA:0,(anonymous_37)
FNDA:0,(anonymous_38)
FNDA:0,(anonymous_39)
FNDA:0,(anonymous_40)
FNDA:2,(anonymous_41)
FNDA:8,(anonymous_42)
DA:33,1
DA:34,12
DA:35,12
DA:36,12
DA:37,12
DA:42,12
DA:43,12
DA:44,12
DA:45,12
DA:48,12
DA:57,12
DA:65,12
DA:72,12
DA:73,8
DA:77,12
DA:79,12
DA:86,51
DA:92,51
DA:94,51
DA:95,48
DA:103,12
DA:104,12
DA:105,0
DA:106,0
DA:110,12
DA:111,12
DA:114,12
DA:115,0
DA:116,0
DA:117,0
DA:120,12
DA:121,12
DA:124,12
DA:125,12
DA:128,12
DA:130,4
DA:137,0
DA:139,0
DA:140,0
DA:141,0
DA:150,0
DA:152,0
DA:153,0
DA:154,0
DA:164,12
DA:167,12
DA:168,12
DA:169,12
DA:171,0
DA:179,12
DA:181,12
DA:182,10
DA:183,10
DA:186,10
DA:187,10
DA:191,12
DA:192,10
DA:200,10
DA:202,10
DA:203,10
DA:205,10
DA:207,10
DA:208,0
DA:212,10
DA:213,0
DA:217,10
DA:220,2
DA:221,2
DA:222,2
DA:225,2
DA:228,2
DA:229,2
DA:230,2
DA:232,2
DA:233,0
DA:237,0
DA:239,2
DA:240,2
DA:248,10
DA:249,10
DA:251,6
DA:252,6
DA:253,6
DA:254,6
DA:255,6
DA:258,2
DA:259,2
DA:260,2
DA:261,2
DA:262,2
DA:265,0
DA:266,0
DA:268,0
DA:272,2
DA:273,2
DA:276,0
DA:285,0
DA:286,0
DA:293,0
DA:294,0
DA:296,0
DA:297,0
DA:298,0
DA:301,0
DA:303,0
DA:304,0
DA:312,10
DA:313,10
DA:314,10
DA:321,0
DA:322,0
DA:323,0
DA:325,0
DA:326,0
DA:327,0
DA:329,0
DA:330,0
DA:339,0
DA:340,0
DA:349,0
DA:350,0
DA:351,0
DA:359,12
DA:360,12
DA:367,12
DA:368,12
DA:375,2
DA:376,2
DA:377,3
DA:385,8
DA:386,1
DA:388,1
DA:389,1
DA:404,12
DA:405,0
DA:406,0
DA:407,0
DA:408,0
DA:409,0
DA:419,0
DA:420,0
DA:421,0
DA:423,0
DA:424,0
DA:432,2
DA:439,8
LF:146
LH:91
BRDA:47,0,0,0
BRDA:72,1,0,8
BRDA:72,1,1,4
BRDA:94,2,0,48
BRDA:94,2,1,3
BRDA:102,3,0,0
BRDA:104,4,0,0
BRDA:104,4,1,12
BRDA:114,5,0,0
BRDA:114,5,1,12
BRDA:140,6,0,0
BRDA:140,6,1,0
BRDA:140,7,0,0
BRDA:140,7,1,0
BRDA:153,8,0,0
BRDA:153,8,1,0
BRDA:168,9,0,12
BRDA:168,9,1,0
BRDA:181,10,0,22
BRDA:181,10,1,12
BRDA:183,11,0,0
BRDA:183,11,1,10
BRDA:183,12,0,10
BRDA:183,12,1,10
BRDA:191,13,0,10
BRDA:191,13,1,2
BRDA:200,14,0,0
BRDA:200,14,1,10
BRDA:207,15,0,0
BRDA:207,15,1,10
BRDA:212,16,0,0
BRDA:212,16,1,10
BRDA:232,17,0,0
BRDA:232,17,1,2
BRDA:249,18,0,6
BRDA:249,18,1,2
BRDA:249,18,2,0
BRDA:249,18,3,2
BRDA:249,18,4,0
BRDA:266,19,0,0
BRDA:266,19,1,0
BRDA:294,20,0,0
BRDA:294,20,1,0
BRDA:294,21,0,0
BRDA:294,21,1,0
BRDA:303,22,0,0
BRDA:303,22,1,0
BRDA:327,23,0,0
BRDA:327,23,1,0
BRDA:359,24,0,12
BRDA:359,24,1,12
BRDA:368,25,0,12
BRDA:368,25,1,0
BRDA:376,26,0,2
BRDA:376,26,1,0
BRDA:388,27,0,1
BRDA:388,27,1,0
BRDA:404,28,0,0
BRDA:404,28,1,12
BRDA:407,29,0,0
BRDA:407,29,1,0
BRDA:420,30,0,0
BRDA:420,30,1,0
BRF:63
BRH:27
end_of_record
TN:
SF:src/typescript/core/performance/MemoryPoolManager.ts
FN:45,(anonymous_0)
FN:76,(anonymous_1)
FN:92,(anonymous_2)
FN:122,(anonymous_3)
FN:143,(anonymous_4)
FN:153,(anonymous_5)
FN:160,(anonymous_6)
FN:174,(anonymous_7)
FN:175,(anonymous_8)
FN:183,(anonymous_9)
FN:213,(anonymous_10)
FN:233,(anonymous_11)
FN:241,(anonymous_12)
FN:249,(anonymous_13)
FN:264,(anonymous_14)
FN:275,(anonymous_15)
FN:291,(anonymous_16)
FN:298,(anonymous_17)
FN:306,(anonymous_18)
FN:321,(anonymous_19)
FN:337,(anonymous_20)
FN:347,(anonymous_21)
FN:356,(anonymous_22)
FN:366,(anonymous_23)
FN:370,(anonymous_24)
FN:375,(anonymous_25)
FN:380,(anonymous_26)
FN:389,(anonymous_27)
FN:400,(anonymous_28)
FN:412,(anonymous_29)
FN:416,(anonymous_30)
FN:420,(anonymous_31)
FN:424,(anonymous_32)
FN:435,(anonymous_33)
FNF:34
FNH:24
FNDA:27,(anonymous_0)
FNDA:27,(anonymous_1)
FNDA:44,(anonymous_2)
FNDA:19,(anonymous_3)
FNDA:1330,(anonymous_4)
FNDA:161,(anonymous_5)
FNDA:93,(anonymous_6)
FNDA:27,(anonymous_7)
FNDA:0,(anonymous_8)
FNDA:0,(anonymous_9)
FNDA:1,(anonymous_10)
FNDA:28,(anonymous_11)
FNDA:30,(anonymous_12)
FNDA:36,(anonymous_13)
FNDA:4,(anonymous_14)
FNDA:21,(anonymous_15)
FNDA:7,(anonymous_16)
FNDA:14,(anonymous_17)
FNDA:14,(anonymous_18)
FNDA:13,(anonymous_19)
FNDA:11,(anonymous_20)
FNDA:500,(anonymous_21)
FNDA:19,(anonymous_22)
FNDA:0,(anonymous_23)
FNDA:44,(anonymous_24)
FNDA:19,(anonymous_25)
FNDA:0,(anonymous_26)
FNDA:830,(anonymous_27)
FNDA:0,(anonymous_28)
FNDA:0,(anonymous_29)
FNDA:0,(anonymous_30)
FNDA:0,(anonymous_31)
FNDA:0,(anonymous_32)
FNDA:0,(anonymous_33)
DA:32,1
DA:33,27
DA:34,27
DA:40,27
DA:41,27
DA:42,27
DA:43,27
DA:49,27
DA:50,27
DA:60,27
DA:70,27
DA:77,27
DA:78,1290
DA:79,1290
DA:82,27
DA:83,27
DA:86,27
DA:95,44
DA:96,14
DA:97,14
DA:98,14
DA:100,30
DA:101,5
DA:103,30
DA:106,44
DA:107,44
DA:110,44
DA:111,43
DA:112,43
DA:115,44
DA:116,44
DA:123,19
DA:124,0
DA:125,0
DA:128,19
DA:129,19
DA:130,19
DA:133,19
DA:134,19
DA:137,19
DA:144,1330
DA:145,1330
DA:146,1330
DA:147,1330
DA:154,161
DA:161,93
DA:162,93
DA:164,93
DA:165,93
DA:168,93
DA:175,27
DA:176,0
DA:184,0
DA:185,0
DA:187,0
DA:189,0
DA:190,0
DA:195,0
DA:196,0
DA:197,0
DA:199,0
DA:200,0
DA:201,0
DA:203,0
DA:204,0
DA:214,1
DA:219,1
DA:220,1
DA:221,10
DA:222,10
DA:225,1
DA:226,1
DA:234,28
DA:235,28
DA:242,30
DA:243,30
DA:250,36
DA:264,1
DA:265,4
DA:266,4
DA:280,21
DA:281,21
DA:282,21
DA:284,21
DA:285,21
DA:292,7
DA:299,14
DA:300,14
DA:307,14
DA:308,14
DA:309,14
DA:311,14
DA:312,28
DA:313,28
DA:314,28
DA:322,13
DA:324,13
DA:325,26
DA:328,13
DA:338,11
DA:339,22
DA:341,11
DA:347,1
DA:348,500
DA:349,500
DA:350,500
DA:351,500
DA:352,500
DA:353,500
DA:354,500
DA:357,19
DA:358,19
DA:359,19
DA:360,19
DA:361,19
DA:362,19
DA:363,19
DA:367,0
DA:371,44
DA:372,44
DA:376,19
DA:377,19
DA:381,0
DA:382,0
DA:383,0
DA:384,0
DA:385,0
DA:389,1
DA:390,830
DA:391,830
DA:392,830
DA:393,830
DA:394,830
DA:395,830
DA:396,830
DA:397,830
DA:398,830
DA:401,0
DA:402,0
DA:403,0
DA:404,0
DA:405,0
DA:406,0
DA:407,0
DA:408,0
DA:409,0
DA:413,0
DA:417,0
DA:421,0
DA:425,0
DA:426,0
DA:427,0
DA:428,0
DA:429,0
DA:430,0
DA:431,0
DA:432,0
DA:436,0
DA:437,0
DA:438,0
DA:439,0
DA:444,1
LF:162
LH:116
BRDA:47,0,0,3
BRDA:82,1,0,27
BRDA:82,1,1,0
BRDA:95,2,0,14
BRDA:95,2,1,30
BRDA:100,3,0,5
BRDA:100,3,1,25
BRDA:110,4,0,43
BRDA:110,4,1,1
BRDA:123,5,0,0
BRDA:123,5,1,19
BRDA:133,6,0,19
BRDA:133,6,1,0
BRDA:165,7,0,93
BRDA:165,7,1,0
BRDA:185,8,0,0
BRDA:185,8,1,0
BRDA:189,9,0,0
BRDA:189,9,1,0
BRDA:189,10,0,0
BRDA:189,10,1,0
BRDA:199,11,0,0
BRDA:199,11,1,0
BRDA:203,12,0,0
BRDA:203,12,1,0
BRDA:225,13,0,1
BRDA:225,13,1,0
BRF:27
BRH:12
end_of_record
TN:
SF:src/typescript/core/performance/PerformanceProfiler.ts
FN:70,(anonymous_0)
FN:92,(anonymous_1)
FN:107,(anonymous_2)
FN:122,(anonymous_3)
FN:137,(anonymous_4)
FN:160,(anonymous_5)
FN:183,(anonymous_6)
FN:210,(anonymous_7)
FN:230,(anonymous_8)
FN:240,(anonymous_9)
FN:243,(anonymous_10)
FN:252,(anonymous_11)
FN:262,(anonymous_12)
FN:272,(anonymous_13)
FN:280,(anonymous_14)
FN:281,(anonymous_15)
FN:291,(anonymous_16)
FN:292,(anonymous_17)
FN:306,(anonymous_18)
FN:311,(anonymous_19)
FN:333,(anonymous_20)
FN:334,(anonymous_21)
FN:364,(anonymous_22)
FN:365,(anonymous_23)
FN:380,(anonymous_24)
FN:381,(anonymous_25)
FN:396,(anonymous_26)
FN:404,(anonymous_27)
FN:405,(anonymous_28)
FN:407,(anonymous_29)
FN:408,(anonymous_30)
FN:429,(anonymous_31)
FN:445,(anonymous_32)
FN:478,(anonymous_33)
FN:508,(anonymous_34)
FN:532,(anonymous_35)
FN:544,(anonymous_36)
FN:563,(anonymous_37)
FN:570,(anonymous_38)
FN:577,(anonymous_39)
FNF:40
FNH:35
FNDA:6,(anonymous_0)
FNDA:6,(anonymous_1)
FNDA:15,(anonymous_2)
FNDA:17,(anonymous_3)
FNDA:278,(anonymous_4)
FNDA:278,(anonymous_5)
FNDA:12,(anonymous_6)
FNDA:19,(anonymous_7)
FNDA:29,(anonymous_8)
FNDA:19,(anonymous_9)
FNDA:1044,(anonymous_10)
FNDA:19,(anonymous_11)
FNDA:19,(anonymous_12)
FNDA:19,(anonymous_13)
FNDA:6,(anonymous_14)
FNDA:191,(anonymous_15)
FNDA:1,(anonymous_16)
FNDA:291,(anonymous_17)
FNDA:14,(anonymous_18)
FNDA:12,(anonymous_19)
FNDA:5,(anonymous_20)
FNDA:12,(anonymous_21)
FNDA:5,(anonymous_22)
FNDA:7,(anonymous_23)
FNDA:5,(anonymous_24)
FNDA:7,(anonymous_25)
FNDA:5,(anonymous_26)
FNDA:0,(anonymous_27)
FNDA:0,(anonymous_28)
FNDA:0,(anonymous_29)
FNDA:0,(anonymous_30)
FNDA:0,(anonymous_31)
FNDA:5,(anonymous_32)
FNDA:5,(anonymous_33)
FNDA:7,(anonymous_34)
FNDA:2,(anonymous_35)
FNDA:12,(anonymous_36)
FNDA:8,(anonymous_37)
FNDA:7,(anonymous_38)
FNDA:10,(anonymous_39)
DA:51,1
DA:53,6
DA:54,6
DA:55,6
DA:56,6
DA:57,6
DA:58,6
DA:59,6
DA:62,6
DA:63,6
DA:64,6
DA:67,6
DA:68,6
DA:71,6
DA:86,6
DA:93,6
DA:94,6
DA:97,6
DA:98,1
DA:101,6
DA:108,15
DA:110,14
DA:111,14
DA:112,14
DA:113,14
DA:114,14
DA:116,14
DA:123,17
DA:124,3
DA:127,14
DA:128,14
DA:130,14
DA:131,14
DA:138,278
DA:140,278
DA:141,278
DA:142,278
DA:143,278
DA:146,278
DA:147,278
DA:148,0
DA:152,278
DA:153,4
DA:161,278
DA:162,278
DA:163,5
DA:164,5
DA:165,5
DA:168,5
DA:169,5
DA:170,0
DA:174,5
DA:175,3
DA:184,12
DA:186,12
DA:187,12
DA:194,12
DA:197,12
DA:198,0
DA:202,12
DA:203,0
DA:211,19
DA:213,19
DA:231,29
DA:232,0
DA:234,29
DA:242,19
DA:243,1044
DA:246,19
DA:254,19
DA:264,19
DA:274,19
DA:281,6
DA:282,191
DA:283,10
DA:292,1
DA:293,291
DA:294,278
DA:295,278
DA:297,291
DA:300,1
DA:307,14
DA:308,9
DA:311,12
DA:313,5
DA:314,5
DA:315,5
DA:316,5
DA:317,5
DA:318,5
DA:320,5
DA:334,12
DA:348,5
DA:349,5
DA:365,7
DA:381,7
DA:397,5
DA:398,5
DA:400,5
DA:401,5
DA:404,0
DA:405,0
DA:407,0
DA:408,0
DA:410,0
DA:411,0
DA:413,0
DA:419,0
DA:430,0
DA:431,0
DA:433,0
DA:435,0
DA:436,0
DA:438,0
DA:446,5
DA:448,5
DA:449,5
DA:452,5
DA:453,0
DA:456,5
DA:457,0
DA:460,5
DA:461,0
DA:464,5
DA:465,0
DA:468,5
DA:469,0
DA:472,5
DA:479,5
DA:482,5
DA:483,0
DA:484,0
DA:487,5
DA:488,5
DA:489,5
DA:490,5
DA:493,5
DA:494,5
DA:495,5
DA:498,5
DA:499,5
DA:500,5
DA:502,5
DA:509,7
DA:510,7
DA:513,7
DA:515,2
DA:517,2
DA:524,2
DA:525,2
DA:533,2
DA:534,1
DA:535,0
DA:536,1
DA:537,0
DA:545,12
DA:550,12
DA:564,8
DA:571,7
DA:578,10
DA:596,1
LF:161
LH:133
BRDA:70,0,0,0
BRDA:93,1,0,6
BRDA:93,1,1,0
BRDA:97,2,0,1
BRDA:97,2,1,5
BRDA:108,3,0,1
BRDA:108,3,1,14
BRDA:123,4,0,3
BRDA:123,4,1,14
BRDA:138,5,0,0
BRDA:138,5,1,278
BRDA:147,6,0,0
BRDA:147,6,1,278
BRDA:152,7,0,4
BRDA:152,7,1,274
BRDA:162,8,0,5
BRDA:162,8,1,273
BRDA:169,9,0,0
BRDA:169,9,1,5
BRDA:174,10,0,3
BRDA:174,10,1,2
BRDA:184,11,0,0
BRDA:184,11,1,12
BRDA:197,12,0,0
BRDA:197,12,1,12
BRDA:202,13,0,0
BRDA:202,13,1,12
BRDA:215,14,0,8
BRDA:215,14,1,11
BRDA:218,15,0,19
BRDA:218,15,1,19
BRDA:223,16,0,19
BRDA:223,16,1,19
BRDA:231,17,0,0
BRDA:231,17,1,29
BRDA:242,18,0,8
BRDA:242,18,1,11
BRDA:254,19,0,8
BRDA:254,19,1,11
BRDA:264,20,0,8
BRDA:264,20,1,11
BRDA:282,21,0,10
BRDA:282,21,1,181
BRDA:293,22,0,278
BRDA:293,22,1,13
BRDA:307,23,0,9
BRDA:307,23,1,5
BRDA:400,24,0,5
BRDA:400,24,1,0
BRDA:400,25,0,5
BRDA:400,25,1,0
BRDA:413,26,0,0
BRDA:413,26,1,0
BRDA:413,27,0,0
BRDA:413,27,1,0
BRDA:415,28,0,0
BRDA:415,28,1,0
BRDA:415,29,0,0
BRDA:415,29,1,0
BRDA:433,30,0,0
BRDA:433,30,1,0
BRDA:435,31,0,0
BRDA:435,31,1,0
BRDA:436,32,0,0
BRDA:436,32,1,0
BRDA:438,33,0,0
BRDA:438,33,1,0
BRDA:448,34,0,5
BRDA:448,34,1,0
BRDA:452,35,0,0
BRDA:452,35,1,5
BRDA:456,36,0,0
BRDA:456,36,1,5
BRDA:460,37,0,0
BRDA:460,37,1,5
BRDA:464,38,0,0
BRDA:464,38,1,5
BRDA:468,39,0,0
BRDA:468,39,1,5
BRDA:482,40,0,5
BRDA:482,40,1,0
BRDA:483,41,0,0
BRDA:483,41,1,0
BRDA:484,42,0,0
BRDA:484,42,1,0
BRDA:488,43,0,0
BRDA:488,43,1,5
BRDA:489,44,0,0
BRDA:489,44,1,5
BRDA:490,45,0,0
BRDA:490,45,1,5
BRDA:493,46,0,0
BRDA:493,46,1,5
BRDA:494,47,0,0
BRDA:494,47,1,5
BRDA:495,48,0,0
BRDA:495,48,1,5
BRDA:498,49,0,0
BRDA:498,49,1,5
BRDA:499,50,0,0
BRDA:499,50,1,5
BRDA:500,51,0,0
BRDA:500,51,1,5
BRDA:510,52,0,7
BRDA:510,52,1,2
BRDA:513,53,0,5
BRDA:513,53,1,2
BRDA:533,54,0,1
BRDA:533,54,1,0
BRDA:533,54,2,1
BRDA:533,54,3,0
BRDA:582,55,0,7
BRDA:582,55,1,3
BRF:113
BRH:64
end_of_record
TN:
SF:src/typescript/core/performance/index.ts
FN:8,(anonymous_0)
FN:16,(anonymous_1)
FN:17,(anonymous_2)
FN:18,(anonymous_3)
FN:19,(anonymous_4)
FN:20,(anonymous_5)
FN:28,(anonymous_6)
FN:29,(anonymous_7)
FN:30,(anonymous_8)
FN:31,(anonymous_9)
FN:39,(anonymous_10)
FN:40,(anonymous_11)
FN:64,(anonymous_12)
FN:81,(anonymous_13)
FN:100,(anonymous_14)
FN:102,(anonymous_15)
FN:109,(anonymous_16)
FN:121,(anonymous_17)
FN:122,(anonymous_18)
FN:136,(anonymous_19)
FN:157,(anonymous_20)
FN:174,(anonymous_21)
FN:194,(anonymous_22)
FN:208,(anonymous_23)
FN:218,(anonymous_24)
FN:236,(anonymous_25)
FN:265,(anonymous_26)
FN:282,(anonymous_27)
FN:289,(anonymous_28)
FN:292,(anonymous_29)
FN:302,(anonymous_30)
FN:316,(anonymous_31)
FNF:32
FNH:28
FNDA:4,(anonymous_0)
FNDA:6,(anonymous_1)
FNDA:3,(anonymous_2)
FNDA:100,(anonymous_3)
FNDA:30,(anonymous_4)
FNDA:0,(anonymous_5)
FNDA:6,(anonymous_6)
FNDA:3,(anonymous_7)
FNDA:0,(anonymous_8)
FNDA:0,(anonymous_9)
FNDA:5,(anonymous_10)
FNDA:0,(anonymous_11)
FNDA:8,(anonymous_12)
FNDA:8,(anonymous_13)
FNDA:8,(anonymous_14)
FNDA:400,(anonymous_15)
FNDA:800,(anonymous_16)
FNDA:8,(anonymous_17)
FNDA:2,(anonymous_18)
FNDA:8,(anonymous_19)
FNDA:2,(anonymous_20)
FNDA:3,(anonymous_21)
FNDA:2,(anonymous_22)
FNDA:1,(anonymous_23)
FNDA:6,(anonymous_24)
FNDA:6,(anonymous_25)
FNDA:2,(anonymous_26)
FNDA:3,(anonymous_27)
FNDA:10,(anonymous_28)
FNDA:10,(anonymous_29)
FNDA:3,(anonymous_30)
FNDA:8,(anonymous_31)
DA:7,1
DA:8,5
DA:15,1
DA:16,7
DA:17,4
DA:18,101
DA:19,31
DA:20,1
DA:27,1
DA:28,7
DA:29,4
DA:30,1
DA:31,1
DA:38,1
DA:39,6
DA:40,1
DA:49,1
DA:50,1
DA:51,1
DA:52,1
DA:58,1
DA:62,8
DA:65,8
DA:72,8
DA:73,8
DA:75,8
DA:82,8
DA:85,8
DA:88,8
DA:91,8
DA:93,8
DA:94,8
DA:102,400
DA:109,800
DA:115,8
DA:122,8
DA:123,2
DA:126,2
DA:129,8
DA:130,8
DA:138,8
DA:147,8
DA:148,48
DA:151,8
DA:158,2
DA:160,1
DA:161,1
DA:163,0
DA:164,0
DA:166,1
DA:167,1
DA:176,3
DA:179,3
DA:180,0
DA:184,3
DA:185,3
DA:187,3
DA:188,3
DA:195,2
DA:198,2
DA:202,2
DA:209,1
DA:219,6
DA:237,6
DA:238,6
DA:240,6
DA:241,3
DA:244,6
DA:245,0
DA:248,6
DA:249,0
DA:252,6
DA:253,6
DA:254,12
DA:255,12
DA:259,6
DA:266,2
DA:268,2
DA:269,2
DA:272,2
DA:273,2
DA:276,2
DA:283,3
DA:286,3
DA:289,3
DA:290,10
DA:292,10
DA:296,3
DA:303,3
DA:310,3
DA:317,8
DA:318,8
DA:319,8
DA:321,8
DA:326,1
LF:95
LH:90
BRDA:82,0,0,0
BRDA:82,0,1,8
BRDA:158,1,0,1
BRDA:158,1,1,0
BRDA:158,1,2,1
BRDA:179,2,0,0
BRDA:179,2,1,3
BRDA:179,3,0,3
BRDA:179,3,1,3
BRDA:187,4,0,3
BRDA:187,4,1,0
BRDA:188,5,0,3
BRDA:188,5,1,0
BRDA:240,6,0,3
BRDA:240,6,1,3
BRDA:244,7,0,0
BRDA:244,7,1,6
BRDA:248,8,0,0
BRDA:248,8,1,6
BRDA:254,9,0,12
BRDA:254,9,1,0
BRDA:310,10,0,3
BRDA:310,10,1,0
BRF:23
BRH:14
end_of_record
TN:
SF:src/typescript/core/processors/PolymorphicProcessors.ts
FN:70,(anonymous_0)
FN:83,(anonymous_1)
FN:116,(anonymous_2)
FN:122,(anonymous_3)
FN:178,(anonymous_4)
FN:234,(anonymous_5)
FN:244,(anonymous_6)
FN:255,(anonymous_7)
FN:275,(anonymous_8)
FN:309,(anonymous_9)
FN:316,(anonymous_10)
FN:320,(anonymous_11)
FN:330,(anonymous_12)
FN:367,(anonymous_13)
FN:396,(anonymous_14)
FN:404,(anonymous_15)
FN:408,(anonymous_16)
FN:451,(anonymous_17)
FN:455,(anonymous_18)
FN:489,(anonymous_19)
FN:513,(anonymous_20)
FN:521,(anonymous_21)
FN:525,(anonymous_22)
FN:540,(anonymous_23)
FN:581,(anonymous_24)
FN:585,(anonymous_25)
FN:636,(anonymous_26)
FN:641,(anonymous_27)
FN:658,(anonymous_28)
FN:665,(anonymous_29)
FN:672,(anonymous_30)
FN:679,(anonymous_31)
FN:688,(anonymous_32)
FN:711,(anonymous_33)
FNF:34
FNH:14
FNDA:3,(anonymous_0)
FNDA:3,(anonymous_1)
FNDA:0,(anonymous_2)
FNDA:0,(anonymous_3)
FNDA:8,(anonymous_4)
FNDA:0,(anonymous_5)
FNDA:0,(anonymous_6)
FNDA:0,(anonymous_7)
FNDA:0,(anonymous_8)
FNDA:3,(anonymous_9)
FNDA:1,(anonymous_10)
FNDA:3,(anonymous_11)
FNDA:9,(anonymous_12)
FNDA:0,(anonymous_13)
FNDA:3,(anonymous_14)
FNDA:1,(anonymous_15)
FNDA:3,(anonymous_16)
FNDA:0,(anonymous_17)
FNDA:0,(anonymous_18)
FNDA:0,(anonymous_19)
FNDA:2,(anonymous_20)
FNDA:1,(anonymous_21)
FNDA:2,(anonymous_22)
FNDA:5,(anonymous_23)
FNDA:0,(anonymous_24)
FNDA:0,(anonymous_25)
FNDA:0,(anonymous_26)
FNDA:0,(anonymous_27)
FNDA:0,(anonymous_28)
FNDA:0,(anonymous_29)
FNDA:0,(anonymous_30)
FNDA:0,(anonymous_31)
FNDA:0,(anonymous_32)
FNDA:0,(anonymous_33)
DA:7,1
DA:70,1
DA:71,3
DA:72,3
DA:73,3
DA:88,3
DA:89,0
DA:92,3
DA:93,3
DA:94,3
DA:96,3
DA:97,3
DA:98,3
DA:99,3
DA:101,3
DA:102,3
DA:104,3
DA:105,8
DA:106,8
DA:108,8
DA:109,0
DA:114,0
DA:115,0
DA:116,0
DA:117,0
DA:118,0
DA:121,0
DA:122,0
DA:123,0
DA:124,0
DA:126,0
DA:127,0
DA:128,0
DA:130,0
DA:131,0
DA:134,0
DA:135,0
DA:143,0
DA:144,0
DA:146,0
DA:149,3
DA:152,3
DA:183,8
DA:185,8
DA:187,8
DA:189,8
DA:191,8
DA:200,0
DA:202,0
DA:210,0
DA:211,0
DA:214,0
DA:215,0
DA:218,0
DA:235,0
DA:236,0
DA:238,0
DA:245,0
DA:246,0
DA:247,0
DA:249,0
DA:261,0
DA:274,1
DA:281,0
DA:282,0
DA:285,0
DA:287,0
DA:289,0
DA:299,0
DA:310,3
DA:320,1
DA:321,3
DA:322,0
DA:330,9
DA:331,3
DA:332,0
DA:339,3
DA:340,3
DA:342,3
DA:351,1
DA:352,1
DA:354,1
DA:355,1
DA:357,1
DA:366,1
DA:373,0
DA:374,0
DA:375,0
DA:376,0
DA:378,0
DA:397,3
DA:398,3
DA:408,1
DA:409,3
DA:411,3
DA:412,0
DA:419,3
DA:420,3
DA:421,3
DA:428,0
DA:438,1
DA:439,1
DA:441,1
DA:442,1
DA:444,1
DA:455,0
DA:456,0
DA:457,0
DA:459,0
DA:473,0
DA:474,0
DA:476,0
DA:477,0
DA:479,0
DA:488,1
DA:495,0
DA:496,0
DA:497,0
DA:499,0
DA:514,2
DA:515,2
DA:525,1
DA:526,2
DA:528,2
DA:529,0
DA:537,2
DA:538,2
DA:541,5
DA:543,0
DA:544,0
DA:549,2
DA:558,0
DA:568,1
DA:569,1
DA:571,1
DA:572,1
DA:574,1
DA:585,0
DA:586,0
DA:588,0
DA:589,0
DA:597,0
DA:598,0
DA:600,0
DA:609,0
DA:618,0
DA:619,0
DA:621,0
DA:622,0
DA:624,0
DA:633,1
DA:637,0
DA:638,0
DA:646,0
DA:654,1
DA:659,0
DA:666,0
DA:673,0
DA:682,0
DA:689,0
DA:690,0
DA:693,0
DA:696,0
DA:697,0
DA:701,0
DA:702,0
DA:706,0
DA:707,0
DA:711,0
LF:169
LH:71
BRDA:85,0,0,0
BRDA:88,1,0,0
BRDA:88,1,1,3
BRDA:98,2,0,3
BRDA:98,2,1,3
BRDA:99,3,0,3
BRDA:99,3,1,3
BRDA:102,4,0,3
BRDA:102,4,1,0
BRDA:108,5,0,0
BRDA:108,5,1,8
BRDA:123,6,0,0
BRDA:123,6,1,0
BRDA:130,7,0,0
BRDA:130,7,1,0
BRDA:134,8,0,0
BRDA:134,8,1,0
BRDA:143,9,0,0
BRDA:143,9,1,0
BRDA:146,10,0,0
BRDA:146,10,1,0
BRDA:205,11,0,0
BRDA:205,11,1,0
BRDA:210,12,0,0
BRDA:210,12,1,0
BRDA:211,13,0,0
BRDA:211,13,1,0
BRDA:214,14,0,0
BRDA:214,14,1,0
BRDA:235,15,0,0
BRDA:235,15,1,0
BRDA:235,16,0,0
BRDA:235,16,1,0
BRDA:235,16,2,0
BRDA:264,17,0,0
BRDA:264,17,1,0
BRDA:265,18,0,0
BRDA:265,18,1,0
BRDA:285,19,0,0
BRDA:285,19,1,0
BRDA:285,20,0,0
BRDA:285,20,1,0
BRDA:318,21,0,1
BRDA:321,22,0,0
BRDA:321,22,1,3
BRDA:330,23,0,9
BRDA:330,23,1,6
BRDA:331,24,0,0
BRDA:331,24,1,3
BRDA:390,25,0,0
BRDA:390,25,1,0
BRDA:390,25,2,0
BRDA:406,26,0,1
BRDA:411,27,0,0
BRDA:411,27,1,3
BRDA:432,28,0,0
BRDA:432,28,1,0
BRDA:453,29,0,0
BRDA:523,30,0,1
BRDA:528,31,0,0
BRDA:528,31,1,2
BRDA:541,32,0,0
BRDA:541,32,1,5
BRDA:562,33,0,0
BRDA:562,33,1,0
BRDA:583,34,0,0
BRDA:588,35,0,0
BRDA:588,35,1,0
BRDA:603,36,0,0
BRDA:603,36,1,0
BRDA:613,37,0,0
BRDA:613,37,1,0
BRDA:689,38,0,0
BRDA:689,38,1,0
BRDA:696,39,0,0
BRDA:696,39,1,0
BRDA:696,40,0,0
BRDA:696,40,1,0
BRDA:696,40,2,0
BRDA:696,40,3,0
BRDA:701,41,0,0
BRDA:701,41,1,0
BRDA:701,42,0,0
BRDA:701,42,1,0
BRDA:701,42,2,0
BRDA:701,42,3,0
BRDA:706,43,0,0
BRDA:706,43,1,0
BRDA:706,44,0,0
BRDA:706,44,1,0
BRDA:706,44,2,0
BRDA:706,44,3,0
BRF:92
BRH:17
end_of_record
TN:
SF:src/typescript/core/services/AssetLoaderService.ts
FN:28,(anonymous_0)
FN:50,(anonymous_1)
FN:60,(anonymous_2)
FN:68,(anonymous_3)
FN:109,(anonymous_4)
FN:117,(anonymous_5)
FN:127,(anonymous_6)
FN:149,(anonymous_7)
FN:172,(anonymous_8)
FN:179,(anonymous_9)
FN:203,(anonymous_10)
FN:213,(anonymous_11)
FN:218,(anonymous_12)
FN:231,(anonymous_13)
FN:235,(anonymous_14)
FN:241,(anonymous_15)
FN:255,(anonymous_16)
FN:259,(anonymous_17)
FN:267,(anonymous_18)
FN:283,(anonymous_19)
FN:287,(anonymous_20)
FN:293,(anonymous_21)
FN:305,(anonymous_22)
FN:308,(anonymous_23)
FN:309,(anonymous_24)
FN:315,(anonymous_25)
FN:324,(anonymous_26)
FN:330,(anonymous_27)
FN:337,(anonymous_28)
FN:341,(anonymous_29)
FN:346,(anonymous_30)
FN:351,(anonymous_31)
FN:359,(anonymous_32)
FN:367,(anonymous_33)
FN:373,(anonymous_34)
FN:395,(anonymous_35)
FN:412,(anonymous_36)
FN:419,(anonymous_37)
FN:426,(anonymous_38)
FN:427,(anonymous_39)
FN:433,(anonymous_40)
FN:443,(anonymous_41)
FN:451,(anonymous_42)
FN:454,(anonymous_43)
FN:455,(anonymous_44)
FN:465,(anonymous_45)
FNF:46
FNH:0
FNDA:0,(anonymous_0)
FNDA:0,(anonymous_1)
FNDA:0,(anonymous_2)
FNDA:0,(anonymous_3)
FNDA:0,(anonymous_4)
FNDA:0,(anonymous_5)
FNDA:0,(anonymous_6)
FNDA:0,(anonymous_7)
FNDA:0,(anonymous_8)
FNDA:0,(anonymous_9)
FNDA:0,(anonymous_10)
FNDA:0,(anonymous_11)
FNDA:0,(anonymous_12)
FNDA:0,(anonymous_13)
FNDA:0,(anonymous_14)
FNDA:0,(anonymous_15)
FNDA:0,(anonymous_16)
FNDA:0,(anonymous_17)
FNDA:0,(anonymous_18)
FNDA:0,(anonymous_19)
FNDA:0,(anonymous_20)
FNDA:0,(anonymous_21)
FNDA:0,(anonymous_22)
FNDA:0,(anonymous_23)
FNDA:0,(anonymous_24)
FNDA:0,(anonymous_25)
FNDA:0,(anonymous_26)
FNDA:0,(anonymous_27)
FNDA:0,(anonymous_28)
FNDA:0,(anonymous_29)
FNDA:0,(anonymous_30)
FNDA:0,(anonymous_31)
FNDA:0,(anonymous_32)
FNDA:0,(anonymous_33)
FNDA:0,(anonymous_34)
FNDA:0,(anonymous_35)
FNDA:0,(anonymous_36)
FNDA:0,(anonymous_37)
FNDA:0,(anonymous_38)
FNDA:0,(anonymous_39)
FNDA:0,(anonymous_40)
FNDA:0,(anonymous_41)
FNDA:0,(anonymous_42)
FNDA:0,(anonymous_43)
FNDA:0,(anonymous_44)
FNDA:0,(anonymous_45)
DA:30,0
DA:31,0
DA:32,0
DA:33,0
DA:34,0
DA:35,0
DA:38,0
DA:44,0
DA:51,0
DA:52,0
DA:54,0
DA:61,0
DA:62,0
DA:70,0
DA:103,0
DA:110,0
DA:112,0
DA:113,0
DA:116,0
DA:117,0
DA:118,0
DA:119,0
DA:123,0
DA:127,0
DA:128,0
DA:129,0
DA:132,0
DA:133,0
DA:134,0
DA:139,0
DA:149,0
DA:150,0
DA:153,0
DA:154,0
DA:155,0
DA:159,0
DA:168,0
DA:171,0
DA:172,0
DA:173,0
DA:174,0
DA:178,0
DA:179,0
DA:180,0
DA:184,0
DA:191,0
DA:194,0
DA:203,0
DA:204,0
DA:207,0
DA:214,0
DA:215,0
DA:218,0
DA:219,0
DA:223,0
DA:227,0
DA:228,0
DA:231,0
DA:232,0
DA:235,0
DA:236,0
DA:237,0
DA:238,0
DA:241,0
DA:242,0
DA:247,0
DA:248,0
DA:256,0
DA:259,0
DA:260,0
DA:268,0
DA:270,0
DA:273,0
DA:276,0
DA:277,0
DA:278,0
DA:281,0
DA:283,0
DA:284,0
DA:287,0
DA:288,0
DA:289,0
DA:290,0
DA:293,0
DA:294,0
DA:299,0
DA:306,0
DA:307,0
DA:308,0
DA:309,0
DA:312,0
DA:313,0
DA:315,0
DA:316,0
DA:317,0
DA:318,0
DA:319,0
DA:324,0
DA:325,0
DA:326,0
DA:330,0
DA:338,0
DA:341,0
DA:342,0
DA:346,0
DA:347,0
DA:351,0
DA:352,0
DA:360,0
DA:367,0
DA:374,0
DA:376,0
DA:377,0
DA:379,0
DA:381,0
DA:383,0
DA:385,0
DA:388,0
DA:396,0
DA:397,0
DA:400,0
DA:401,0
DA:402,0
DA:405,0
DA:406,0
DA:413,0
DA:420,0
DA:427,0
DA:434,0
DA:444,0
DA:445,0
DA:452,0
DA:454,0
DA:455,0
DA:457,0
DA:458,0
DA:459,0
DA:462,0
DA:465,0
DA:467,0
DA:468,0
DA:469,0
DA:470,0
DA:471,0
DA:472,0
DA:473,0
DA:474,0
DA:478,0
DA:479,0
LF:149
LH:0
BRDA:51,0,0,0
BRDA:51,0,1,0
BRDA:214,1,0,0
BRDA:214,1,1,0
BRDA:256,2,0,0
BRDA:256,2,1,0
BRDA:256,3,0,0
BRDA:256,3,1,0
BRDA:268,4,0,0
BRDA:268,4,1,0
BRDA:316,5,0,0
BRDA:316,5,1,0
BRDA:318,6,0,0
BRDA:318,6,1,0
BRDA:338,7,0,0
BRDA:338,7,1,0
BRDA:373,8,0,0
BRDA:374,9,0,0
BRDA:374,9,1,0
BRDA:377,10,0,0
BRDA:377,10,1,0
BRDA:377,10,2,0
BRDA:377,10,3,0
BRDA:383,11,0,0
BRDA:383,11,1,0
BRDA:395,12,0,0
BRDA:396,13,0,0
BRDA:396,13,1,0
BRDA:400,14,0,0
BRDA:400,14,1,0
BRDA:400,15,0,0
BRDA:400,15,1,0
BRDA:436,16,0,0
BRDA:436,16,1,0
BRDA:452,17,0,0
BRDA:452,17,1,0
BRDA:457,18,0,0
BRDA:457,18,1,0
BRDA:467,19,0,0
BRDA:467,19,1,0
BRDA:469,20,0,0
BRDA:469,20,1,0
BRDA:471,21,0,0
BRDA:471,21,1,0
BRDA:473,22,0,0
BRDA:473,22,1,0
BRF:46
BRH:0
end_of_record
TN:
SF:src/typescript/core/services/CombatService.ts
FN:13,(anonymous_0)
FN:15,(anonymous_1)
FN:25,(anonymous_2)
FN:58,(anonymous_3)
FN:96,(anonymous_4)
FN:118,(anonymous_5)
FN:163,(anonymous_6)
FN:179,(anonymous_7)
FN:198,(anonymous_8)
FN:210,(anonymous_9)
FN:214,(anonymous_10)
FN:227,(anonymous_11)
FNF:12
FNH:2
FNDA:1,(anonymous_0)
FNDA:20,(anonymous_1)
FNDA:0,(anonymous_2)
FNDA:0,(anonymous_3)
FNDA:0,(anonymous_4)
FNDA:0,(anonymous_5)
FNDA:0,(anonymous_6)
FNDA:0,(anonymous_7)
FNDA:0,(anonymous_8)
FNDA:0,(anonymous_9)
FNDA:0,(anonymous_10)
FNDA:0,(anonymous_11)
DA:10,1
DA:16,20
DA:17,1
DA:19,20
DA:30,0
DA:31,0
DA:33,0
DA:34,0
DA:43,0
DA:44,0
DA:46,0
DA:62,0
DA:63,0
DA:65,0
DA:66,0
DA:76,0
DA:79,0
DA:80,0
DA:82,0
DA:84,0
DA:101,0
DA:102,0
DA:105,0
DA:108,0
DA:109,0
DA:111,0
DA:112,0
DA:124,0
DA:127,0
DA:128,0
DA:129,0
DA:132,0
DA:135,0
DA:136,0
DA:137,0
DA:138,0
DA:142,0
DA:145,0
DA:146,0
DA:149,0
DA:151,0
DA:165,0
DA:166,0
DA:170,0
DA:171,0
DA:173,0
DA:180,0
DA:181,0
DA:184,0
DA:185,0
DA:187,0
DA:188,0
DA:189,0
DA:192,0
DA:199,0
DA:202,0
DA:203,0
DA:205,0
DA:211,0
DA:216,0
DA:224,0
DA:228,0
DA:229,0
DA:231,0
LF:64
LH:4
BRDA:16,0,0,1
BRDA:16,0,1,19
BRDA:33,1,0,0
BRDA:33,1,1,0
BRDA:65,2,0,0
BRDA:65,2,1,0
BRDA:105,3,0,0
BRDA:105,3,1,0
BRDA:127,4,0,0
BRDA:127,4,1,0
BRDA:129,5,0,0
BRDA:129,5,1,0
BRDA:135,6,0,0
BRDA:135,6,1,0
BRDA:145,7,0,0
BRDA:145,7,1,0
BRDA:165,8,0,0
BRDA:165,8,1,0
BRDA:171,9,0,0
BRDA:171,9,1,0
BRDA:180,10,0,0
BRDA:180,10,1,0
BRDA:185,11,0,0
BRDA:185,11,1,0
BRDA:187,12,0,0
BRDA:187,12,1,0
BRDA:224,13,0,0
BRDA:224,13,1,0
BRDA:228,14,0,0
BRDA:228,14,1,0
BRF:30
BRH:2
end_of_record
TN:
SF:src/typescript/core/services/EnemyService.ts
FN:12,(anonymous_0)
FN:16,(anonymous_1)
FN:26,(anonymous_2)
FN:33,(anonymous_3)
FN:51,(anonymous_4)
FN:71,(anonymous_5)
FN:78,(anonymous_6)
FN:79,(anonymous_7)
FN:85,(anonymous_8)
FN:96,(anonymous_9)
FN:134,(anonymous_10)
FN:141,(anonymous_11)
FN:148,(anonymous_12)
FN:155,(anonymous_13)
FN:164,(anonymous_14)
FN:171,(anonymous_15)
FN:228,(anonymous_16)
FNF:17
FNH:5
FNDA:1,(anonymous_0)
FNDA:20,(anonymous_1)
FNDA:0,(anonymous_2)
FNDA:0,(anonymous_3)
FNDA:0,(anonymous_4)
FNDA:0,(anonymous_5)
FNDA:0,(anonymous_6)
FNDA:0,(anonymous_7)
FNDA:0,(anonymous_8)
FNDA:5,(anonymous_9)
FNDA:0,(anonymous_10)
FNDA:0,(anonymous_11)
FNDA:0,(anonymous_12)
FNDA:0,(anonymous_13)
FNDA:0,(anonymous_14)
FNDA:1,(anonymous_15)
FNDA:5,(anonymous_16)
DA:8,1
DA:10,1
DA:13,1
DA:17,20
DA:18,1
DA:20,20
DA:27,0
DA:34,0
DA:35,0
DA:38,0
DA:39,0
DA:41,0
DA:52,0
DA:53,0
DA:55,0
DA:56,0
DA:58,0
DA:59,0
DA:60,0
DA:61,0
DA:65,0
DA:72,0
DA:79,0
DA:86,0
DA:87,0
DA:89,0
DA:90,0
DA:97,5
DA:135,0
DA:142,0
DA:149,0
DA:156,0
DA:158,0
DA:159,0
DA:165,0
DA:172,1
DA:228,1
DA:229,5
DA:230,5
LF:39
LH:11
BRDA:17,0,0,1
BRDA:17,0,1,19
BRDA:27,1,0,0
BRDA:27,1,1,0
BRDA:35,2,0,0
BRDA:35,2,1,0
BRDA:53,3,0,0
BRDA:53,3,1,0
BRDA:60,4,0,0
BRDA:60,4,1,0
BRDA:87,5,0,0
BRDA:87,5,1,0
BRDA:104,6,0,5
BRDA:104,6,1,0
BRDA:127,7,0,5
BRDA:127,7,1,0
BRDA:156,8,0,0
BRDA:156,8,1,0
BRF:18
BRH:4
end_of_record
TN:
SF:src/typescript/core/services/GameDataService.ts
FN:12,(anonymous_0)
FN:14,(anonymous_1)
FN:21,(anonymous_2)
FN:28,(anonymous_3)
FN:74,(anonymous_4)
FN:84,(anonymous_5)
FN:94,(anonymous_6)
FN:101,(anonymous_7)
FN:108,(anonymous_8)
FN:115,(anonymous_9)
FN:124,(anonymous_10)
FN:140,(anonymous_11)
FN:147,(anonymous_12)
FN:154,(anonymous_13)
FN:161,(anonymous_14)
FN:170,(anonymous_15)
FN:177,(anonymous_16)
FN:186,(anonymous_17)
FN:193,(anonymous_18)
FN:202,(anonymous_19)
FN:209,(anonymous_20)
FN:220,(anonymous_21)
FN:227,(anonymous_22)
FN:240,(anonymous_23)
FN:249,(anonymous_24)
FN:256,(anonymous_25)
FN:269,(anonymous_26)
FN:278,(anonymous_27)
FN:287,(anonymous_28)
FN:299,(anonymous_29)
FN:308,(anonymous_30)
FN:315,(anonymous_31)
FN:324,(anonymous_32)
FN:331,(anonymous_33)
FN:340,(anonymous_34)
FN:347,(anonymous_35)
FN:356,(anonymous_36)
FN:363,(anonymous_37)
FN:372,(anonymous_38)
FN:379,(anonymous_39)
FNF:40
FNH:16
FNDA:28,(anonymous_0)
FNDA:30,(anonymous_1)
FNDA:0,(anonymous_2)
FNDA:30,(anonymous_3)
FNDA:26,(anonymous_4)
FNDA:1137,(anonymous_5)
FNDA:113,(anonymous_6)
FNDA:2,(anonymous_7)
FNDA:2,(anonymous_8)
FNDA:1,(anonymous_9)
FNDA:3,(anonymous_10)
FNDA:0,(anonymous_11)
FNDA:0,(anonymous_12)
FNDA:2,(anonymous_13)
FNDA:2,(anonymous_14)
FNDA:9,(anonymous_15)
FNDA:1,(anonymous_16)
FNDA:0,(anonymous_17)
FNDA:0,(anonymous_18)
FNDA:0,(anonymous_19)
FNDA:0,(anonymous_20)
FNDA:0,(anonymous_21)
FNDA:0,(anonymous_22)
FNDA:0,(anonymous_23)
FNDA:0,(anonymous_24)
FNDA:0,(anonymous_25)
FNDA:0,(anonymous_26)
FNDA:24,(anonymous_27)
FNDA:6,(anonymous_28)
FNDA:0,(anonymous_29)
FNDA:0,(anonymous_30)
FNDA:0,(anonymous_31)
FNDA:0,(anonymous_32)
FNDA:0,(anonymous_33)
FNDA:0,(anonymous_34)
FNDA:0,(anonymous_35)
FNDA:0,(anonymous_36)
FNDA:0,(anonymous_37)
FNDA:0,(anonymous_38)
FNDA:0,(anonymous_39)
DA:7,1
DA:9,28
DA:10,28
DA:15,30
DA:16,28
DA:18,30
DA:22,0
DA:29,30
DA:75,26
DA:76,26
DA:77,26
DA:85,1137
DA:86,0
DA:88,1137
DA:95,113
DA:102,2
DA:109,2
DA:116,1
DA:117,1
DA:125,3
DA:126,3
DA:127,3
DA:128,2
DA:129,1
DA:132,1
DA:134,2
DA:141,0
DA:148,0
DA:155,2
DA:162,2
DA:163,2
DA:164,2
DA:171,9
DA:178,1
DA:179,1
DA:180,1
DA:187,0
DA:194,0
DA:195,0
DA:196,0
DA:203,0
DA:210,0
DA:211,0
DA:212,0
DA:213,0
DA:221,0
DA:228,0
DA:229,0
DA:230,0
DA:231,0
DA:232,0
DA:234,0
DA:241,0
DA:242,0
DA:243,0
DA:250,0
DA:257,0
DA:258,0
DA:259,0
DA:260,0
DA:261,0
DA:263,0
DA:270,0
DA:271,0
DA:272,0
DA:280,24
DA:281,23
DA:288,6
DA:289,6
DA:290,6
DA:291,16
DA:293,6
DA:300,0
DA:301,0
DA:302,0
DA:309,0
DA:316,0
DA:317,0
DA:318,0
DA:325,0
DA:332,0
DA:333,0
DA:334,0
DA:341,0
DA:348,0
DA:349,0
DA:350,0
DA:357,0
DA:364,0
DA:365,0
DA:366,0
DA:373,0
DA:380,0
DA:381,0
DA:382,0
LF:95
LH:39
BRDA:15,0,0,28
BRDA:15,0,1,2
BRDA:75,1,0,26
BRDA:75,1,1,0
BRDA:85,2,0,0
BRDA:85,2,1,1137
BRDA:116,3,0,1
BRDA:116,3,1,0
BRDA:127,4,0,2
BRDA:127,4,1,1
BRDA:211,5,0,0
BRDA:211,5,1,0
BRDA:229,6,0,0
BRDA:229,6,1,0
BRDA:240,7,0,0
BRDA:242,8,0,0
BRDA:242,8,1,0
BRDA:256,9,0,0
BRDA:258,10,0,0
BRDA:258,10,1,0
BRDA:271,11,0,0
BRDA:271,11,1,0
BRDA:280,12,0,1
BRDA:280,12,1,23
BRF:24
BRH:9
end_of_record
TN:
SF:src/typescript/core/services/GameStateService.ts
FN:22,(anonymous_0)
FN:29,(anonymous_1)
FN:39,(anonymous_2)
FN:58,(anonymous_3)
FN:65,(anonymous_4)
FN:72,(anonymous_5)
FN:79,(anonymous_6)
FN:86,(anonymous_7)
FN:93,(anonymous_8)
FN:111,(anonymous_9)
FN:128,(anonymous_10)
FN:140,(anonymous_11)
FN:149,(anonymous_12)
FN:156,(anonymous_13)
FN:163,(anonymous_14)
FN:170,(anonymous_15)
FN:177,(anonymous_16)
FN:183,(anonymous_17)
FN:197,(anonymous_18)
FN:243,(anonymous_19)
FN:250,(anonymous_20)
FN:257,(anonymous_21)
FNF:22
FNH:0
FNDA:0,(anonymous_0)
FNDA:0,(anonymous_1)
FNDA:0,(anonymous_2)
FNDA:0,(anonymous_3)
FNDA:0,(anonymous_4)
FNDA:0,(anonymous_5)
FNDA:0,(anonymous_6)
FNDA:0,(anonymous_7)
FNDA:0,(anonymous_8)
FNDA:0,(anonymous_9)
FNDA:0,(anonymous_10)
FNDA:0,(anonymous_11)
FNDA:0,(anonymous_12)
FNDA:0,(anonymous_13)
FNDA:0,(anonymous_14)
FNDA:0,(anonymous_15)
FNDA:0,(anonymous_16)
FNDA:0,(anonymous_17)
FNDA:0,(anonymous_18)
FNDA:0,(anonymous_19)
FNDA:0,(anonymous_20)
FNDA:0,(anonymous_21)
DA:18,0
DA:19,0
DA:20,0
DA:23,0
DA:24,0
DA:25,0
DA:26,0
DA:30,0
DA:31,0
DA:33,0
DA:40,0
DA:41,0
DA:42,0
DA:46,0
DA:49,0
DA:51,0
DA:52,0
DA:59,0
DA:66,0
DA:73,0
DA:80,0
DA:87,0
DA:94,0
DA:95,0
DA:96,0
DA:97,0
DA:101,0
DA:102,0
DA:103,0
DA:104,0
DA:112,0
DA:113,0
DA:114,0
DA:115,0
DA:116,0
DA:117,0
DA:120,0
DA:122,0
DA:129,0
DA:130,0
DA:133,0
DA:134,0
DA:141,0
DA:142,0
DA:143,0
DA:150,0
DA:157,0
DA:164,0
DA:171,0
DA:178,0
DA:184,0
DA:185,0
DA:186,0
DA:187,0
DA:190,0
DA:194,0
DA:198,0
DA:244,0
DA:251,0
DA:258,0
LF:60
LH:0
BRDA:30,0,0,0
BRDA:30,0,1,0
BRDA:40,1,0,0
BRDA:40,1,1,0
BRDA:46,2,0,0
BRDA:46,2,1,0
BRDA:95,3,0,0
BRDA:95,3,1,0
BRDA:102,4,0,0
BRDA:102,4,1,0
BRDA:114,5,0,0
BRDA:114,5,1,0
BRDA:186,6,0,0
BRDA:186,6,1,0
BRF:14
BRH:0
end_of_record
TN:
SF:src/typescript/core/services/LSPServiceBase.ts
FN:9,(anonymous_0)
FN:99,(anonymous_1)
FN:116,(anonymous_2)
FN:149,(anonymous_3)
FN:160,(anonymous_4)
FN:171,(anonymous_5)
FN:182,(anonymous_6)
FN:186,(anonymous_7)
FN:206,(anonymous_8)
FN:250,(anonymous_9)
FN:273,(anonymous_10)
FN:297,(anonymous_11)
FN:335,(anonymous_12)
FN:343,(anonymous_13)
FN:352,(anonymous_14)
FN:361,(anonymous_15)
FN:370,(anonymous_16)
FN:393,(anonymous_17)
FN:406,(anonymous_18)
FN:412,(anonymous_19)
FN:415,(anonymous_20)
FN:421,(anonymous_21)
FN:427,(anonymous_22)
FN:432,(anonymous_23)
FN:442,(anonymous_24)
FN:443,(anonymous_25)
FN:460,(anonymous_26)
FN:461,(anonymous_27)
FN:466,(anonymous_28)
FN:470,(anonymous_29)
FN:478,(anonymous_30)
FN:480,(anonymous_31)
FN:483,(anonymous_32)
FN:503,(anonymous_33)
FN:516,(anonymous_34)
FN:522,(anonymous_35)
FN:525,(anonymous_36)
FN:532,(anonymous_37)
FN:538,(anonymous_38)
FN:542,(anonymous_39)
FN:551,(anonymous_40)
FN:552,(anonymous_41)
FN:570,(anonymous_42)
FN:574,(anonymous_43)
FN:578,(anonymous_44)
FN:580,(anonymous_45)
FN:583,(anonymous_46)
FN:585,(anonymous_47)
FN:588,(anonymous_48)
FN:590,(anonymous_49)
FN:593,(anonymous_50)
FN:614,(anonymous_51)
FN:627,(anonymous_52)
FN:636,(anonymous_53)
FN:643,(anonymous_54)
FN:650,(anonymous_55)
FN:654,(anonymous_56)
FN:659,(anonymous_57)
FN:660,(anonymous_58)
FN:673,(anonymous_59)
FN:677,(anonymous_60)
FN:681,(anonymous_61)
FN:689,(anonymous_62)
FN:693,(anonymous_63)
FN:696,(anonymous_64)
FN:698,(anonymous_65)
FN:707,(anonymous_66)
FNF:67
FNH:33
FNDA:1,(anonymous_0)
FNDA:10,(anonymous_1)
FNDA:4,(anonymous_2)
FNDA:9,(anonymous_3)
FNDA:15,(anonymous_4)
FNDA:6,(anonymous_5)
FNDA:9,(anonymous_6)
FNDA:0,(anonymous_7)
FNDA:0,(anonymous_8)
FNDA:1,(anonymous_9)
FNDA:2,(anonymous_10)
FNDA:0,(anonymous_11)
FNDA:0,(anonymous_12)
FNDA:0,(anonymous_13)
FNDA:0,(anonymous_14)
FNDA:6,(anonymous_15)
FNDA:0,(anonymous_16)
FNDA:4,(anonymous_17)
FNDA:2,(anonymous_18)
FNDA:0,(anonymous_19)
FNDA:1,(anonymous_20)
FNDA:0,(anonymous_21)
FNDA:0,(anonymous_22)
FNDA:3,(anonymous_23)
FNDA:0,(anonymous_24)
FNDA:0,(anonymous_25)
FNDA:0,(anonymous_26)
FNDA:0,(anonymous_27)
FNDA:0,(anonymous_28)
FNDA:2,(anonymous_29)
FNDA:2,(anonymous_30)
FNDA:2,(anonymous_31)
FNDA:0,(anonymous_32)
FNDA:3,(anonymous_33)
FNDA:1,(anonymous_34)
FNDA:0,(anonymous_35)
FNDA:0,(anonymous_36)
FNDA:0,(anonymous_37)
FNDA:0,(anonymous_38)
FNDA:3,(anonymous_39)
FNDA:0,(anonymous_40)
FNDA:0,(anonymous_41)
FNDA:0,(anonymous_42)
FNDA:0,(anonymous_43)
FNDA:1,(anonymous_44)
FNDA:1,(anonymous_45)
FNDA:1,(anonymous_46)
FNDA:1,(anonymous_47)
FNDA:0,(anonymous_48)
FNDA:0,(anonymous_49)
FNDA:0,(anonymous_50)
FNDA:3,(anonymous_51)
FNDA:1,(anonymous_52)
FNDA:0,(anonymous_53)
FNDA:0,(anonymous_54)
FNDA:0,(anonymous_55)
FNDA:3,(anonymous_56)
FNDA:0,(anonymous_57)
FNDA:0,(anonymous_58)
FNDA:0,(anonymous_59)
FNDA:0,(anonymous_60)
FNDA:3,(anonymous_61)
FNDA:1,(anonymous_62)
FNDA:1,(anonymous_63)
FNDA:1,(anonymous_64)
FNDA:2,(anonymous_65)
FNDA:2,(anonymous_66)
DA:9,1
DA:10,1
DA:11,1
DA:12,1
DA:13,1
DA:14,1
DA:90,1
DA:91,10
DA:93,10
DA:94,10
DA:95,10
DA:96,10
DA:97,10
DA:101,10
DA:102,0
DA:105,10
DA:118,4
DA:119,0
DA:122,4
DA:123,0
DA:126,4
DA:127,4
DA:129,4
DA:131,4
DA:134,4
DA:136,0
DA:137,0
DA:138,0
DA:150,9
DA:161,15
DA:172,6
DA:183,9
DA:184,9
DA:185,9
DA:186,0
DA:189,9
DA:207,0
DA:209,0
DA:211,0
DA:213,0
DA:221,0
DA:228,0
DA:229,0
DA:251,1
DA:252,0
DA:255,1
DA:257,1
DA:259,0
DA:262,1
DA:274,2
DA:275,2
DA:277,2
DA:278,2
DA:281,2
DA:282,0
DA:285,0
DA:301,0
DA:302,0
DA:305,0
DA:307,0
DA:308,0
DA:309,0
DA:310,0
DA:311,0
DA:313,0
DA:314,0
DA:315,0
DA:336,0
DA:345,0
DA:354,0
DA:363,6
DA:371,0
DA:372,0
DA:375,0
DA:376,0
DA:377,0
DA:378,0
DA:379,0
DA:381,0
DA:389,1
DA:390,4
DA:391,4
DA:394,4
DA:408,2
DA:409,2
DA:412,2
DA:417,1
DA:418,1
DA:422,0
DA:429,0
DA:434,3
DA:435,3
DA:436,3
DA:438,3
DA:443,0
DA:444,0
DA:445,0
DA:448,0
DA:455,0
DA:456,0
DA:461,0
DA:462,0
DA:467,0
DA:472,2
DA:480,2
DA:484,0
DA:485,0
DA:487,0
DA:488,0
DA:489,0
DA:499,1
DA:500,3
DA:501,3
DA:504,3
DA:518,1
DA:519,1
DA:522,1
DA:527,0
DA:528,0
DA:529,0
DA:533,0
DA:539,0
DA:543,3
DA:544,3
DA:545,3
DA:547,3
DA:552,0
DA:554,0
DA:555,0
DA:556,0
DA:559,0
DA:560,0
DA:566,0
DA:571,0
DA:575,0
DA:580,1
DA:585,1
DA:590,0
DA:594,0
DA:595,0
DA:597,0
DA:598,0
DA:599,0
DA:609,1
DA:610,3
DA:611,3
DA:612,3
DA:615,3
DA:629,1
DA:631,1
DA:632,1
DA:638,0
DA:639,0
DA:640,0
DA:644,0
DA:645,0
DA:651,0
DA:655,3
DA:660,0
DA:661,0
DA:662,0
DA:666,0
DA:667,0
DA:669,0
DA:674,0
DA:678,0
DA:682,3
DA:683,3
DA:684,0
DA:686,3
DA:691,1
DA:692,1
DA:693,1
DA:697,1
DA:698,2
DA:700,1
DA:702,2
DA:703,2
DA:704,2
DA:705,2
DA:707,2
DA:708,2
DA:711,2
DA:715,0
LF:184
LH:92
BRDA:9,0,0,1
BRDA:9,0,1,1
BRDA:101,1,0,0
BRDA:101,1,1,10
BRDA:101,2,0,10
BRDA:101,2,1,10
BRDA:101,2,2,10
BRDA:118,3,0,0
BRDA:118,3,1,4
BRDA:122,4,0,0
BRDA:122,4,1,4
BRDA:184,5,0,0
BRDA:184,5,1,9
BRDA:185,6,0,0
BRDA:185,6,1,9
BRDA:195,7,0,9
BRDA:195,7,1,9
BRDA:217,8,0,0
BRDA:217,8,1,0
BRDA:251,9,0,0
BRDA:251,9,1,1
BRDA:273,10,0,0
BRDA:277,11,0,2
BRDA:277,11,1,0
BRDA:281,12,0,0
BRDA:281,12,1,2
BRDA:301,13,0,0
BRDA:301,13,1,0
BRDA:371,14,0,0
BRDA:371,14,1,0
BRDA:371,15,0,0
BRDA:371,15,1,0
BRDA:371,15,2,0
BRDA:376,16,0,0
BRDA:376,16,1,0
BRDA:377,17,0,0
BRDA:377,17,1,0
BRDA:378,18,0,0
BRDA:378,18,1,0
BRDA:379,19,0,0
BRDA:379,19,1,0
BRDA:444,20,0,0
BRDA:444,20,1,0
BRDA:488,21,0,0
BRDA:488,21,1,0
BRDA:555,22,0,0
BRDA:555,22,1,0
BRDA:598,23,0,0
BRDA:598,23,1,0
BRDA:631,24,0,1
BRDA:631,24,1,0
BRDA:661,25,0,0
BRDA:661,25,1,0
BRDA:705,26,0,2
BRDA:705,26,1,0
BRF:55
BRH:17
end_of_record
TN:
SF:src/typescript/core/services/PlayerService.ts
FN:11,(anonymous_0)
FN:13,(anonymous_1)
FN:23,(anonymous_2)
FN:36,(anonymous_3)
FN:47,(anonymous_4)
FN:54,(anonymous_5)
FN:63,(anonymous_6)
FN:79,(anonymous_7)
FN:111,(anonymous_8)
FN:120,(anonymous_9)
FN:131,(anonymous_10)
FN:140,(anonymous_11)
FN:151,(anonymous_12)
FN:177,(anonymous_13)
FN:185,(anonymous_14)
FN:189,(anonymous_15)
FN:206,(anonymous_16)
FN:226,(anonymous_17)
FN:230,(anonymous_18)
FN:234,(anonymous_19)
FN:238,(anonymous_20)
FNF:21
FNH:21
FNDA:28,(anonymous_0)
FNDA:49,(anonymous_1)
FNDA:28,(anonymous_2)
[...]
FNDA:0,(anonymous_21)
FNDA:0,(anonymous_22)
FNDA:0,(anonymous_23)
FNDA:0,(anonymous_24)
FNDA:0,(anonymous_25)
FNDA:0,(anonymous_26)
FNDA:0,(anonymous_27)
FNDA:0,(anonymous_28)
FNDA:0,(anonymous_29)
FNDA:0,(anonymous_30)
FNDA:0,(anonymous_31)
FNDA:0,(anonymous_32)
FNDA:0,(anonymous_33)
FNDA:0,(anonymous_34)
FNDA:0,(anonymous_35)
FNDA:0,(anonymous_36)
FNDA:0,(anonymous_37)
FNDA:0,(anonymous_38)
FNDA:0,(anonymous_39)
FNDA:0,(anonymous_40)
FNDA:0,(anonymous_41)
FNDA:0,(anonymous_42)
FNDA:0,(anonymous_43)
FNDA:0,(anonymous_44)
FNDA:0,(anonymous_45)
FNDA:0,(anonymous_46)
FNDA:0,(anonymous_47)
FNDA:0,(anonymous_48)
FNDA:0,(anonymous_49)
FNDA:0,(anonymous_50)
FNDA:0,(anonymous_51)
FNDA:0,(anonymous_52)
FNDA:0,(anonymous_53)
FNDA:0,(anonymous_54)
FNDA:0,(anonymous_55)
FNDA:0,(anonymous_56)
FNDA:0,(anonymous_57)
FNDA:0,(anonymous_58)
FNDA:0,(anonymous_59)
FNDA:0,(anonymous_60)
FNDA:0,(anonymous_61)
FNDA:0,(anonymous_62)
FNDA:0,(anonymous_63)
FNDA:0,(anonymous_64)
FNDA:0,(anonymous_65)
FNDA:0,(anonymous_66)
FNDA:0,(anonymous_67)
FNDA:0,(anonymous_68)
FNDA:0,(anonymous_69)
FNDA:0,(anonymous_70)
FNDA:0,(anonymous_71)
FNDA:0,(anonymous_72)
FNDA:0,(anonymous_73)
FNDA:0,(anonymous_74)
FNDA:0,(anonymous_75)
FNDA:0,(anonymous_76)
FNDA:0,(anonymous_77)
FNDA:0,(anonymous_78)
FNDA:0,(anonymous_79)
FNDA:0,(anonymous_80)
FNDA:0,(anonymous_81)
FNDA:0,(anonymous_82)
FNDA:0,(anonymous_83)
FNDA:0,(anonymous_84)
FNDA:0,(anonymous_85)
FNDA:0,(anonymous_86)
FNDA:0,(anonymous_87)
DA:15,0
DA:25,0
DA:36,0
DA:44,0
DA:119,0
DA:120,0
DA:121,0
DA:122,0
DA:123,0
DA:124,0
DA:125,0
DA:126,0
DA:127,0
DA:130,0
DA:143,0
DA:144,0
DA:157,0
DA:160,0
DA:166,0
DA:168,0
DA:169,0
DA:170,0
DA:171,0
DA:175,0
DA:180,0
DA:181,0
DA:182,0
DA:184,0
DA:185,0
DA:188,0
DA:189,0
DA:190,0
DA:191,0
DA:194,0
DA:195,0
DA:197,0
DA:198,0
DA:202,0
DA:203,0
DA:204,0
DA:207,0
DA:210,0
DA:213,0
DA:214,0
DA:217,0
DA:220,0
DA:223,0
DA:224,0
DA:227,0
DA:228,0
DA:229,0
DA:232,0
DA:233,0
DA:234,0
DA:237,0
DA:240,0
DA:241,0
DA:243,0
DA:247,0
DA:248,0
DA:249,0
DA:250,0
DA:251,0
DA:252,0
DA:255,0
DA:256,0
DA:257,0
DA:258,0
DA:259,0
DA:262,0
DA:263,0
DA:264,0
DA:268,0
DA:269,0
DA:270,0
DA:271,0
DA:276,0
DA:277,0
DA:284,0
DA:286,0
DA:287,0
DA:288,0
DA:289,0
DA:291,0
DA:292,0
DA:293,0
DA:294,0
DA:296,0
DA:297,0
DA:298,0
DA:299,0
DA:302,0
DA:306,0
DA:307,0
DA:309,0
DA:314,0
DA:315,0
DA:318,0
DA:319,0
DA:322,0
DA:323,0
DA:324,0
DA:327,0
DA:328,0
DA:329,0
DA:331,0
DA:337,0
DA:338,0
DA:339,0
DA:340,0
DA:343,0
DA:344,0
DA:349,0
DA:351,0
DA:352,0
DA:358,0
DA:362,0
DA:363,0
DA:366,0
DA:371,0
DA:372,0
DA:374,0
DA:376,0
DA:377,0
DA:382,0
DA:383,0
DA:388,0
DA:390,0
DA:392,0
DA:393,0
DA:394,0
DA:395,0
DA:398,0
DA:399,0
DA:402,0
DA:403,0
DA:405,0
DA:406,0
DA:413,0
DA:414,0
DA:415,0
DA:416,0
DA:418,0
DA:420,0
DA:421,0
DA:422,0
DA:423,0
DA:427,0
DA:428,0
DA:443,0
DA:445,0
DA:446,0
DA:447,0
DA:448,0
DA:451,0
DA:452,0
DA:453,0
DA:456,0
DA:458,0
DA:460,0
DA:461,0
DA:462,0
DA:465,0
DA:466,0
DA:473,0
DA:474,0
DA:479,0
DA:481,0
DA:484,0
DA:485,0
DA:488,0
DA:494,0
DA:496,0
DA:497,0
DA:498,0
DA:505,0
DA:506,0
DA:507,0
DA:508,0
DA:509,0
DA:521,0
DA:522,0
DA:526,0
DA:529,0
DA:538,0
DA:539,0
DA:542,0
DA:543,0
DA:544,0
DA:551,0
DA:552,0
DA:553,0
DA:559,0
DA:562,0
DA:567,0
DA:568,0
DA:569,0
DA:570,0
DA:571,0
DA:574,0
DA:575,0
DA:576,0
DA:577,0
DA:578,0
DA:580,0
DA:581,0
DA:582,0
DA:583,0
DA:584,0
DA:588,0
DA:589,0
DA:590,0
DA:591,0
DA:592,0
DA:596,0
DA:603,0
DA:610,0
DA:611,0
DA:614,0
DA:617,0
DA:618,0
DA:620,0
DA:621,0
DA:624,0
DA:626,0
DA:629,0
DA:630,0
DA:636,0
DA:643,0
DA:644,0
DA:645,0
DA:646,0
DA:649,0
DA:653,0
DA:654,0
DA:655,0
DA:659,0
DA:660,0
DA:661,0
DA:667,0
DA:668,0
DA:669,0
DA:670,0
DA:677,0
DA:678,0
DA:679,0
DA:680,0
DA:681,0
DA:684,0
DA:690,0
DA:691,0
DA:692,0
DA:693,0
DA:694,0
DA:698,0
DA:699,0
DA:700,0
DA:701,0
DA:705,0
DA:706,0
DA:707,0
DA:708,0
DA:712,0
DA:715,0
DA:716,0
DA:720,0
DA:721,0
DA:724,0
DA:727,0
DA:731,0
DA:732,0
DA:735,0
DA:737,0
DA:738,0
DA:739,0
DA:740,0
DA:742,0
DA:743,0
DA:747,0
DA:748,0
DA:753,0
DA:754,0
DA:756,0
DA:757,0
DA:758,0
DA:759,0
DA:760,0
DA:761,0
DA:765,0
DA:769,0
DA:771,0
DA:773,0
DA:774,0
DA:775,0
DA:777,0
DA:778,0
DA:779,0
DA:781,0
DA:783,0
DA:784,0
DA:785,0
DA:787,0
DA:789,0
DA:790,0
DA:791,0
DA:793,0
DA:794,0
DA:795,0
DA:802,0
DA:803,0
DA:804,0
DA:805,0
DA:808,0
DA:809,0
DA:810,0
DA:813,0
DA:814,0
DA:816,0
DA:817,0
DA:819,0
DA:822,0
DA:827,0
DA:828,0
DA:834,0
DA:835,0
DA:836,0
DA:837,0
DA:844,0
DA:845,0
DA:847,0
DA:849,0
DA:851,0
DA:852,0
DA:854,0
DA:855,0
DA:856,0
DA:860,0
DA:861,0
DA:862,0
DA:864,0
DA:865,0
DA:866,0
DA:869,0
DA:870,0
DA:874,0
DA:875,0
DA:876,0
DA:879,0
DA:881,0
DA:884,0
DA:888,0
DA:889,0
DA:890,0
DA:893,0
DA:895,0
DA:898,0
DA:899,0
DA:900,0
DA:905,0
DA:906,0
DA:907,0
DA:908,0
DA:911,0
DA:917,0
DA:918,0
DA:919,0
DA:920,0
DA:921,0
DA:925,0
DA:926,0
DA:927,0
DA:928,0
DA:929,0
DA:932,0
DA:933,0
DA:934,0
DA:935,0
DA:941,0
DA:942,0
DA:943,0
DA:949,0
DA:950,0
DA:951,0
DA:954,0
DA:955,0
DA:956,0
DA:959,0
DA:960,0
DA:962,0
DA:963,0
DA:966,0
DA:967,0
DA:968,0
DA:969,0
DA:971,0
DA:972,0
DA:977,0
DA:981,0
DA:982,0
DA:985,0
DA:986,0
DA:987,0
DA:990,0
DA:993,0
DA:994,0
DA:995,0
DA:996,0
DA:997,0
DA:999,0
DA:1000,0
DA:1004,0
DA:1007,0
DA:1010,0
DA:1011,0
DA:1012,0
DA:1013,0
DA:1015,0
DA:1016,0
DA:1017,0
DA:1018,0
DA:1019,0
DA:1020,0
DA:1025,0
DA:1027,0
DA:1028,0
DA:1031,0
DA:1032,0
DA:1033,0
DA:1034,0
DA:1039,0
DA:1040,0
DA:1043,0
DA:1044,0
DA:1047,0
DA:1049,0
DA:1052,0
DA:1053,0
DA:1054,0
DA:1057,0
DA:1058,0
DA:1061,0
DA:1062,0
DA:1065,0
DA:1066,0
DA:1067,0
DA:1073,0
DA:1074,0
DA:1079,0
DA:1080,0
DA:1081,0
DA:1082,0
DA:1083,0
DA:1086,0
DA:1087,0
DA:1088,0
DA:1092,0
DA:1097,0
DA:1099,0
DA:1100,0
DA:1102,0
DA:1103,0
DA:1104,0
DA:1106,0
DA:1107,0
DA:1109,0
DA:1111,0
DA:1112,0
DA:1115,0
DA:1117,0
DA:1122,0
DA:1123,0
DA:1125,0
DA:1131,0
DA:1132,0
DA:1133,0
DA:1134,0
DA:1136,0
DA:1137,0
DA:1138,0
DA:1139,0
DA:1141,0
DA:1142,0
DA:1143,0
DA:1144,0
DA:1148,0
DA:1149,0
DA:1150,0
DA:1152,0
DA:1156,0
DA:1157,0
DA:1160,0
DA:1164,0
DA:1170,0
DA:1171,0
DA:1172,0
DA:1174,0
DA:1180,0
DA:1182,0
DA:1188,0
DA:1191,0
DA:1192,0
DA:1193,0
DA:1195,0
DA:1197,0
DA:1203,0
DA:1204,0
DA:1208,0
DA:1209,0
DA:1210,0
DA:1212,0
DA:1214,0
DA:1220,0
DA:1221,0
DA:1225,0
DA:1226,0
DA:1228,0
DA:1230,0
DA:1236,0
DA:1240,0
DA:1246,0
DA:1247,0
DA:1251,0
DA:1252,0
DA:1253,0
DA:1259,0
DA:1260,0
DA:1262,0
DA:1265,0
DA:1268,0
DA:1269,0
DA:1270,0
DA:1271,0
DA:1273,0
DA:1274,0
DA:1275,0
DA:1276,0
DA:1278,0
DA:1279,0
DA:1280,0
DA:1281,0
DA:1285,0
DA:1286,0
DA:1288,0
DA:1292,0
DA:1297,0
DA:1300,0
DA:1313,0
DA:1314,0
DA:1316,0
DA:1317,0
DA:1319,0
DA:1320,0
DA:1322,0
DA:1323,0
DA:1325,0
DA:1326,0
DA:1331,0
DA:1332,0
DA:1333,0
DA:1336,0
DA:1337,0
DA:1339,0
DA:1343,0
DA:1346,0
DA:1347,0
DA:1348,0
DA:1349,0
DA:1350,0
DA:1351,0
DA:1353,0
DA:1357,0
DA:1358,0
DA:1359,0
DA:1361,0
DA:1362,0
DA:1363,0
DA:1367,0
DA:1368,0
DA:1369,0
DA:1370,0
DA:1371,0
DA:1372,0
DA:1373,0
DA:1377,0
DA:1378,0
DA:1379,0
DA:1380,0
DA:1381,0
DA:1385,0
DA:1386,0
DA:1387,0
DA:1388,0
DA:1389,0
DA:1390,0
DA:1391,0
DA:1392,0
DA:1394,0
DA:1395,0
DA:1396,0
DA:1405,0
DA:1408,0
DA:1409,0
DA:1410,0
DA:1411,0
DA:1412,0
DA:1416,0
DA:1417,0
DA:1418,0
DA:1419,0
DA:1420,0
DA:1424,0
DA:1426,0
DA:1427,0
DA:1431,0
DA:1433,0
DA:1434,0
DA:1435,0
DA:1436,0
DA:1437,0
DA:1441,0
DA:1442,0
DA:1443,0
DA:1445,0
DA:1446,0
DA:1451,0
DA:1452,0
DA:1453,0
DA:1454,0
DA:1455,0
DA:1461,0
DA:1462,0
DA:1468,0
DA:1469,0
DA:1472,0
DA:1473,0
DA:1475,0
DA:1476,0
DA:1477,0
DA:1478,0
DA:1479,0
DA:1484,0
DA:1485,0
DA:1486,0
DA:1487,0
DA:1491,0
DA:1492,0
DA:1495,0
DA:1496,0
DA:1497,0
DA:1498,0
DA:1499,0
DA:1504,0
DA:1506,0
DA:1515,0
DA:1519,0
DA:1520,0
DA:1522,0
DA:1523,0
DA:1524,0
DA:1525,0
DA:1526,0
DA:1529,0
DA:1533,0
DA:1534,0
DA:1536,0
DA:1537,0
DA:1538,0
DA:1542,0
DA:1545,0
DA:1546,0
DA:1549,0
DA:1552,0
DA:1553,0
DA:1556,0
DA:1560,0
DA:1562,0
DA:1563,0
DA:1565,0
DA:1568,0
DA:1572,0
DA:1573,0
DA:1574,0
DA:1577,0
DA:1578,0
DA:1579,0
DA:1580,0
DA:1583,0
DA:1584,0
DA:1586,0
DA:1590,0
DA:1591,0
DA:1594,0
LF:692
LH:0
BRDA:169,0,0,0
BRDA:169,0,1,0
BRDA:170,1,0,0
BRDA:170,1,1,0
BRDA:178,2,0,0
BRDA:194,3,0,0
BRDA:194,3,1,0
BRDA:197,4,0,0
BRDA:197,4,1,0
BRDA:269,5,0,0
BRDA:269,5,1,0
BRDA:269,6,0,0
BRDA:269,6,1,0
BRDA:286,7,0,0
BRDA:286,7,1,0
BRDA:291,8,0,0
BRDA:291,8,1,0
BRDA:291,9,0,0
BRDA:291,9,1,0
BRDA:296,10,0,0
BRDA:296,10,1,0
BRDA:296,11,0,0
BRDA:296,11,1,0
BRDA:318,12,0,0
BRDA:318,12,1,0
BRDA:337,13,0,0
BRDA:337,13,1,0
BRDA:349,14,0,0
BRDA:349,14,1,0
BRDA:362,15,0,0
BRDA:362,15,1,0
BRDA:363,16,0,0
BRDA:363,16,1,0
BRDA:371,17,0,0
BRDA:371,17,1,0
BRDA:372,18,0,0
BRDA:372,18,1,0
BRDA:374,19,0,0
BRDA:374,19,1,0
BRDA:376,20,0,0
BRDA:376,20,1,0
BRDA:388,21,0,0
BRDA:388,21,1,0
BRDA:388,22,0,0
BRDA:388,22,1,0
BRDA:402,23,0,0
BRDA:402,23,1,0
BRDA:413,24,0,0
BRDA:413,24,1,0
BRDA:413,24,2,0
BRDA:422,25,0,0
BRDA:422,25,1,0
BRDA:430,26,0,0
BRDA:430,26,1,0
BRDA:431,27,0,0
BRDA:431,27,1,0
BRDA:435,28,0,0
BRDA:435,28,1,0
BRDA:479,29,0,0
BRDA:479,29,1,0
BRDA:497,30,0,0
BRDA:497,30,1,0
BRDA:508,31,0,0
BRDA:508,31,1,0
BRDA:538,32,0,0
BRDA:538,32,1,0
BRDA:538,33,0,0
BRDA:538,33,1,0
BRDA:543,34,0,0
BRDA:543,34,1,0
BRDA:551,35,0,0
BRDA:551,35,1,0
BRDA:588,36,0,0
BRDA:588,36,1,0
BRDA:591,37,0,0
BRDA:591,37,1,0
BRDA:592,38,0,0
BRDA:592,38,1,0
BRDA:610,39,0,0
BRDA:610,39,1,0
BRDA:629,40,0,0
BRDA:629,40,1,0
BRDA:643,41,0,0
BRDA:643,41,1,0
BRDA:644,42,0,0
BRDA:644,42,1,0
BRDA:653,43,0,0
BRDA:653,43,1,0
BRDA:659,44,0,0
BRDA:659,44,1,0
BRDA:667,45,0,0
BRDA:667,45,1,0
BRDA:669,46,0,0
BRDA:669,46,1,0
BRDA:679,47,0,0
BRDA:679,47,1,0
BRDA:691,48,0,0
BRDA:691,48,1,0
BRDA:693,49,0,0
BRDA:693,49,1,0
BRDA:698,50,0,0
BRDA:698,50,1,0
BRDA:700,51,0,0
BRDA:700,51,1,0
BRDA:705,52,0,0
BRDA:705,52,1,0
BRDA:707,53,0,0
BRDA:707,53,1,0
BRDA:707,54,0,0
BRDA:707,54,1,0
BRDA:715,55,0,0
BRDA:715,55,1,0
BRDA:732,56,0,0
BRDA:732,56,1,0
BRDA:735,57,0,0
BRDA:735,57,1,0
BRDA:738,58,0,0
BRDA:738,58,1,0
BRDA:757,59,0,0
BRDA:757,59,1,0
BRDA:757,60,0,0
BRDA:757,60,1,0
BRDA:760,61,0,0
BRDA:760,61,1,0
BRDA:771,62,0,0
BRDA:771,62,1,0
BRDA:771,63,0,0
BRDA:771,63,1,0
BRDA:773,64,0,0
BRDA:773,64,1,0
BRDA:781,65,0,0
BRDA:781,65,1,0
BRDA:781,66,0,0
BRDA:781,66,1,0
BRDA:781,66,2,0
BRDA:787,67,0,0
BRDA:787,67,1,0
BRDA:789,68,0,0
BRDA:789,68,1,0
BRDA:793,69,0,0
BRDA:793,69,1,0
BRDA:803,70,0,0
BRDA:803,70,1,0
BRDA:803,71,0,0
BRDA:803,71,1,0
BRDA:808,72,0,0
BRDA:808,72,1,0
BRDA:808,73,0,0
BRDA:808,73,1,0
BRDA:814,74,0,0
BRDA:814,74,1,0
BRDA:817,75,0,0
BRDA:817,75,1,0
BRDA:827,76,0,0
BRDA:827,76,1,0
BRDA:827,77,0,0
BRDA:827,77,1,0
BRDA:827,77,2,0
BRDA:834,78,0,0
BRDA:834,78,1,0
BRDA:834,79,0,0
BRDA:834,79,1,0
BRDA:836,80,0,0
BRDA:836,80,1,0
BRDA:836,81,0,0
BRDA:836,81,1,0
BRDA:844,82,0,0
BRDA:844,82,1,0
BRDA:849,83,0,0
BRDA:849,83,1,0
BRDA:852,84,0,0
BRDA:852,84,1,0
BRDA:855,85,0,0
BRDA:855,85,1,0
BRDA:864,86,0,0
BRDA:864,86,1,0
BRDA:888,87,0,0
BRDA:888,87,1,0
BRDA:907,88,0,0
BRDA:907,88,1,0
BRDA:917,89,0,0
BRDA:917,89,1,0
BRDA:919,90,0,0
BRDA:919,90,1,0
BRDA:925,91,0,0
BRDA:925,91,1,0
BRDA:927,92,0,0
BRDA:927,92,1,0
BRDA:933,93,0,0
BRDA:933,93,1,0
BRDA:942,94,0,0
BRDA:942,94,1,0
BRDA:950,95,0,0
BRDA:950,95,1,0
BRDA:951,96,0,0
BRDA:951,96,1,0
BRDA:954,97,0,0
BRDA:954,97,1,0
BRDA:962,98,0,0
BRDA:962,98,1,0
BRDA:963,99,0,0
BRDA:963,99,1,0
BRDA:982,100,0,0
BRDA:982,100,1,0
BRDA:985,101,0,0
BRDA:985,101,1,0
BRDA:993,102,0,0
BRDA:993,102,1,0
BRDA:994,103,0,0
BRDA:994,103,1,0
BRDA:1016,104,0,0
BRDA:1016,104,1,0
BRDA:1016,105,0,0
BRDA:1016,105,1,0
BRDA:1018,106,0,0
BRDA:1018,106,1,0
BRDA:1018,107,0,0
BRDA:1018,107,1,0
BRDA:1025,108,0,0
BRDA:1025,108,1,0
BRDA:1033,109,0,0
BRDA:1033,109,1,0
BRDA:1043,110,0,0
BRDA:1043,110,1,0
BRDA:1052,111,0,0
BRDA:1052,111,1,0
BRDA:1066,112,0,0
BRDA:1066,112,1,0
BRDA:1066,113,0,0
BRDA:1066,113,1,0
BRDA:1080,114,0,0
BRDA:1080,114,1,0
BRDA:1082,115,0,0
BRDA:1082,115,1,0
BRDA:1087,116,0,0
BRDA:1087,116,1,0
BRDA:1097,117,0,0
BRDA:1097,117,1,0
BRDA:1100,118,0,0
BRDA:1100,118,1,0
BRDA:1102,119,0,0
BRDA:1102,119,1,0
BRDA:1122,120,0,0
BRDA:1122,120,1,0
BRDA:1131,121,0,0
BRDA:1131,121,1,0
BRDA:1136,122,0,0
BRDA:1136,122,1,0
BRDA:1136,123,0,0
BRDA:1136,123,1,0
BRDA:1141,124,0,0
BRDA:1141,124,1,0
BRDA:1141,125,0,0
BRDA:1141,125,1,0
BRDA:1180,126,0,0
BRDA:1180,126,1,0
BRDA:1191,127,0,0
BRDA:1191,127,1,0
BRDA:1191,128,0,0
BRDA:1191,128,1,0
BRDA:1203,129,0,0
BRDA:1203,129,1,0
BRDA:1208,130,0,0
BRDA:1208,130,1,0
BRDA:1236,131,0,0
BRDA:1236,131,1,0
BRDA:1252,132,0,0
BRDA:1252,132,1,0
BRDA:1259,133,0,0
BRDA:1259,133,1,0
BRDA:1268,134,0,0
BRDA:1268,134,1,0
BRDA:1273,135,0,0
BRDA:1273,135,1,0
BRDA:1273,136,0,0
BRDA:1273,136,1,0
BRDA:1278,137,0,0
BRDA:1278,137,1,0
BRDA:1278,138,0,0
BRDA:1278,138,1,0
BRDA:1313,139,0,0
BRDA:1313,139,1,0
BRDA:1316,140,0,0
BRDA:1316,140,1,0
BRDA:1319,141,0,0
BRDA:1319,141,1,0
BRDA:1322,142,0,0
BRDA:1322,142,1,0
BRDA:1325,143,0,0
BRDA:1325,143,1,0
BRDA:1331,144,0,0
BRDA:1331,144,1,0
BRDA:1343,145,0,0
BRDA:1343,145,1,0
BRDA:1343,145,2,0
BRDA:1343,145,3,0
BRDA:1343,145,4,0
BRDA:1346,146,0,0
BRDA:1346,146,1,0
BRDA:1359,147,0,0
BRDA:1359,147,1,0
BRDA:1378,148,0,0
BRDA:1378,148,1,0
BRDA:1390,149,0,0
BRDA:1390,149,1,0
BRDA:1392,150,0,0
BRDA:1392,150,1,0
BRDA:1409,151,0,0
BRDA:1409,151,1,0
BRDA:1417,152,0,0
BRDA:1417,152,1,0
BRDA:1441,153,0,0
BRDA:1441,153,1,0
BRDA:1451,154,0,0
BRDA:1451,154,1,0
BRDA:1451,155,0,0
BRDA:1451,155,1,0
BRDA:1476,156,0,0
BRDA:1476,156,1,0
BRDA:1478,157,0,0
BRDA:1478,157,1,0
BRDA:1478,158,0,0
BRDA:1478,158,1,0
BRDA:1478,158,2,0
BRDA:1484,159,0,0
BRDA:1484,159,1,0
BRDA:1498,160,0,0
BRDA:1498,160,1,0
BRDA:1498,161,0,0
BRDA:1498,161,1,0
BRDA:1504,162,0,0
BRDA:1504,162,1,0
BRDA:1509,163,0,0
BRDA:1509,163,1,0
BRDA:1510,164,0,0
BRDA:1510,164,1,0
BRDA:1523,165,0,0
BRDA:1523,165,1,0
BRDA:1525,166,0,0
BRDA:1525,166,1,0
BRDA:1537,167,0,0
BRDA:1537,167,1,0
BRDA:1542,168,0,0
BRDA:1542,168,1,0
BRDA:1549,169,0,0
BRDA:1549,169,1,0
BRDA:1553,170,0,0
BRDA:1553,170,1,0
BRDA:1560,171,0,0
BRDA:1560,171,1,0
BRDA:1565,172,0,0
BRDA:1565,172,1,0
BRDA:1565,173,0,0
BRDA:1565,173,1,0
BRDA:1590,174,0,0
BRDA:1590,174,1,0
BRF:356
BRH:0
end_of_record
TN:
SF:src/typescript/scenes/DeadScene.ts
FN:15,(anonymous_0)
FN:19,(anonymous_1)
FN:34,(anonymous_2)
FN:66,(anonymous_3)
FNF:4
FNH:0
FNDA:0,(anonymous_0)
FNDA:0,(anonymous_1)
FNDA:0,(anonymous_2)
FNDA:0,(anonymous_3)
DA:16,0
DA:21,0
DA:22,0
DA:24,0
DA:25,0
DA:27,0
DA:28,0
DA:31,0
DA:35,0
DA:37,0
DA:38,0
DA:41,0
DA:42,0
DA:45,0
DA:46,0
DA:50,0
DA:51,0
DA:52,0
DA:54,0
DA:58,0
DA:66,0
DA:68,0
DA:69,0
DA:73,0
DA:74,0
LF:25
LH:0
BRDA:24,0,0,0
BRDA:24,0,1,0
BRDA:27,1,0,0
BRDA:27,1,1,0
BRDA:68,2,0,0
BRDA:68,2,1,0
BRF:6
BRH:0
end_of_record
TN:
SF:src/typescript/scenes/LoadingScene.ts
FN:37,(anonymous_0)
FN:41,(anonymous_1)
FN:46,(anonymous_2)
FN:57,(anonymous_3)
FN:62,(anonymous_4)
FN:73,(anonymous_5)
FN:126,(anonymous_6)
FN:154,(anonymous_7)
FN:161,(anonymous_8)
FN:175,(anonymous_9)
FN:206,(anonymous_10)
FN:214,(anonymous_11)
FN:228,(anonymous_12)
FN:233,(anonymous_13)
FN:247,(anonymous_14)
FN:257,(anonymous_15)
FNF:16
FNH:0
FNDA:0,(anonymous_0)
FNDA:0,(anonymous_1)
FNDA:0,(anonymous_2)
FNDA:0,(anonymous_3)
FNDA:0,(anonymous_4)
FNDA:0,(anonymous_5)
FNDA:0,(anonymous_6)
FNDA:0,(anonymous_7)
FNDA:0,(anonymous_8)
FNDA:0,(anonymous_9)
FNDA:0,(anonymous_10)
FNDA:0,(anonymous_11)
FNDA:0,(anonymous_12)
FNDA:0,(anonymous_13)
FNDA:0,(anonymous_14)
FNDA:0,(anonymous_15)
DA:21,0
DA:22,0
DA:26,0
DA:38,0
DA:43,0
DA:47,0
DA:50,0
DA:51,0
DA:54,0
DA:57,0
DA:58,0
DA:62,0
DA:63,0
DA:67,0
DA:70,0
DA:74,0
DA:75,0
DA:78,0
DA:79,0
DA:80,0
DA:83,0
DA:91,0
DA:99,0
DA:100,0
DA:101,0
DA:104,0
DA:107,0
DA:114,0
DA:123,0
DA:128,0
DA:138,0
DA:146,0
DA:155,0
DA:156,0
DA:157,0
DA:162,0
DA:163,0
DA:166,0
DA:167,0
DA:177,0
DA:178,0
DA:179,0
DA:180,0
DA:189,0
DA:192,0
DA:193,0
DA:207,0
DA:208,0
DA:211,0
DA:214,0
DA:217,0
DA:220,0
DA:223,0
DA:224,0
DA:229,0
DA:234,0
DA:237,0
DA:238,0
DA:242,0
DA:249,0
DA:252,0
DA:258,0
LF:62
LH:0
BRDA:156,0,0,0
BRDA:156,0,1,0
BRDA:192,1,0,0
BRDA:192,1,1,0
BRDA:237,2,0,0
BRDA:237,2,1,0
BRF:6
BRH:0
end_of_record
TN:
SF:src/typescript/scenes/MainMenuScene.ts
FN:26,(anonymous_0)
FN:30,(anonymous_1)
FN:39,(anonymous_2)
FN:65,(anonymous_3)
FN:81,(anonymous_4)
FN:112,(anonymous_5)
FN:113,(anonymous_6)
FN:116,(anonymous_7)
FN:136,(anonymous_8)
FN:183,(anonymous_9)
FN:188,(anonymous_10)
FN:193,(anonymous_11)
FN:200,(anonymous_12)
FNF:13
FNH:0
FNDA:0,(anonymous_0)
FNDA:0,(anonymous_1)
FNDA:0,(anonymous_2)
FNDA:0,(anonymous_3)
FNDA:0,(anonymous_4)
FNDA:0,(anonymous_5)
FNDA:0,(anonymous_6)
FNDA:0,(anonymous_7)
FNDA:0,(anonymous_8)
FNDA:0,(anonymous_9)
FNDA:0,(anonymous_10)
FNDA:0,(anonymous_11)
FNDA:0,(anonymous_12)
DA:27,0
DA:33,0
DA:34,0
DA:35,0
DA:40,0
DA:43,0
DA:44,0
DA:46,0
DA:47,0
DA:50,0
DA:53,0
DA:56,0
DA:59,0
DA:62,0
DA:67,0
DA:69,0
DA:70,0
DA:71,0
DA:74,0
DA:75,0
DA:76,0
DA:77,0
DA:83,0
DA:93,0
DA:101,0
DA:111,0
DA:112,0
DA:113,0
DA:114,0
DA:116,0
DA:117,0
DA:121,0
DA:128,0
DA:137,0
DA:138,0
DA:139,0
DA:142,0
DA:152,0
DA:153,0
DA:154,0
DA:156,0
DA:165,0
DA:174,0
DA:184,0
DA:185,0
DA:189,0
DA:190,0
DA:195,0
DA:196,0
DA:201,0
DA:204,0
DA:207,0
LF:52
LH:0
BRDA:34,0,0,0
BRDA:34,0,1,0
BRDA:69,1,0,0
BRDA:69,1,1,0
BRDA:144,2,0,0
BRDA:144,2,1,0
BRDA:145,3,0,0
BRDA:145,3,1,0
BRDA:195,4,0,0
BRDA:195,4,1,0
BRDA:195,5,0,0
BRDA:195,5,1,0
BRF:12
BRH:0
end_of_record
TN:
SF:src/typescript/scenes/VictoryScene.ts
FN:7,(anonymous_0)
FN:11,(anonymous_1)
FN:29,(anonymous_2)
FNF:3
FNH:0
FNDA:0,(anonymous_0)
FNDA:0,(anonymous_1)
FNDA:0,(anonymous_2)
DA:8,0
DA:12,0
DA:14,0
DA:15,0
DA:18,0
DA:20,0
DA:21,0
DA:23,0
DA:26,0
DA:29,0
LF:10
LH:0
BRDA:11,0,0,0
BRDA:20,1,0,0
BRDA:20,1,1,0
BRF:3
BRH:0
end_of_record
TN:
SF:src/typescript/scenes/WorldMapScene.ts
FN:71,(anonymous_0)
FN:75,(anonymous_1)
FN:85,(anonymous_2)
FN:92,(anonymous_3)
FN:130,(anonymous_4)
FN:141,(anonymous_5)
FN:148,(anonymous_6)
FN:156,(anonymous_7)
FN:167,(anonymous_8)
FN:174,(anonymous_9)
FN:191,(anonymous_10)
FN:230,(anonymous_11)
FN:272,(anonymous_12)
FN:281,(anonymous_13)
FN:323,(anonymous_14)
FNF:15
FNH:0
FNDA:0,(anonymous_0)
FNDA:0,(anonymous_1)
FNDA:0,(anonymous_2)
FNDA:0,(anonymous_3)
FNDA:0,(anonymous_4)
FNDA:0,(anonymous_5)
FNDA:0,(anonymous_6)
FNDA:0,(anonymous_7)
FNDA:0,(anonymous_8)
FNDA:0,(anonymous_9)
FNDA:0,(anonymous_10)
FNDA:0,(anonymous_11)
FNDA:0,(anonymous_12)
FNDA:0,(anonymous_13)
FNDA:0,(anonymous_14)
DA:16,0
DA:17,0
DA:30,0
DA:61,0
DA:72,0
DA:78,0
DA:85,0
DA:86,0
DA:87,0
DA:94,0
DA:97,0
DA:98,0
DA:99,0
DA:101,0
DA:102,0
DA:105,0
DA:108,0
DA:109,0
DA:110,0
DA:111,0
DA:114,0
DA:115,0
DA:116,0
DA:120,0
DA:121,0
DA:124,0
DA:127,0
DA:130,0
DA:131,0
DA:132,0
DA:133,0
DA:134,0
DA:135,0
DA:137,0
DA:143,0
DA:144,0
DA:150,0
DA:151,0
DA:152,0
DA:153,0
DA:154,0
DA:156,0
DA:157,0
DA:160,0
DA:163,0
DA:169,0
DA:170,0
DA:172,0
DA:175,0
DA:176,0
DA:177,0
DA:179,0
DA:180,0
DA:182,0
DA:185,0
DA:193,0
DA:194,0
DA:197,0
DA:201,0
DA:204,0
DA:210,0
DA:213,0
DA:214,0
DA:216,0
DA:219,0
DA:221,0
DA:224,0
DA:227,0
DA:232,0
DA:233,0
DA:234,0
DA:237,0
DA:240,0
DA:241,0
DA:242,0
DA:244,0
DA:245,0
DA:247,0
DA:251,0
DA:255,0
DA:256,0
DA:257,0
DA:260,0
DA:261,0
DA:265,0
DA:266,0
DA:269,0
DA:274,0
DA:275,0
DA:276,0
DA:277,0
DA:278,0
DA:283,0
DA:284,0
DA:285,0
DA:286,0
DA:287,0
DA:288,0
DA:289,0
DA:290,0
DA:291,0
DA:295,0
DA:296,0
DA:297,0
DA:298,0
DA:300,0
DA:301,0
DA:304,0
DA:305,0
DA:306,0
DA:307,0
DA:308,0
DA:312,0
DA:313,0
DA:317,0
DA:318,0
DA:325,0
DA:328,0
DA:330,0
DA:336,0
DA:337,0
DA:338,0
DA:341,0
LF:123
LH:0
BRDA:86,0,0,0
BRDA:86,0,1,0
BRDA:109,1,0,0
BRDA:109,1,1,0
BRDA:132,2,0,0
BRDA:132,2,1,0
BRDA:143,3,0,0
BRDA:143,3,1,0
BRDA:152,4,0,0
BRDA:152,4,1,0
BRDA:175,5,0,0
BRDA:175,5,1,0
BRDA:176,6,0,0
BRDA:176,6,1,0
BRDA:179,7,0,0
BRDA:179,7,1,0
BRDA:217,8,0,0
BRDA:217,8,1,0
BRDA:222,9,0,0
BRDA:222,9,1,0
BRDA:232,10,0,0
BRDA:232,10,1,0
BRDA:244,11,0,0
BRDA:244,11,1,0
BRDA:283,12,0,0
BRDA:283,12,1,0
BRDA:284,13,0,0
BRDA:284,13,1,0
BRDA:288,14,0,0
BRDA:288,14,1,0
BRDA:295,15,0,0
BRDA:295,15,1,0
BRDA:296,16,0,0
BRDA:296,16,1,0
BRDA:297,17,0,0
BRDA:297,17,1,0
BRDA:305,18,0,0
BRDA:305,18,1,0
BRDA:317,19,0,0
BRDA:317,19,1,0
BRF:40
BRH:0
end_of_record
