TN:
SF:src/typescript/game.ts
FN:68,(anonymous_0)
FNF:1
FNH:0
FNDA:0,(anonymous_0)
DA:20,0
DA:62,0
DA:68,0
DA:69,0
DA:74,0
DA:75,0
DA:76,0
LF:7
LH:0
BRF:0
BRH:0
end_of_record
TN:
SF:src/typescript/index.ts
FNF:0
FNH:0
DA:60,0
DA:61,0
LF:2
LH:0
BRF:0
BRH:0
end_of_record
TN:
SF:src/typescript/core/BattleLogic.ts
FN:13,(anonymous_0)
FN:17,(anonymous_1)
FN:37,(anonymous_2)
FN:50,(anonymous_3)
FN:58,(anonymous_4)
FN:68,(anonymous_5)
FN:103,(anonymous_6)
FN:108,(anonymous_7)
FN:126,(anonymous_8)
FN:138,(anonymous_9)
FN:140,(anonymous_10)
FN:141,(anonymous_11)
FN:145,(anonymous_12)
FNF:13
FNH:0
FNDA:0,(anonymous_0)
FNDA:0,(anonymous_1)
FNDA:0,(anonymous_2)
FNDA:0,(anonymous_3)
FNDA:0,(anonymous_4)
FNDA:0,(anonymous_5)
FNDA:0,(anonymous_6)
FNDA:0,(anonymous_7)
FNDA:0,(anonymous_8)
FNDA:0,(anonymous_9)
FNDA:0,(anonymous_10)
FNDA:0,(anonymous_11)
FNDA:0,(anonymous_12)
DA:8,0
DA:9,0
DA:10,0
DA:11,0
DA:14,0
DA:18,0
DA:20,0
DA:21,0
DA:24,0
DA:32,0
DA:33,0
DA:34,0
DA:38,0
DA:39,0
DA:51,0
DA:52,0
DA:53,0
DA:55,0
DA:59,0
DA:60,0
DA:61,0
DA:62,0
DA:63,0
DA:65,0
DA:69,0
DA:70,0
DA:73,0
DA:74,0
DA:75,0
DA:78,0
DA:79,0
DA:80,0
DA:81,0
DA:82,0
DA:84,0
DA:85,0
DA:86,0
DA:87,0
DA:89,0
DA:96,0
DA:99,0
DA:100,0
DA:105,0
DA:109,0
DA:110,0
DA:111,0
DA:114,0
DA:116,0
DA:117,0
DA:118,0
DA:119,0
DA:122,0
DA:123,0
DA:127,0
DA:128,0
DA:129,0
DA:130,0
DA:132,0
DA:133,0
DA:139,0
DA:140,0
DA:141,0
DA:146,0
LF:63
LH:0
BRDA:20,0,0,0
BRDA:20,0,1,0
BRDA:44,1,0,0
BRDA:44,1,1,0
BRDA:45,2,0,0
BRDA:45,2,1,0
BRDA:46,3,0,0
BRDA:46,3,1,0
BRDA:51,4,0,0
BRDA:51,4,1,0
BRDA:51,5,0,0
BRDA:51,5,1,0
BRDA:60,6,0,0
BRDA:60,6,1,0
BRDA:69,7,0,0
BRDA:69,7,1,0
BRDA:69,8,0,0
BRDA:69,8,1,0
BRDA:74,9,0,0
BRDA:74,9,1,0
BRDA:74,10,0,0
BRDA:74,10,1,0
BRDA:79,11,0,0
BRDA:79,11,1,0
BRDA:84,12,0,0
BRDA:84,12,1,0
BRDA:110,13,0,0
BRDA:110,13,1,0
BRDA:110,14,0,0
BRDA:110,14,1,0
BRDA:116,15,0,0
BRDA:116,15,1,0
BRDA:128,16,0,0
BRDA:128,16,1,0
BRF:34
BRH:0
end_of_record
TN:
SF:src/typescript/core/interfaces/ICombatSegregated.ts
FN:188,isCombatResult
FN:197,isDamageCalculation
FN:204,isHitCalculation
FNF:3
FNH:3
FNDA:4,isCombatResult
FNDA:4,isDamageCalculation
FNDA:4,isHitCalculation
DA:188,1
DA:189,4
DA:190,4
DA:197,1
DA:198,4
DA:199,4
DA:204,1
DA:205,4
DA:206,4
LF:9
LH:9
BRDA:189,0,0,0
BRDA:189,0,1,4
BRDA:189,1,0,4
BRDA:189,1,1,4
BRDA:189,1,2,4
BRDA:190,2,0,4
BRDA:190,2,1,2
BRDA:190,2,2,2
BRDA:190,2,3,2
BRDA:190,2,4,2
BRDA:198,3,0,0
BRDA:198,3,1,4
BRDA:198,4,0,4
BRDA:198,4,1,4
BRDA:198,4,2,4
BRDA:199,5,0,4
BRDA:199,5,1,2
BRDA:199,5,2,2
BRDA:205,6,0,0
BRDA:205,6,1,4
BRDA:205,7,0,4
BRDA:205,7,1,4
BRDA:205,7,2,4
BRDA:206,8,0,4
BRDA:206,8,1,2
BRDA:206,8,2,2
BRF:26
BRH:23
end_of_record
TN:
SF:src/typescript/core/interfaces/IEnemySegregated.ts
FN:182,isEnemyStats
FN:192,isEnemyDefense
FN:199,isEnemyAttack
FNF:3
FNH:3
FNDA:3,isEnemyStats
FNDA:2,isEnemyDefense
FNDA:2,isEnemyAttack
DA:182,1
DA:183,3
DA:184,2
DA:192,1
DA:193,2
DA:194,2
DA:199,1
DA:200,2
DA:201,2
LF:9
LH:9
BRDA:183,0,0,1
BRDA:183,0,1,2
BRDA:183,1,0,3
BRDA:183,1,1,2
BRDA:183,1,2,2
BRDA:184,2,0,2
BRDA:184,2,1,1
BRDA:184,2,2,1
BRDA:184,2,3,1
BRDA:184,2,4,1
BRDA:184,2,5,1
BRDA:193,3,0,0
BRDA:193,3,1,2
BRDA:193,4,0,2
BRDA:193,4,1,2
BRDA:193,4,2,2
BRDA:194,5,0,2
BRDA:194,5,1,1
BRDA:194,5,2,1
BRDA:200,6,0,0
BRDA:200,6,1,2
BRDA:200,7,0,2
BRDA:200,7,1,2
BRDA:200,7,2,2
BRDA:201,8,0,2
BRDA:201,8,1,1
BRDA:201,8,2,1
BRDA:201,8,3,1
BRDA:201,8,4,1
BRDA:201,8,5,1
BRF:30
BRH:28
end_of_record
TN:
SF:src/typescript/core/interfaces/IPlayerSegregated.ts
FN:169,isCharacterStats
FN:178,isCharacterSkills
FN:186,(anonymous_2)
FN:191,isInventoryValid
FNF:4
FNH:4
FNDA:6,isCharacterStats
FNDA:4,isCharacterSkills
FNDA:38,(anonymous_2)
FNDA:1,isInventoryValid
DA:169,1
DA:170,6
DA:171,4
DA:178,1
DA:179,4
DA:180,4
DA:186,4
DA:187,38
DA:191,1
DA:192,1
DA:193,1
LF:11
LH:11
BRDA:170,0,0,2
BRDA:170,0,1,4
BRDA:170,1,0,6
BRDA:170,1,1,4
BRDA:170,1,2,4
BRDA:171,2,0,4
BRDA:171,2,1,4
BRDA:171,2,2,3
BRDA:171,2,3,3
BRDA:171,2,4,3
BRDA:179,3,0,0
BRDA:179,3,1,4
BRDA:179,4,0,4
BRDA:179,4,1,4
BRDA:179,4,2,4
BRDA:187,5,0,38
BRDA:187,5,1,37
BRDA:192,6,0,0
BRDA:192,6,1,1
BRDA:192,7,0,1
BRDA:192,7,1,1
BRDA:192,7,2,1
BRDA:193,8,0,1
BRDA:193,8,1,1
BRDA:193,8,2,1
BRDA:193,8,3,1
BRF:26
BRH:24
end_of_record
TN:
SF:src/typescript/core/services/AssetLoaderService.ts
FN:28,(anonymous_0)
FN:50,(anonymous_1)
FN:60,(anonymous_2)
FN:68,(anonymous_3)
FN:109,(anonymous_4)
FN:117,(anonymous_5)
FN:127,(anonymous_6)
FN:149,(anonymous_7)
FN:172,(anonymous_8)
FN:179,(anonymous_9)
FN:203,(anonymous_10)
FN:213,(anonymous_11)
FN:218,(anonymous_12)
FN:231,(anonymous_13)
FN:235,(anonymous_14)
FN:241,(anonymous_15)
FN:255,(anonymous_16)
FN:259,(anonymous_17)
FN:267,(anonymous_18)
FN:283,(anonymous_19)
FN:287,(anonymous_20)
FN:293,(anonymous_21)
FN:305,(anonymous_22)
FN:308,(anonymous_23)
FN:309,(anonymous_24)
FN:315,(anonymous_25)
FN:324,(anonymous_26)
FN:330,(anonymous_27)
FN:337,(anonymous_28)
FN:341,(anonymous_29)
FN:346,(anonymous_30)
FN:351,(anonymous_31)
FN:359,(anonymous_32)
FN:367,(anonymous_33)
FN:373,(anonymous_34)
FN:395,(anonymous_35)
FN:412,(anonymous_36)
FN:419,(anonymous_37)
FN:426,(anonymous_38)
FN:427,(anonymous_39)
FN:433,(anonymous_40)
FN:443,(anonymous_41)
FN:451,(anonymous_42)
FN:454,(anonymous_43)
FN:455,(anonymous_44)
FN:465,(anonymous_45)
FNF:46
FNH:0
FNDA:0,(anonymous_0)
FNDA:0,(anonymous_1)
FNDA:0,(anonymous_2)
FNDA:0,(anonymous_3)
FNDA:0,(anonymous_4)
FNDA:0,(anonymous_5)
FNDA:0,(anonymous_6)
FNDA:0,(anonymous_7)
FNDA:0,(anonymous_8)
FNDA:0,(anonymous_9)
FNDA:0,(anonymous_10)
FNDA:0,(anonymous_11)
FNDA:0,(anonymous_12)
FNDA:0,(anonymous_13)
FNDA:0,(anonymous_14)
FNDA:0,(anonymous_15)
FNDA:0,(anonymous_16)
FNDA:0,(anonymous_17)
FNDA:0,(anonymous_18)
FNDA:0,(anonymous_19)
FNDA:0,(anonymous_20)
FNDA:0,(anonymous_21)
FNDA:0,(anonymous_22)
FNDA:0,(anonymous_23)
FNDA:0,(anonymous_24)
FNDA:0,(anonymous_25)
FNDA:0,(anonymous_26)
FNDA:0,(anonymous_27)
FNDA:0,(anonymous_28)
FNDA:0,(anonymous_29)
FNDA:0,(anonymous_30)
FNDA:0,(anonymous_31)
FNDA:0,(anonymous_32)
FNDA:0,(anonymous_33)
FNDA:0,(anonymous_34)
FNDA:0,(anonymous_35)
FNDA:0,(anonymous_36)
FNDA:0,(anonymous_37)
FNDA:0,(anonymous_38)
FNDA:0,(anonymous_39)
FNDA:0,(anonymous_40)
FNDA:0,(anonymous_41)
FNDA:0,(anonymous_42)
FNDA:0,(anonymous_43)
FNDA:0,(anonymous_44)
FNDA:0,(anonymous_45)
DA:30,0
DA:31,0
DA:32,0
DA:33,0
DA:34,0
DA:35,0
DA:38,0
DA:44,0
DA:51,0
DA:52,0
DA:54,0
DA:61,0
DA:62,0
DA:70,0
DA:103,0
DA:110,0
DA:112,0
DA:113,0
DA:116,0
DA:117,0
DA:118,0
DA:119,0
DA:123,0
DA:127,0
DA:128,0
DA:129,0
DA:132,0
DA:133,0
DA:134,0
DA:139,0
DA:149,0
DA:150,0
DA:153,0
DA:154,0
DA:155,0
DA:159,0
DA:168,0
DA:171,0
DA:172,0
DA:173,0
DA:174,0
DA:178,0
DA:179,0
DA:180,0
DA:184,0
DA:191,0
DA:194,0
DA:203,0
DA:204,0
DA:207,0
DA:214,0
DA:215,0
DA:218,0
DA:219,0
DA:223,0
DA:227,0
DA:228,0
DA:231,0
DA:232,0
DA:235,0
DA:236,0
DA:237,0
DA:238,0
DA:241,0
DA:242,0
DA:247,0
DA:248,0
DA:256,0
DA:259,0
DA:260,0
DA:268,0
DA:270,0
DA:273,0
DA:276,0
DA:277,0
DA:278,0
DA:281,0
DA:283,0
DA:284,0
DA:287,0
DA:288,0
DA:289,0
DA:290,0
DA:293,0
DA:294,0
DA:299,0
DA:306,0
DA:307,0
DA:308,0
DA:309,0
DA:312,0
DA:313,0
DA:315,0
DA:316,0
DA:317,0
DA:318,0
DA:319,0
DA:324,0
DA:325,0
DA:326,0
DA:330,0
DA:338,0
DA:341,0
DA:342,0
DA:346,0
DA:347,0
DA:351,0
DA:352,0
DA:360,0
DA:367,0
DA:374,0
DA:376,0
DA:377,0
DA:379,0
DA:381,0
DA:383,0
DA:385,0
DA:388,0
DA:396,0
DA:397,0
DA:400,0
DA:401,0
DA:402,0
DA:405,0
DA:406,0
DA:413,0
DA:420,0
DA:427,0
DA:434,0
DA:444,0
DA:445,0
DA:452,0
DA:454,0
DA:455,0
DA:457,0
DA:458,0
DA:459,0
DA:462,0
DA:465,0
DA:467,0
DA:468,0
DA:469,0
DA:470,0
DA:471,0
DA:472,0
DA:473,0
DA:474,0
DA:478,0
DA:479,0
LF:149
LH:0
BRDA:51,0,0,0
BRDA:51,0,1,0
BRDA:214,1,0,0
BRDA:214,1,1,0
BRDA:256,2,0,0
BRDA:256,2,1,0
BRDA:256,3,0,0
BRDA:256,3,1,0
BRDA:268,4,0,0
BRDA:268,4,1,0
BRDA:316,5,0,0
BRDA:316,5,1,0
BRDA:318,6,0,0
BRDA:318,6,1,0
BRDA:338,7,0,0
BRDA:338,7,1,0
BRDA:373,8,0,0
BRDA:374,9,0,0
BRDA:374,9,1,0
BRDA:377,10,0,0
BRDA:377,10,1,0
BRDA:377,10,2,0
BRDA:377,10,3,0
BRDA:383,11,0,0
BRDA:383,11,1,0
BRDA:395,12,0,0
BRDA:396,13,0,0
BRDA:396,13,1,0
BRDA:400,14,0,0
BRDA:400,14,1,0
BRDA:400,15,0,0
BRDA:400,15,1,0
BRDA:436,16,0,0
BRDA:436,16,1,0
BRDA:452,17,0,0
BRDA:452,17,1,0
BRDA:457,18,0,0
BRDA:457,18,1,0
BRDA:467,19,0,0
BRDA:467,19,1,0
BRDA:469,20,0,0
BRDA:469,20,1,0
BRDA:471,21,0,0
BRDA:471,21,1,0
BRDA:473,22,0,0
BRDA:473,22,1,0
BRF:46
BRH:0
end_of_record
TN:
SF:src/typescript/core/services/CombatService.ts
FN:13,(anonymous_0)
FN:15,(anonymous_1)
FN:25,(anonymous_2)
FN:58,(anonymous_3)
FN:96,(anonymous_4)
FN:118,(anonymous_5)
FN:163,(anonymous_6)
FN:179,(anonymous_7)
FN:198,(anonymous_8)
FN:210,(anonymous_9)
FN:214,(anonymous_10)
FN:227,(anonymous_11)
FNF:12
FNH:2
FNDA:1,(anonymous_0)
FNDA:20,(anonymous_1)
FNDA:0,(anonymous_2)
FNDA:0,(anonymous_3)
FNDA:0,(anonymous_4)
FNDA:0,(anonymous_5)
FNDA:0,(anonymous_6)
FNDA:0,(anonymous_7)
FNDA:0,(anonymous_8)
FNDA:0,(anonymous_9)
FNDA:0,(anonymous_10)
FNDA:0,(anonymous_11)
DA:10,1
DA:16,20
DA:17,1
DA:19,20
DA:30,0
DA:31,0
DA:33,0
DA:34,0
DA:43,0
DA:44,0
DA:46,0
DA:62,0
DA:63,0
DA:65,0
DA:66,0
DA:76,0
DA:79,0
DA:80,0
DA:82,0
DA:84,0
DA:101,0
DA:102,0
DA:105,0
DA:108,0
DA:109,0
DA:111,0
DA:112,0
DA:124,0
DA:127,0
DA:128,0
DA:129,0
DA:132,0
DA:135,0
DA:136,0
DA:137,0
DA:138,0
DA:142,0
DA:145,0
DA:146,0
DA:149,0
DA:151,0
DA:165,0
DA:166,0
DA:170,0
DA:171,0
DA:173,0
DA:180,0
DA:181,0
DA:184,0
DA:185,0
DA:187,0
DA:188,0
DA:189,0
DA:192,0
DA:199,0
DA:202,0
DA:203,0
DA:205,0
DA:211,0
DA:216,0
DA:224,0
DA:228,0
DA:229,0
DA:231,0
LF:64
LH:4
BRDA:16,0,0,1
BRDA:16,0,1,19
BRDA:33,1,0,0
BRDA:33,1,1,0
BRDA:65,2,0,0
BRDA:65,2,1,0
BRDA:105,3,0,0
BRDA:105,3,1,0
BRDA:127,4,0,0
BRDA:127,4,1,0
BRDA:129,5,0,0
BRDA:129,5,1,0
BRDA:135,6,0,0
BRDA:135,6,1,0
BRDA:145,7,0,0
BRDA:145,7,1,0
BRDA:165,8,0,0
BRDA:165,8,1,0
BRDA:171,9,0,0
BRDA:171,9,1,0
BRDA:180,10,0,0
BRDA:180,10,1,0
BRDA:185,11,0,0
BRDA:185,11,1,0
BRDA:187,12,0,0
BRDA:187,12,1,0
BRDA:224,13,0,0
BRDA:224,13,1,0
BRDA:228,14,0,0
BRDA:228,14,1,0
BRF:30
BRH:2
end_of_record
TN:
SF:src/typescript/core/services/EnemyService.ts
FN:12,(anonymous_0)
FN:16,(anonymous_1)
FN:26,(anonymous_2)
FN:33,(anonymous_3)
FN:51,(anonymous_4)
FN:71,(anonymous_5)
FN:78,(anonymous_6)
FN:79,(anonymous_7)
FN:85,(anonymous_8)
FN:96,(anonymous_9)
FN:134,(anonymous_10)
FN:141,(anonymous_11)
FN:148,(anonymous_12)
FN:155,(anonymous_13)
FN:164,(anonymous_14)
FN:171,(anonymous_15)
FN:228,(anonymous_16)
FNF:17
FNH:5
FNDA:1,(anonymous_0)
FNDA:20,(anonymous_1)
FNDA:0,(anonymous_2)
FNDA:0,(anonymous_3)
FNDA:0,(anonymous_4)
FNDA:0,(anonymous_5)
FNDA:0,(anonymous_6)
FNDA:0,(anonymous_7)
FNDA:0,(anonymous_8)
FNDA:5,(anonymous_9)
FNDA:0,(anonymous_10)
FNDA:0,(anonymous_11)
FNDA:0,(anonymous_12)
FNDA:0,(anonymous_13)
FNDA:0,(anonymous_14)
FNDA:1,(anonymous_15)
FNDA:5,(anonymous_16)
DA:8,1
DA:10,1
DA:13,1
DA:17,20
DA:18,1
DA:20,20
DA:27,0
DA:34,0
DA:35,0
DA:38,0
DA:39,0
DA:41,0
DA:52,0
DA:53,0
DA:55,0
DA:56,0
DA:58,0
DA:59,0
DA:60,0
DA:61,0
DA:65,0
DA:72,0
DA:79,0
DA:86,0
DA:87,0
DA:89,0
DA:90,0
DA:97,5
DA:135,0
DA:142,0
DA:149,0
DA:156,0
DA:158,0
DA:159,0
DA:165,0
DA:172,1
DA:228,1
DA:229,5
DA:230,5
LF:39
LH:11
BRDA:17,0,0,1
BRDA:17,0,1,19
BRDA:27,1,0,0
BRDA:27,1,1,0
BRDA:35,2,0,0
BRDA:35,2,1,0
BRDA:53,3,0,0
BRDA:53,3,1,0
BRDA:60,4,0,0
BRDA:60,4,1,0
BRDA:87,5,0,0
BRDA:87,5,1,0
BRDA:104,6,0,5
BRDA:104,6,1,0
BRDA:127,7,0,5
BRDA:127,7,1,0
BRDA:156,8,0,0
BRDA:156,8,1,0
BRF:18
BRH:4
end_of_record
TN:
SF:src/typescript/core/services/GameDataService.ts
FN:12,(anonymous_0)
FN:14,(anonymous_1)
FN:21,(anonymous_2)
FN:28,(anonymous_3)
FN:74,(anonymous_4)
FN:84,(anonymous_5)
FN:94,(anonymous_6)
FN:101,(anonymous_7)
FN:108,(anonymous_8)
FN:115,(anonymous_9)
FN:124,(anonymous_10)
FN:140,(anonymous_11)
FN:147,(anonymous_12)
FN:154,(anonymous_13)
FN:161,(anonymous_14)
FN:170,(anonymous_15)
FN:177,(anonymous_16)
FN:186,(anonymous_17)
FN:193,(anonymous_18)
FN:202,(anonymous_19)
FN:209,(anonymous_20)
FN:220,(anonymous_21)
FN:227,(anonymous_22)
FN:240,(anonymous_23)
FN:249,(anonymous_24)
FN:256,(anonymous_25)
FN:269,(anonymous_26)
FN:278,(anonymous_27)
FN:287,(anonymous_28)
FN:299,(anonymous_29)
FN:308,(anonymous_30)
FN:315,(anonymous_31)
FN:324,(anonymous_32)
FN:331,(anonymous_33)
FN:340,(anonymous_34)
FN:347,(anonymous_35)
FN:356,(anonymous_36)
FN:363,(anonymous_37)
FN:372,(anonymous_38)
FN:379,(anonymous_39)
FNF:40
FNH:16
FNDA:28,(anonymous_0)
FNDA:30,(anonymous_1)
FNDA:0,(anonymous_2)
FNDA:30,(anonymous_3)
FNDA:26,(anonymous_4)
FNDA:1137,(anonymous_5)
FNDA:113,(anonymous_6)
FNDA:2,(anonymous_7)
FNDA:2,(anonymous_8)
FNDA:1,(anonymous_9)
FNDA:3,(anonymous_10)
FNDA:0,(anonymous_11)
FNDA:0,(anonymous_12)
FNDA:2,(anonymous_13)
FNDA:2,(anonymous_14)
FNDA:9,(anonymous_15)
FNDA:1,(anonymous_16)
FNDA:0,(anonymous_17)
FNDA:0,(anonymous_18)
FNDA:0,(anonymous_19)
FNDA:0,(anonymous_20)
FNDA:0,(anonymous_21)
FNDA:0,(anonymous_22)
FNDA:0,(anonymous_23)
FNDA:0,(anonymous_24)
FNDA:0,(anonymous_25)
FNDA:0,(anonymous_26)
FNDA:24,(anonymous_27)
FNDA:6,(anonymous_28)
FNDA:0,(anonymous_29)
FNDA:0,(anonymous_30)
FNDA:0,(anonymous_31)
FNDA:0,(anonymous_32)
FNDA:0,(anonymous_33)
FNDA:0,(anonymous_34)
FNDA:0,(anonymous_35)
FNDA:0,(anonymous_36)
FNDA:0,(anonymous_37)
FNDA:0,(anonymous_38)
FNDA:0,(anonymous_39)
DA:7,1
DA:9,28
DA:10,28
DA:15,30
DA:16,28
DA:18,30
DA:22,0
DA:29,30
DA:75,26
DA:76,26
DA:77,26
DA:85,1137
DA:86,0
DA:88,1137
DA:95,113
DA:102,2
DA:109,2
DA:116,1
DA:117,1
DA:125,3
DA:126,3
DA:127,3
DA:128,2
DA:129,1
DA:132,1
DA:134,2
DA:141,0
DA:148,0
DA:155,2
DA:162,2
DA:163,2
DA:164,2
DA:171,9
DA:178,1
DA:179,1
DA:180,1
DA:187,0
DA:194,0
DA:195,0
DA:196,0
DA:203,0
DA:210,0
DA:211,0
DA:212,0
DA:213,0
DA:221,0
DA:228,0
DA:229,0
DA:230,0
DA:231,0
DA:232,0
DA:234,0
DA:241,0
DA:242,0
DA:243,0
DA:250,0
DA:257,0
DA:258,0
DA:259,0
DA:260,0
DA:261,0
DA:263,0
DA:270,0
DA:271,0
DA:272,0
DA:280,24
DA:281,23
DA:288,6
DA:289,6
DA:290,6
DA:291,16
DA:293,6
DA:300,0
DA:301,0
DA:302,0
DA:309,0
DA:316,0
DA:317,0
DA:318,0
DA:325,0
DA:332,0
DA:333,0
DA:334,0
DA:341,0
DA:348,0
DA:349,0
DA:350,0
DA:357,0
DA:364,0
DA:365,0
DA:366,0
DA:373,0
DA:380,0
DA:381,0
DA:382,0
LF:95
LH:39
BRDA:15,0,0,28
BRDA:15,0,1,2
BRDA:75,1,0,26
BRDA:75,1,1,0
BRDA:85,2,0,0
BRDA:85,2,1,1137
BRDA:116,3,0,1
BRDA:116,3,1,0
BRDA:127,4,0,2
BRDA:127,4,1,1
BRDA:211,5,0,0
BRDA:211,5,1,0
BRDA:229,6,0,0
BRDA:229,6,1,0
BRDA:240,7,0,0
BRDA:242,8,0,0
BRDA:242,8,1,0
BRDA:256,9,0,0
BRDA:258,10,0,0
BRDA:258,10,1,0
BRDA:271,11,0,0
BRDA:271,11,1,0
BRDA:280,12,0,1
BRDA:280,12,1,23
BRF:24
BRH:9
end_of_record
TN:
SF:src/typescript/core/services/GameStateService.ts
FN:22,(anonymous_0)
FN:29,(anonymous_1)
FN:39,(anonymous_2)
FN:58,(anonymous_3)
FN:65,(anonymous_4)
FN:72,(anonymous_5)
FN:79,(anonymous_6)
FN:86,(anonymous_7)
FN:93,(anonymous_8)
FN:111,(anonymous_9)
FN:128,(anonymous_10)
FN:140,(anonymous_11)
FN:149,(anonymous_12)
FN:156,(anonymous_13)
FN:163,(anonymous_14)
FN:170,(anonymous_15)
FN:177,(anonymous_16)
FN:183,(anonymous_17)
FN:197,(anonymous_18)
FN:243,(anonymous_19)
FN:250,(anonymous_20)
FN:257,(anonymous_21)
FNF:22
FNH:0
FNDA:0,(anonymous_0)
FNDA:0,(anonymous_1)
FNDA:0,(anonymous_2)
FNDA:0,(anonymous_3)
FNDA:0,(anonymous_4)
FNDA:0,(anonymous_5)
FNDA:0,(anonymous_6)
FNDA:0,(anonymous_7)
FNDA:0,(anonymous_8)
FNDA:0,(anonymous_9)
FNDA:0,(anonymous_10)
FNDA:0,(anonymous_11)
FNDA:0,(anonymous_12)
FNDA:0,(anonymous_13)
FNDA:0,(anonymous_14)
FNDA:0,(anonymous_15)
FNDA:0,(anonymous_16)
FNDA:0,(anonymous_17)
FNDA:0,(anonymous_18)
FNDA:0,(anonymous_19)
FNDA:0,(anonymous_20)
FNDA:0,(anonymous_21)
DA:18,0
DA:19,0
DA:20,0
DA:23,0
DA:24,0
DA:25,0
DA:26,0
DA:30,0
DA:31,0
DA:33,0
DA:40,0
DA:41,0
DA:42,0
DA:46,0
DA:49,0
DA:51,0
DA:52,0
DA:59,0
DA:66,0
DA:73,0
DA:80,0
DA:87,0
DA:94,0
DA:95,0
DA:96,0
DA:97,0
DA:101,0
DA:102,0
DA:103,0
DA:104,0
DA:112,0
DA:113,0
DA:114,0
DA:115,0
DA:116,0
DA:117,0
DA:120,0
DA:122,0
DA:129,0
DA:130,0
DA:133,0
DA:134,0
DA:141,0
DA:142,0
DA:143,0
DA:150,0
DA:157,0
DA:164,0
DA:171,0
DA:178,0
DA:184,0
DA:185,0
DA:186,0
DA:187,0
DA:190,0
DA:194,0
DA:198,0
DA:244,0
DA:251,0
DA:258,0
LF:60
LH:0
BRDA:30,0,0,0
BRDA:30,0,1,0
BRDA:40,1,0,0
BRDA:40,1,1,0
BRDA:46,2,0,0
BRDA:46,2,1,0
BRDA:95,3,0,0
BRDA:95,3,1,0
BRDA:102,4,0,0
BRDA:102,4,1,0
BRDA:114,5,0,0
BRDA:114,5,1,0
BRDA:186,6,0,0
BRDA:186,6,1,0
BRF:14
BRH:0
end_of_record
TN:
SF:src/typescript/core/services/PlayerService.ts
FN:11,(anonymous_0)
FN:13,(anonymous_1)
FN:23,(anonymous_2)
FN:36,(anonymous_3)
FN:47,(anonymous_4)
FN:54,(anonymous_5)
FN:63,(anonymous_6)
FN:79,(anonymous_7)
FN:111,(anonymous_8)
FN:120,(anonymous_9)
FN:131,(anonymous_10)
FN:140,(anonymous_11)
FN:151,(anonymous_12)
FN:177,(anonymous_13)
FN:185,(anonymous_14)
FN:189,(anonymous_15)
FN:206,(anonymous_16)
FN:226,(anonymous_17)
FN:230,(anonymous_18)
FN:234,(anonymous_19)
FN:238,(anonymous_20)
FNF:21
FNH:21
FNDA:28,(anonymous_0)
FNDA:49,(anonymous_1)
FNDA:28,(anonymous_2)
FNDA:19,(anonymous_3)
FNDA:126,(anonymous_4)
FNDA:106,(anonymous_5)
FNDA:103,(anonymous_6)
FNDA:8,(anonymous_7)
FNDA:2,(anonymous_8)
FNDA:1,(anonymous_9)
FNDA:1,(anonymous_10)
FNDA:2,(anonymous_11)
FNDA:1,(anonymous_12)
FNDA:2,(anonymous_13)
FNDA:35,(anonymous_14)
FNDA:28,(anonymous_15)
FNDA:28,(anonymous_16)
FNDA:47,(anonymous_17)
FNDA:28,(anonymous_18)
FNDA:110,(anonymous_19)
FNDA:7,(anonymous_20)
DA:7,2
DA:9,28
DA:14,49
DA:15,28
DA:17,49
DA:25,28
DA:26,28
DA:36,19
DA:40,28
DA:41,28
DA:48,126
DA:55,106
DA:56,106
DA:64,103
DA:66,103
DA:67,103
DA:69,103
DA:70,7
DA:71,7
DA:73,96
DA:80,8
DA:81,1
DA:84,7
DA:87,7
DA:89,3
DA:90,3
DA:93,1
DA:96,1
DA:99,1
DA:102,1
DA:105,7
DA:112,2
DA:113,1
DA:121,1
DA:122,1
DA:123,1
DA:125,0
DA:132,1
DA:133,1
DA:141,2
DA:142,1
DA:143,1
DA:145,1
DA:152,1
DA:155,1
DA:170,1
DA:177,2
DA:186,35
DA:190,28
DA:207,28
DA:227,47
DA:231,28
DA:235,110
DA:239,7
DA:241,7
DA:242,7
DA:243,7
DA:246,7
DA:247,7
LF:59
LH:58
BRDA:14,0,0,28
BRDA:14,0,1,21
BRDA:25,1,0,28
BRDA:25,1,1,22
BRDA:28,2,0,28
BRDA:28,2,1,18
BRDA:29,3,0,28
BRDA:29,3,1,17
BRDA:30,4,0,28
BRDA:30,4,1,18
BRDA:31,5,0,28
BRDA:31,5,1,26
BRDA:34,6,0,28
BRDA:34,6,1,20
BRDA:35,7,0,28
BRDA:35,7,1,20
BRDA:36,8,0,28
BRDA:36,8,1,20
BRDA:55,9,0,106
BRDA:55,9,1,0
BRDA:64,10,0,0
BRDA:64,10,1,103
BRDA:69,11,0,7
BRDA:69,11,1,96
BRDA:80,12,0,1
BRDA:80,12,1,7
BRDA:80,13,0,8
BRDA:80,13,1,8
BRDA:87,14,0,3
BRDA:87,14,1,1
BRDA:87,14,2,1
BRDA:87,14,3,1
BRDA:87,14,4,1
BRDA:112,15,0,1
BRDA:112,15,1,1
BRDA:112,16,0,2
BRDA:112,16,1,2
BRDA:121,17,0,1
BRDA:121,17,1,0
BRDA:121,18,0,1
BRDA:121,18,1,1
BRDA:132,19,0,1
BRDA:132,19,1,0
BRDA:141,20,0,1
BRDA:141,20,1,1
BRDA:141,21,0,2
BRDA:141,21,1,2
BRDA:152,22,0,0
BRDA:152,22,1,1
BRDA:191,23,0,28
BRDA:191,23,1,22
BRDA:192,24,0,28
BRDA:192,24,1,23
BRDA:193,25,0,28
BRDA:193,25,1,24
BRDA:194,26,0,28
BRDA:194,26,1,25
BRDA:195,27,0,28
BRDA:195,27,1,25
BRDA:196,28,0,28
BRDA:196,28,1,25
BRDA:197,29,0,28
BRDA:197,29,1,25
BRDA:198,30,0,28
BRDA:198,30,1,25
BRDA:199,31,0,28
BRDA:199,31,1,28
BRDA:199,31,2,25
BRDA:200,32,0,28
BRDA:200,32,1,25
BRDA:201,33,0,28
BRDA:201,33,1,25
BRDA:202,34,0,28
BRDA:202,34,1,25
BRDA:209,35,0,28
BRDA:209,35,1,23
BRDA:210,36,0,28
BRDA:210,36,1,23
BRDA:211,37,0,28
BRDA:211,37,1,25
BRDA:212,38,0,28
BRDA:212,38,1,25
BRDA:213,39,0,28
BRDA:213,39,1,25
BRDA:216,40,0,28
BRDA:216,40,1,20
BRDA:217,41,0,28
BRDA:217,41,1,20
BRDA:218,42,0,28
BRDA:218,42,1,28
BRDA:219,43,0,28
BRDA:219,43,1,28
BRDA:220,44,0,28
BRDA:220,44,1,28
BRDA:221,45,0,28
BRDA:221,45,1,28
BRDA:239,46,0,0
BRDA:239,46,1,7
BRF:98
BRH:92
end_of_record
TN:
SF:src/typescript/core/services/WeaponService.ts
FN:12,(anonymous_0)
FN:16,(anonymous_1)
FN:26,(anonymous_2)
FN:33,(anonymous_3)
FN:40,(anonymous_4)
FN:41,(anonymous_5)
FN:47,(anonymous_6)
FN:48,(anonymous_7)
FN:54,(anonymous_8)
FN:62,(anonymous_9)
FN:70,(anonymous_10)
FN:83,(anonymous_11)
FN:93,(anonymous_12)
FN:115,(anonymous_13)
FN:249,(anonymous_14)
FNF:15
FNH:4
FNDA:1,(anonymous_0)
FNDA:20,(anonymous_1)
FNDA:0,(anonymous_2)
FNDA:0,(anonymous_3)
FNDA:0,(anonymous_4)
FNDA:0,(anonymous_5)
FNDA:0,(anonymous_6)
FNDA:0,(anonymous_7)
FNDA:0,(anonymous_8)
FNDA:0,(anonymous_9)
FNDA:0,(anonymous_10)
FNDA:0,(anonymous_11)
FNDA:0,(anonymous_12)
FNDA:1,(anonymous_13)
FNDA:12,(anonymous_14)
DA:8,1
DA:10,1
DA:13,1
DA:17,20
DA:18,1
DA:20,20
DA:27,0
DA:34,0
DA:41,0
DA:48,0
DA:55,0
DA:56,0
DA:63,0
DA:64,0
DA:71,0
DA:72,0
DA:74,0
DA:75,0
DA:77,0
DA:84,0
DA:85,0
DA:87,0
DA:94,0
DA:109,0
DA:116,1
DA:249,1
DA:250,12
LF:27
LH:9
BRDA:17,0,0,1
BRDA:17,0,1,19
BRDA:27,1,0,0
BRDA:27,1,1,0
BRDA:56,2,0,0
BRDA:56,2,1,0
BRDA:64,3,0,0
BRDA:64,3,1,0
BRDA:72,4,0,0
BRDA:72,4,1,0
BRDA:74,5,0,0
BRDA:74,5,1,0
BRDA:85,6,0,0
BRDA:85,6,1,0
BRDA:109,7,0,0
BRDA:109,7,1,0
BRF:16
BRH:2
end_of_record
TN:
SF:src/typescript/core/services/assets/AssetCache.ts
FN:10,(anonymous_0)
FN:19,(anonymous_1)
FN:26,(anonymous_2)
FN:49,(anonymous_3)
FN:70,(anonymous_4)
FN:71,(anonymous_5)
FN:77,(anonymous_6)
FN:78,(anonymous_7)
FN:84,(anonymous_8)
FN:111,(anonymous_9)
FN:145,(anonymous_10)
FN:159,(anonymous_11)
FNF:12
FNH:11
FNDA:22,(anonymous_0)
FNDA:9,(anonymous_1)
FNDA:13,(anonymous_2)
FNDA:1,(anonymous_3)
FNDA:1,(anonymous_4)
FNDA:2,(anonymous_5)
FNDA:1,(anonymous_6)
FNDA:2,(anonymous_7)
FNDA:2,(anonymous_8)
FNDA:5,(anonymous_9)
FNDA:1,(anonymous_10)
FNDA:0,(anonymous_11)
DA:7,1
DA:8,22
DA:11,22
DA:12,1
DA:20,9
DA:27,13
DA:29,9
DA:30,9
DA:32,7
DA:34,1
DA:36,1
DA:38,0
DA:41,0
DA:42,0
DA:54,1
DA:55,1
DA:58,0
DA:59,0
DA:60,0
DA:63,0
DA:64,0
DA:71,2
DA:78,2
DA:90,2
DA:91,1
DA:94,1
DA:95,1
DA:96,1
DA:100,1
DA:112,5
DA:114,1
DA:115,1
DA:117,1
DA:118,1
DA:119,1
DA:121,0
DA:123,0
DA:124,0
DA:125,0
DA:127,0
DA:129,0
DA:130,0
DA:131,0
DA:133,0
DA:135,0
DA:137,0
DA:138,0
DA:150,1
DA:151,0
DA:154,1
DA:155,1
DA:157,1
DA:159,1
DA:160,0
DA:161,0
DA:162,0
DA:167,0
DA:169,0
DA:171,1
DA:172,1
LF:60
LH:34
BRDA:11,0,0,1
BRDA:11,0,1,21
BRDA:26,1,0,0
BRDA:27,2,0,4
BRDA:27,2,1,9
BRDA:30,3,0,7
BRDA:30,3,1,1
BRDA:30,3,2,1
BRDA:30,3,3,0
BRDA:36,4,0,1
BRDA:36,4,1,0
BRDA:52,5,0,0
BRDA:54,6,0,1
BRDA:54,6,1,0
BRDA:58,7,0,0
BRDA:58,7,1,0
BRDA:58,8,0,0
BRDA:58,8,1,0
BRDA:70,9,0,0
BRDA:77,10,0,0
BRDA:90,11,0,1
BRDA:90,11,1,1
BRDA:94,12,0,0
BRDA:94,12,1,1
BRDA:95,13,0,1
BRDA:95,13,1,0
BRDA:96,14,0,1
BRDA:96,14,1,0
BRDA:112,15,0,4
BRDA:112,15,1,1
BRDA:115,16,0,1
BRDA:115,16,1,0
BRDA:115,16,2,0
BRDA:117,17,0,1
BRDA:117,17,1,0
BRDA:123,18,0,0
BRDA:123,18,1,0
BRDA:129,19,0,0
BRDA:129,19,1,0
BRDA:150,20,0,0
BRDA:150,20,1,1
BRDA:161,21,0,0
BRDA:161,21,1,0
BRDA:161,22,0,0
BRDA:161,22,1,0
BRDA:167,23,0,0
BRDA:167,23,1,0
BRF:47
BRH:19
end_of_record
TN:
SF:src/typescript/core/services/assets/AssetLoader.ts
FN:39,(anonymous_0)
FN:48,(anonymous_1)
FN:55,(anonymous_2)
FN:71,(anonymous_3)
FN:72,(anonymous_4)
FN:76,(anonymous_5)
FN:82,(anonymous_6)
FN:91,(anonymous_7)
FN:103,(anonymous_8)
FN:113,(anonymous_9)
FN:121,(anonymous_10)
FN:194,(anonymous_11)
FN:209,(anonymous_12)
FN:217,(anonymous_13)
FN:218,(anonymous_14)
FN:266,(anonymous_15)
FN:276,(anonymous_16)
FN:277,(anonymous_17)
FN:278,(anonymous_18)
FN:287,(anonymous_19)
FN:307,(anonymous_20)
FN:317,(anonymous_21)
FN:318,(anonymous_22)
FN:319,(anonymous_23)
FN:326,(anonymous_24)
FN:362,(anonymous_25)
FN:375,(anonymous_26)
FN:385,(anonymous_27)
FN:401,(anonymous_28)
FN:427,(anonymous_29)
FN:428,(anonymous_30)
FN:439,(anonymous_31)
FN:443,(anonymous_32)
FN:444,(anonymous_33)
FN:445,(anonymous_34)
FN:451,(anonymous_35)
FNF:36
FNH:29
FNDA:20,(anonymous_0)
FNDA:16,(anonymous_1)
FNDA:2,(anonymous_2)
FNDA:8,(anonymous_3)
FNDA:8,(anonymous_4)
FNDA:8,(anonymous_5)
FNDA:0,(anonymous_6)
FNDA:8,(anonymous_7)
FNDA:8,(anonymous_8)
FNDA:0,(anonymous_9)
FNDA:0,(anonymous_10)
FNDA:1,(anonymous_11)
FNDA:2,(anonymous_12)
FNDA:2,(anonymous_13)
FNDA:2,(anonymous_14)
FNDA:0,(anonymous_15)
FNDA:0,(anonymous_16)
FNDA:0,(anonymous_17)
FNDA:0,(anonymous_18)
FNDA:5,(anonymous_19)
FNDA:2,(anonymous_20)
FNDA:4,(anonymous_21)
FNDA:2,(anonymous_22)
FNDA:2,(anonymous_23)
FNDA:1,(anonymous_24)
FNDA:2,(anonymous_25)
FNDA:4,(anonymous_26)
FNDA:2,(anonymous_27)
FNDA:4,(anonymous_28)
FNDA:6,(anonymous_29)
FNDA:6,(anonymous_30)
FNDA:1,(anonymous_31)
FNDA:2,(anonymous_32)
FNDA:2,(anonymous_33)
FNDA:2,(anonymous_34)
FNDA:2,(anonymous_35)
DA:29,1
DA:30,20
DA:31,20
DA:40,20
DA:41,1
DA:49,16
DA:62,2
DA:63,0
DA:66,2
DA:67,2
DA:68,2
DA:69,2
DA:71,2
DA:72,8
DA:73,8
DA:76,8
DA:77,8
DA:78,8
DA:82,8
DA:83,0
DA:84,0
DA:85,0
DA:86,0
DA:87,0
DA:91,8
DA:92,8
DA:93,8
DA:94,8
DA:95,8
DA:96,8
DA:97,8
DA:102,8
DA:103,8
DA:104,8
DA:108,8
DA:110,8
DA:113,8
DA:114,0
DA:115,0
DA:116,0
DA:117,0
DA:121,8
DA:122,0
DA:123,0
DA:124,0
DA:125,0
DA:129,8
DA:130,8
DA:133,8
DA:135,4
DA:136,4
DA:138,4
DA:139,4
DA:141,0
DA:142,0
DA:146,8
DA:147,8
DA:151,0
DA:157,2
DA:158,8
DA:159,8
DA:160,8
DA:161,0
DA:162,0
DA:171,0
DA:174,8
DA:175,8
DA:176,6
DA:181,2
DA:182,2
DA:199,1
DA:200,0
DA:203,1
DA:204,1
DA:205,1
DA:206,1
DA:207,1
DA:209,1
DA:210,2
DA:211,2
DA:214,1
DA:216,1
DA:217,1
DA:218,2
DA:219,2
DA:220,2
DA:222,2
DA:223,0
DA:225,2
DA:228,2
DA:229,2
DA:233,1
DA:236,0
DA:237,0
DA:238,0
DA:240,0
DA:241,0
DA:243,0
DA:246,0
DA:250,1
DA:251,1
DA:259,1
DA:260,1
DA:275,0
DA:276,0
DA:277,0
DA:278,0
DA:281,0
DA:288,5
DA:289,0
DA:292,5
DA:294,3
DA:296,1
DA:298,1
DA:300,0
DA:312,2
DA:313,0
DA:316,2
DA:317,4
DA:318,2
DA:319,2
DA:327,1
DA:328,0
DA:331,1
DA:332,1
DA:334,1
DA:335,1
DA:336,1
DA:338,0
DA:340,0
DA:341,0
DA:342,0
DA:344,0
DA:346,0
DA:347,0
DA:348,0
DA:350,0
DA:353,0
DA:356,0
DA:363,2
DA:364,0
DA:368,2
DA:369,2
DA:370,2
DA:374,2
DA:375,2
DA:376,4
DA:377,4
DA:391,2
DA:392,0
DA:395,2
DA:396,2
DA:397,2
DA:400,2
DA:401,2
DA:402,4
DA:403,4
DA:404,4
DA:405,4
DA:406,4
DA:413,2
DA:414,2
DA:416,2
DA:428,6
DA:437,1
DA:440,1
DA:444,2
DA:445,2
DA:446,2
DA:447,2
DA:448,2
DA:452,2
DA:453,2
DA:454,0
DA:455,0
DA:459,0
DA:462,2
LF:177
LH:123
BRDA:40,0,0,1
BRDA:40,0,1,19
BRDA:59,1,0,0
BRDA:62,2,0,0
BRDA:62,2,1,2
BRDA:77,3,0,8
BRDA:77,3,1,0
BRDA:83,4,0,0
BRDA:83,4,1,0
BRDA:92,5,0,8
BRDA:92,5,1,0
BRDA:102,6,0,8
BRDA:102,6,1,0
BRDA:114,7,0,0
BRDA:114,7,1,0
BRDA:122,8,0,0
BRDA:122,8,1,0
BRDA:125,9,0,0
BRDA:125,9,1,0
BRDA:133,10,0,4
BRDA:133,10,1,4
BRDA:133,10,2,0
BRDA:146,11,0,8
BRDA:146,11,1,0
BRDA:160,12,0,0
BRDA:160,12,1,8
BRDA:175,13,0,6
BRDA:175,13,1,2
BRDA:175,14,0,8
BRDA:175,14,1,6
BRDA:196,15,0,0
BRDA:199,16,0,0
BRDA:199,16,1,1
BRDA:211,17,0,2
BRDA:211,17,1,2
BRDA:214,18,0,1
BRDA:214,18,1,0
BRDA:216,19,0,1
BRDA:216,19,1,0
BRDA:222,20,0,0
BRDA:222,20,1,2
BRDA:240,21,0,0
BRDA:240,21,1,0
BRDA:272,22,0,0
BRDA:276,23,0,0
BRDA:276,23,1,0
BRDA:277,24,0,0
BRDA:277,24,1,0
BRDA:278,25,0,0
BRDA:278,25,1,0
BRDA:288,26,0,0
BRDA:288,26,1,5
BRDA:292,27,0,3
BRDA:292,27,1,1
BRDA:292,27,2,1
BRDA:292,27,3,0
BRDA:298,28,0,1
BRDA:298,28,1,0
BRDA:312,29,0,0
BRDA:312,29,1,2
BRDA:317,30,0,4
BRDA:317,30,1,4
BRDA:319,31,0,2
BRDA:319,31,1,0
BRDA:327,32,0,0
BRDA:327,32,1,1
BRDA:332,33,0,1
BRDA:332,33,1,0
BRDA:332,33,2,0
BRDA:334,34,0,1
BRDA:334,34,1,0
BRDA:340,35,0,0
BRDA:340,35,1,0
BRDA:346,36,0,0
BRDA:346,36,1,0
BRDA:363,37,0,0
BRDA:363,37,1,2
BRDA:369,38,0,2
BRDA:369,38,1,0
BRDA:376,39,0,4
BRDA:376,39,1,0
BRDA:376,40,0,4
BRDA:376,40,1,4
BRDA:391,41,0,0
BRDA:391,41,1,2
BRDA:402,42,0,4
BRDA:402,42,1,0
BRDA:402,43,0,4
BRDA:402,43,1,4
BRDA:404,44,0,4
BRDA:404,44,1,0
BRDA:404,45,0,4
BRDA:404,45,1,4
BRDA:406,46,0,4
BRDA:406,46,1,0
BRDA:406,47,0,4
BRDA:406,47,1,0
BRDA:414,48,0,2
BRDA:414,48,1,0
BRDA:446,49,0,2
BRDA:446,49,1,0
BRDA:453,50,0,0
BRDA:453,50,1,2
BRF:103
BRH:49
end_of_record
TN:
SF:src/typescript/core/services/assets/AssetPrioritizer.ts
FN:22,(anonymous_0)
FN:38,(anonymous_1)
FN:46,(anonymous_2)
FN:87,(anonymous_3)
FN:93,(anonymous_4)
FN:106,(anonymous_5)
FN:128,(anonymous_6)
FN:149,(anonymous_7)
FN:156,(anonymous_8)
FN:180,(anonymous_9)
FN:190,(anonymous_10)
FN:197,(anonymous_11)
FN:204,(anonymous_12)
FN:216,(anonymous_13)
FN:222,(anonymous_14)
FN:236,(anonymous_15)
FN:255,(anonymous_16)
FN:261,(anonymous_17)
FN:300,(anonymous_18)
FN:310,(anonymous_19)
FN:319,(anonymous_20)
FN:324,(anonymous_21)
FN:335,(anonymous_22)
FN:346,(anonymous_23)
FN:358,(anonymous_24)
FN:362,(anonymous_25)
FNF:26
FNH:26
FNDA:22,(anonymous_0)
FNDA:12,(anonymous_1)
FNDA:12,(anonymous_2)
FNDA:12,(anonymous_3)
FNDA:60,(anonymous_4)
FNDA:72,(anonymous_5)
FNDA:132,(anonymous_6)
FNDA:60,(anonymous_7)
FNDA:72,(anonymous_8)
FNDA:84,(anonymous_9)
FNDA:2,(anonymous_10)
FNDA:1,(anonymous_11)
FNDA:8,(anonymous_12)
FNDA:2392,(anonymous_13)
FNDA:1,(anonymous_14)
FNDA:1,(anonymous_15)
FNDA:136,(anonymous_16)
FNDA:1225,(anonymous_17)
FNDA:1,(anonymous_18)
FNDA:136,(anonymous_19)
FNDA:16,(anonymous_20)
FNDA:504,(anonymous_21)
FNDA:576,(anonymous_22)
FNDA:8,(anonymous_23)
FNDA:8,(anonymous_24)
FNDA:1225,(anonymous_25)
DA:22,1
DA:23,22
DA:24,22
DA:27,22
DA:39,12
DA:40,12
DA:47,12
DA:88,12
DA:89,12
DA:92,12
DA:93,12
DA:94,60
DA:95,48
DA:96,48
DA:101,12
DA:106,12
DA:107,72
DA:108,72
DA:111,72
DA:112,72
DA:113,216
DA:118,12
DA:128,12
DA:129,132
DA:132,132
DA:133,132
DA:134,132
DA:138,12
DA:145,12
DA:148,12
DA:149,12
DA:150,60
DA:151,60
DA:155,12
DA:156,12
DA:157,72
DA:161,12
DA:168,12
DA:171,12
DA:180,12
DA:181,84
DA:184,12
DA:191,2
DA:198,1
DA:205,8
DA:208,8
DA:210,8
DA:212,8
DA:216,2392
DA:223,1
DA:224,1
DA:226,1
DA:227,28
DA:230,1
DA:237,1
DA:252,1
DA:253,1
DA:255,136
DA:263,1225
DA:264,136
DA:268,1089
DA:270,27
DA:274,1062
DA:276,0
DA:280,1062
DA:281,135
DA:285,927
DA:286,0
DA:290,927
DA:291,36
DA:294,891
DA:301,1
DA:302,1
DA:310,1
DA:311,136
DA:312,136
DA:315,1
DA:324,16
DA:325,504
DA:326,504
DA:335,16
DA:336,576
DA:337,576
DA:346,16
DA:347,8
DA:348,8
DA:359,8
DA:363,1225
LF:88
LH:86
BRDA:94,0,0,48
BRDA:94,0,1,12
BRDA:204,1,0,3
BRDA:210,2,0,8
BRDA:210,2,1,0
BRDA:222,3,0,0
BRDA:252,4,0,1
BRDA:252,4,1,0
BRDA:263,5,0,136
BRDA:263,5,1,1089
BRDA:268,6,0,27
BRDA:268,6,1,1062
BRDA:268,7,0,1089
BRDA:268,7,1,1089
BRDA:268,7,2,1062
BRDA:268,7,3,1062
BRDA:268,7,4,1062
BRDA:274,8,0,0
BRDA:274,8,1,1062
BRDA:274,9,0,1062
BRDA:274,9,1,990
BRDA:274,9,2,144
BRDA:274,9,3,144
BRDA:280,10,0,135
BRDA:280,10,1,927
BRDA:280,11,0,1062
BRDA:280,11,1,1008
BRDA:280,11,2,999
BRDA:285,12,0,0
BRDA:285,12,1,927
BRDA:285,13,0,927
BRDA:285,13,1,612
BRDA:285,13,2,612
BRDA:290,14,0,36
BRDA:290,14,1,891
BRDA:290,15,0,927
BRDA:290,15,1,909
BRDA:290,15,2,909
BRDA:363,16,0,1225
BRDA:363,16,1,1125
BRDA:363,16,2,1098
BRF:41
BRH:36
end_of_record
TN:
SF:src/typescript/core/services/assets/LoadingProgressTracker.ts
FN:16,(anonymous_0)
FN:36,(anonymous_1)
FN:52,(anonymous_2)
FN:73,(anonymous_3)
FN:93,(anonymous_4)
FN:128,(anonymous_5)
FN:145,(anonymous_6)
FN:154,(anonymous_7)
FN:176,(anonymous_8)
FN:183,(anonymous_9)
FN:190,(anonymous_10)
FN:197,(anonymous_11)
FN:206,(anonymous_12)
FN:210,(anonymous_13)
FN:214,(anonymous_14)
FN:221,(anonymous_15)
FN:258,(anonymous_16)
FN:270,(anonymous_17)
FN:271,(anonymous_18)
FN:280,(anonymous_19)
FN:281,(anonymous_20)
FN:290,(anonymous_21)
FN:291,(anonymous_22)
FNF:23
FNH:20
FNDA:21,(anonymous_0)
FNDA:8,(anonymous_1)
FNDA:4,(anonymous_2)
FNDA:1,(anonymous_3)
FNDA:10,(anonymous_4)
FNDA:1,(anonymous_5)
FNDA:1,(anonymous_6)
FNDA:4,(anonymous_7)
FNDA:2,(anonymous_8)
FNDA:2,(anonymous_9)
FNDA:1,(anonymous_10)
FNDA:1,(anonymous_11)
FNDA:0,(anonymous_12)
FNDA:0,(anonymous_13)
FNDA:0,(anonymous_14)
FNDA:1,(anonymous_15)
FNDA:2,(anonymous_16)
FNDA:6,(anonymous_17)
FNDA:1,(anonymous_18)
FNDA:1,(anonymous_19)
FNDA:1,(anonymous_20)
FNDA:1,(anonymous_21)
FNDA:1,(anonymous_22)
DA:16,1
DA:17,21
DA:18,21
DA:19,21
DA:21,21
DA:22,21
DA:23,21
DA:24,21
DA:25,21
DA:26,21
DA:27,21
DA:30,21
DA:31,21
DA:37,8
DA:38,8
DA:39,8
DA:40,8
DA:41,8
DA:42,8
DA:43,8
DA:44,8
DA:46,8
DA:53,4
DA:55,4
DA:56,4
DA:57,4
DA:58,4
DA:61,4
DA:62,4
DA:63,0
DA:66,4
DA:67,4
DA:74,1
DA:76,1
DA:77,1
DA:78,1
DA:79,1
DA:81,1
DA:82,1
DA:83,0
DA:86,1
DA:87,1
DA:94,10
DA:95,10
DA:96,10
DA:99,10
DA:100,10
DA:101,0
DA:102,0
DA:104,0
DA:105,0
DA:107,0
DA:108,0
DA:109,0
DA:110,0
DA:114,10
DA:129,1
DA:131,1
DA:132,1
DA:134,1
DA:135,1
DA:136,1
DA:138,1
DA:139,1
DA:146,1
DA:147,1
DA:148,1
DA:162,4
DA:163,4
DA:177,2
DA:184,2
DA:191,1
DA:198,1
DA:199,1
DA:200,1
DA:207,0
DA:211,0
DA:215,0
DA:227,1
DA:228,1
DA:229,1
DA:232,1
DA:233,1
DA:234,0
DA:235,0
DA:236,0
DA:237,0
DA:239,0
DA:240,0
DA:245,1
DA:247,1
DA:259,2
DA:260,2
DA:261,2
DA:262,2
DA:263,2
DA:264,2
DA:265,2
DA:266,2
DA:271,6
DA:272,1
DA:273,1
DA:275,0
DA:281,1
DA:282,1
DA:283,1
DA:285,0
DA:291,1
DA:292,1
DA:293,1
DA:295,0
LF:111
LH:89
BRDA:36,0,0,1
BRDA:52,1,0,0
BRDA:53,2,0,0
BRDA:53,2,1,4
BRDA:62,3,0,0
BRDA:62,3,1,4
BRDA:73,4,0,0
BRDA:74,5,0,0
BRDA:74,5,1,1
BRDA:82,6,0,0
BRDA:82,6,1,1
BRDA:96,7,0,8
BRDA:96,7,1,2
BRDA:100,8,0,0
BRDA:100,8,1,10
BRDA:100,9,0,10
BRDA:100,9,1,0
BRDA:107,10,0,0
BRDA:107,10,1,0
BRDA:107,11,0,0
BRDA:107,11,1,0
BRDA:129,12,0,0
BRDA:129,12,1,1
BRDA:146,13,0,1
BRDA:146,13,1,0
BRDA:168,14,0,4
BRDA:168,14,1,0
BRDA:169,15,0,4
BRDA:169,15,1,4
BRDA:229,16,0,1
BRDA:229,16,1,0
BRDA:233,17,0,0
BRDA:233,17,1,1
BRDA:239,18,0,0
BRDA:239,18,1,0
BRDA:245,19,0,1
BRDA:245,19,1,1
BRF:37
BRH:18
end_of_record
TN:
SF:src/typescript/core/services/assets/ModernAssetLoaderService.ts
FN:52,(anonymous_0)
FN:67,(anonymous_1)
FN:76,(anonymous_2)
FN:101,(anonymous_3)
FN:114,(anonymous_4)
FN:115,(anonymous_5)
FN:116,(anonymous_6)
FN:150,(anonymous_7)
FN:152,(anonymous_8)
FN:153,(anonymous_9)
FN:160,(anonymous_10)
FN:161,(anonymous_11)
FN:175,(anonymous_12)
FN:181,(anonymous_13)
FN:185,(anonymous_14)
FN:208,(anonymous_15)
FN:209,(anonymous_16)
FN:220,(anonymous_17)
FN:233,(anonymous_18)
FN:271,(anonymous_19)
FN:284,(anonymous_20)
FN:302,(anonymous_21)
FN:324,(anonymous_22)
FN:341,(anonymous_23)
FN:344,(anonymous_24)
FN:345,(anonymous_25)
FN:346,(anonymous_26)
FN:356,(anonymous_27)
FN:375,(anonymous_28)
FN:382,(anonymous_29)
FN:394,(anonymous_30)
FNF:31
FNH:21
FNDA:11,(anonymous_0)
FNDA:9,(anonymous_1)
FNDA:3,(anonymous_2)
FNDA:0,(anonymous_3)
FNDA:4,(anonymous_4)
FNDA:2,(anonymous_5)
FNDA:1,(anonymous_6)
FNDA:5,(anonymous_7)
FNDA:272,(anonymous_8)
FNDA:0,(anonymous_9)
FNDA:0,(anonymous_10)
FNDA:0,(anonymous_11)
FNDA:2,(anonymous_12)
FNDA:0,(anonymous_13)
FNDA:8,(anonymous_14)
FNDA:0,(anonymous_15)
FNDA:0,(anonymous_16)
FNDA:0,(anonymous_17)
FNDA:0,(anonymous_18)
FNDA:2,(anonymous_19)
FNDA:3,(anonymous_20)
FNDA:1,(anonymous_21)
FNDA:1,(anonymous_22)
FNDA:1,(anonymous_23)
FNDA:2,(anonymous_24)
FNDA:1,(anonymous_25)
FNDA:1,(anonymous_26)
FNDA:3,(anonymous_27)
FNDA:1,(anonymous_28)
FNDA:4,(anonymous_29)
FNDA:0,(anonymous_30)
DA:6,1
DA:7,1
DA:8,1
DA:9,1
DA:10,1
DA:44,1
DA:50,11
DA:53,11
DA:54,11
DA:55,11
DA:56,11
DA:57,11
DA:59,11
DA:60,0
DA:68,9
DA:69,9
DA:70,9
DA:81,3
DA:82,0
DA:85,3
DA:86,3
DA:87,3
DA:88,3
DA:90,3
DA:92,3
DA:93,0
DA:94,0
DA:95,0
DA:97,0
DA:98,0
DA:99,0
DA:101,0
DA:102,0
DA:104,0
DA:105,0
DA:108,0
DA:112,3
DA:113,3
DA:114,4
DA:115,2
DA:116,1
DA:119,3
DA:120,1
DA:121,1
DA:122,4
DA:123,0
DA:124,0
DA:126,4
DA:127,4
DA:130,1
DA:135,2
DA:139,3
DA:140,3
DA:141,2
DA:144,2
DA:147,2
DA:150,5
DA:151,2
DA:152,272
DA:153,0
DA:159,2
DA:160,0
DA:161,0
DA:166,3
DA:167,0
DA:171,3
DA:172,1
DA:174,1
DA:176,2
DA:177,0
DA:179,2
DA:183,0
DA:186,8
DA:190,1
DA:196,1
DA:197,1
DA:198,1
DA:200,1
DA:204,3
DA:205,0
DA:207,0
DA:208,0
DA:209,0
DA:215,0
DA:216,0
DA:222,0
DA:228,0
DA:231,0
DA:232,0
DA:233,0
DA:235,0
DA:238,0
DA:245,3
DA:246,3
DA:255,3
DA:259,3
DA:260,3
DA:263,0
DA:264,0
DA:278,2
DA:284,2
DA:285,3
DA:286,2
DA:288,3
DA:289,1
DA:291,3
DA:292,0
DA:296,2
DA:307,1
DA:318,1
DA:330,1
DA:343,1
DA:344,2
DA:345,1
DA:346,1
DA:348,1
DA:350,1
DA:363,3
DA:376,1
DA:382,1
DA:384,4
DA:385,2
DA:386,1
DA:387,0
DA:395,0
DA:397,0
DA:398,0
DA:400,0
DA:401,0
DA:403,0
DA:404,0
DA:407,0
LF:132
LH:86
BRDA:59,0,0,0
BRDA:59,0,1,11
BRDA:78,1,0,0
BRDA:81,2,0,0
BRDA:81,2,1,3
BRDA:92,3,0,0
BRDA:92,3,1,3
BRDA:97,4,0,0
BRDA:97,4,1,0
BRDA:97,5,0,0
BRDA:97,5,1,0
BRDA:102,6,0,0
BRDA:102,6,1,0
BRDA:104,7,0,0
BRDA:104,7,1,0
BRDA:119,8,0,1
BRDA:119,8,1,2
BRDA:122,9,0,0
BRDA:122,9,1,4
BRDA:140,10,0,2
BRDA:140,10,1,1
BRDA:140,11,0,3
BRDA:140,11,1,2
BRDA:166,12,0,0
BRDA:166,12,1,3
BRDA:166,13,0,3
BRDA:166,13,1,1
BRDA:171,14,0,1
BRDA:171,14,1,2
BRDA:176,15,0,0
BRDA:176,15,1,2
BRDA:192,16,0,1
BRDA:192,16,1,0
BRDA:204,17,0,0
BRDA:204,17,1,3
BRDA:204,18,0,3
BRDA:204,18,1,1
BRDA:215,19,0,0
BRDA:215,19,1,0
BRDA:218,20,0,0
BRDA:218,20,1,0
BRDA:255,21,0,1
BRDA:255,21,1,2
BRDA:274,22,0,0
BRDA:285,23,0,2
BRDA:285,23,1,1
BRDA:288,24,0,1
BRDA:288,24,1,2
BRDA:291,25,0,0
BRDA:291,25,1,3
BRDA:305,26,0,0
BRDA:384,27,0,2
BRDA:384,27,1,2
BRDA:384,28,0,4
BRDA:384,28,1,2
BRDA:385,29,0,1
BRDA:385,29,1,1
BRDA:385,30,0,2
BRDA:385,30,1,1
BRDA:386,31,0,1
BRDA:386,31,1,0
BRDA:386,32,0,1
BRDA:386,32,1,1
BRDA:395,33,0,0
BRDA:395,33,1,0
BRDA:397,34,0,0
BRDA:397,34,1,0
BRDA:400,35,0,0
BRDA:400,35,1,0
BRDA:403,36,0,0
BRDA:403,36,1,0
BRF:71
BRH:38
end_of_record
TN:
SF:src/typescript/core/services/assets/ResourceValidator.ts
FN:24,(anonymous_0)
FN:34,(anonymous_1)
FN:41,(anonymous_2)
FN:45,(anonymous_3)
FN:53,(anonymous_4)
FN:61,(anonymous_5)
FN:71,(anonymous_6)
FN:82,(anonymous_7)
FN:89,(anonymous_8)
FN:90,(anonymous_9)
FN:96,(anonymous_10)
FN:144,(anonymous_11)
FN:157,(anonymous_12)
FN:164,(anonymous_13)
FN:180,(anonymous_14)
FN:186,(anonymous_15)
FN:187,(anonymous_16)
FN:188,(anonymous_17)
FN:210,(anonymous_18)
FN:224,(anonymous_19)
FN:230,(anonymous_20)
FN:255,(anonymous_21)
FN:260,(anonymous_22)
FN:267,(anonymous_23)
FN:298,(anonymous_24)
FN:323,(anonymous_25)
FN:335,(anonymous_26)
FN:340,(anonymous_27)
FN:341,(anonymous_28)
FN:347,(anonymous_29)
FN:354,(anonymous_30)
FN:381,(anonymous_31)
FN:392,(anonymous_32)
FN:399,(anonymous_33)
FNF:34
FNH:29
FNDA:20,(anonymous_0)
FNDA:17,(anonymous_1)
FNDA:20,(anonymous_2)
FNDA:8,(anonymous_3)
FNDA:8,(anonymous_4)
FNDA:8,(anonymous_5)
FNDA:8,(anonymous_6)
FNDA:62,(anonymous_7)
FNDA:1,(anonymous_8)
FNDA:4,(anonymous_9)
FNDA:8,(anonymous_10)
FNDA:3,(anonymous_11)
FNDA:6,(anonymous_12)
FNDA:6,(anonymous_13)
FNDA:1,(anonymous_14)
FNDA:1,(anonymous_15)
FNDA:1,(anonymous_16)
FNDA:1,(anonymous_17)
FNDA:8,(anonymous_18)
FNDA:8,(anonymous_19)
FNDA:8,(anonymous_20)
FNDA:0,(anonymous_21)
FNDA:0,(anonymous_22)
FNDA:0,(anonymous_23)
FNDA:0,(anonymous_24)
FNDA:1,(anonymous_25)
FNDA:3,(anonymous_26)
FNDA:3,(anonymous_27)
FNDA:0,(anonymous_28)
FNDA:1,(anonymous_29)
FNDA:3,(anonymous_30)
FNDA:3,(anonymous_31)
FNDA:3,(anonymous_32)
FNDA:9,(anonymous_33)
DA:20,1
DA:21,20
DA:22,20
DA:25,20
DA:26,0
DA:28,20
DA:35,17
DA:43,20
DA:46,8
DA:52,8
DA:53,8
DA:59,20
DA:63,8
DA:69,20
DA:73,8
DA:83,62
DA:90,4
DA:101,8
DA:110,8
DA:111,25
DA:112,25
DA:113,25
DA:114,1
DA:115,1
DA:118,0
DA:119,0
DA:124,8
DA:125,8
DA:126,8
DA:127,8
DA:128,0
DA:130,8
DA:131,8
DA:133,8
DA:134,8
DA:138,8
DA:149,3
DA:157,3
DA:158,6
DA:161,3
DA:164,3
DA:165,6
DA:166,6
DA:168,6
DA:169,6
DA:170,6
DA:171,6
DA:174,3
DA:185,1
DA:186,1
DA:187,1
DA:188,1
DA:191,1
DA:194,1
DA:195,1
DA:196,0
DA:199,1
DA:200,1
DA:201,0
DA:204,1
DA:220,8
DA:221,0
DA:224,8
DA:225,8
DA:226,8
DA:227,8
DA:228,8
DA:230,8
DA:231,8
DA:233,8
DA:235,5
DA:236,5
DA:238,5
DA:240,2
DA:241,2
DA:243,2
DA:245,1
DA:246,1
DA:248,1
DA:255,8
DA:256,0
DA:257,0
DA:260,8
DA:261,0
DA:262,0
DA:263,0
DA:264,0
DA:267,8
DA:268,0
DA:269,0
DA:270,0
DA:271,0
DA:274,8
DA:276,8
DA:278,0
DA:279,0
DA:280,0
DA:283,0
DA:285,0
DA:286,0
DA:288,0
DA:289,0
DA:291,0
DA:292,0
DA:295,0
DA:298,0
DA:299,0
DA:300,0
DA:309,8
DA:310,8
DA:328,1
DA:334,1
DA:335,1
DA:336,3
DA:339,1
DA:340,3
DA:341,0
DA:352,1
DA:354,1
DA:356,3
DA:357,0
DA:358,0
DA:362,3
DA:380,3
DA:381,3
DA:382,0
DA:386,1
DA:397,3
DA:399,9
LF:129
LH:94
BRDA:25,0,0,0
BRDA:25,0,1,20
BRDA:52,1,0,8
BRDA:52,1,1,0
BRDA:63,2,0,8
BRDA:63,2,1,8
BRDA:63,2,2,8
BRDA:73,3,0,8
BRDA:73,3,1,8
BRDA:113,4,0,1
BRDA:113,4,1,24
BRDA:124,5,0,8
BRDA:124,5,1,0
BRDA:126,6,0,8
BRDA:126,6,1,0
BRDA:127,7,0,0
BRDA:127,7,1,8
BRDA:130,8,0,8
BRDA:130,8,1,0
BRDA:165,9,0,6
BRDA:165,9,1,0
BRDA:195,10,0,0
BRDA:195,10,1,1
BRDA:200,11,0,0
BRDA:200,11,1,1
BRDA:220,12,0,0
BRDA:220,12,1,8
BRDA:233,13,0,5
BRDA:233,13,1,2
BRDA:233,13,2,1
BRDA:235,14,0,5
BRDA:235,14,1,0
BRDA:240,15,0,2
BRDA:240,15,1,0
BRDA:245,16,0,1
BRDA:245,16,1,0
BRDA:283,17,0,0
BRDA:283,17,1,0
BRDA:283,17,2,0
BRDA:336,18,0,3
BRDA:336,18,1,3
BRDA:356,19,0,0
BRDA:356,19,1,3
BRDA:380,20,0,3
BRDA:380,20,1,0
BRDA:381,21,0,0
BRDA:381,21,1,3
BRDA:381,22,0,3
BRDA:381,22,1,3
BRF:49
BRH:30
end_of_record
TN:
SF:src/typescript/core/services/combat/AmmoManager.ts
FN:12,(anonymous_0)
FN:28,(anonymous_1)
FN:47,(anonymous_2)
FN:59,(anonymous_3)
FN:69,(anonymous_4)
FN:76,(anonymous_5)
FNF:6
FNH:4
FNDA:4,(anonymous_0)
FNDA:2,(anonymous_1)
FNDA:1,(anonymous_2)
FNDA:0,(anonymous_3)
FNDA:0,(anonymous_4)
FNDA:2,(anonymous_5)
DA:8,1
DA:14,4
DA:15,1
DA:19,3
DA:20,3
DA:22,3
DA:29,2
DA:30,0
DA:33,2
DA:34,2
DA:36,2
DA:37,2
DA:38,2
DA:41,0
DA:48,1
DA:49,1
DA:52,0
DA:53,0
DA:60,0
DA:61,0
DA:62,0
DA:70,0
DA:77,2
DA:78,0
DA:81,2
DA:82,2
DA:83,2
DA:85,2
LF:28
LH:19
BRDA:14,0,0,1
BRDA:14,0,1,3
BRDA:20,1,0,3
BRDA:20,1,1,0
BRDA:29,2,0,0
BRDA:29,2,1,2
BRDA:34,3,0,2
BRDA:34,3,1,0
BRDA:36,4,0,2
BRDA:36,4,1,0
BRDA:48,5,0,1
BRDA:48,5,1,0
BRDA:53,6,0,0
BRDA:53,6,1,0
BRDA:61,7,0,0
BRDA:61,7,1,0
BRDA:70,8,0,0
BRDA:70,8,1,0
BRDA:77,9,0,0
BRDA:77,9,1,2
BRDA:82,10,0,2
BRDA:82,10,1,0
BRDA:83,11,0,2
BRDA:83,11,1,0
BRF:24
BRH:10
end_of_record
TN:
SF:src/typescript/core/services/combat/ArmorCalculator.ts
FN:18,(anonymous_0)
FN:25,(anonymous_1)
FN:33,(anonymous_2)
FN:40,(anonymous_3)
FN:57,(anonymous_4)
FN:72,(anonymous_5)
FN:103,(anonymous_6)
FN:137,(anonymous_7)
FNF:8
FNH:7
FNDA:6,(anonymous_0)
FNDA:0,(anonymous_1)
FNDA:5,(anonymous_2)
FNDA:2,(anonymous_3)
FNDA:1,(anonymous_4)
FNDA:1,(anonymous_5)
FNDA:6,(anonymous_6)
FNDA:30,(anonymous_7)
DA:15,1
DA:16,6
DA:19,6
DA:26,0
DA:27,0
DA:34,5
DA:41,2
DA:42,2
DA:45,2
DA:48,2
DA:51,2
DA:62,1
DA:77,1
DA:78,1
DA:80,1
DA:81,0
DA:84,1
DA:86,1
DA:87,1
DA:89,1
DA:90,1
DA:91,1
DA:92,0
DA:93,0
DA:94,0
DA:97,1
DA:104,6
DA:137,6
DA:138,30
LF:29
LH:23
BRDA:27,0,0,0
BRDA:27,0,1,0
BRDA:34,1,0,5
BRDA:34,1,1,0
BRDA:42,2,0,0
BRDA:42,2,1,2
BRDA:64,3,0,1
BRDA:64,3,1,0
BRDA:65,4,0,1
BRDA:65,4,1,0
BRDA:80,5,0,0
BRDA:80,5,1,1
BRDA:80,6,0,1
BRDA:80,6,1,1
BRDA:89,7,0,1
BRDA:89,7,1,0
BRDA:92,8,0,0
BRDA:92,8,1,0
BRF:18
BRH:8
end_of_record
TN:
SF:src/typescript/core/services/combat/CombatMessageGenerator.ts
FN:14,(anonymous_0)
FN:25,(anonymous_1)
FN:49,(anonymous_2)
FN:62,(anonymous_3)
FN:77,(anonymous_4)
FN:91,(anonymous_5)
FN:98,(anonymous_6)
FN:105,(anonymous_7)
FN:112,(anonymous_8)
FN:127,(anonymous_9)
FN:134,(anonymous_10)
FNF:11
FNH:4
FNDA:3,(anonymous_0)
FNDA:2,(anonymous_1)
FNDA:2,(anonymous_2)
FNDA:0,(anonymous_3)
FNDA:1,(anonymous_4)
FNDA:0,(anonymous_5)
FNDA:0,(anonymous_6)
FNDA:0,(anonymous_7)
FNDA:0,(anonymous_8)
FNDA:0,(anonymous_9)
FNDA:0,(anonymous_10)
DA:10,1
DA:15,3
DA:16,1
DA:18,2
DA:26,2
DA:33,2
DA:34,1
DA:40,1
DA:43,1
DA:50,2
DA:52,2
DA:53,0
DA:55,2
DA:63,0
DA:64,0
DA:71,0
DA:78,1
DA:85,1
DA:92,0
DA:99,0
DA:106,0
DA:113,0
DA:114,0
DA:117,0
DA:118,0
DA:121,0
DA:128,0
DA:135,0
LF:28
LH:14
BRDA:15,0,0,1
BRDA:15,0,1,2
BRDA:33,1,0,1
BRDA:33,1,1,1
BRDA:49,2,0,2
BRDA:50,3,0,2
BRDA:50,3,1,0
BRDA:52,4,0,0
BRDA:52,4,1,2
BRDA:63,5,0,0
BRDA:63,5,1,0
BRDA:113,6,0,0
BRDA:113,6,1,0
BRDA:117,7,0,0
BRDA:117,7,1,0
BRDA:118,8,0,0
BRDA:118,8,1,0
BRDA:121,9,0,0
BRDA:121,9,1,0
BRF:19
BRH:7
end_of_record
TN:
SF:src/typescript/core/services/combat/DamageCalculator.ts
FN:14,(anonymous_0)
FN:62,(anonymous_1)
FN:73,(anonymous_2)
FN:80,(anonymous_3)
FN:90,(anonymous_4)
FNF:5
FNH:4
FNDA:6,(anonymous_0)
FNDA:6,(anonymous_1)
FNDA:6,(anonymous_2)
FNDA:0,(anonymous_3)
FNDA:1,(anonymous_4)
DA:10,1
DA:20,6
DA:23,6
DA:24,6
DA:25,6
DA:28,6
DA:31,6
DA:32,6
DA:35,6
DA:36,6
DA:39,6
DA:40,6
DA:41,6
DA:44,6
DA:46,6
DA:63,6
DA:65,6
DA:66,6
DA:67,6
DA:74,6
DA:81,0
DA:82,0
DA:84,0
DA:92,1
DA:95,1
DA:98,1
LF:26
LH:23
BRDA:23,0,0,6
BRDA:23,0,1,0
BRDA:25,1,0,1
BRDA:25,1,1,5
BRDA:35,2,0,6
BRDA:35,2,1,0
BRDA:39,3,0,6
BRDA:39,3,1,0
BRDA:63,4,0,0
BRDA:63,4,1,6
BRDA:82,5,0,0
BRDA:82,5,1,0
BRF:12
BRH:6
end_of_record
TN:
SF:src/typescript/core/services/combat/ExperienceCalculator.ts
FN:20,(anonymous_0)
FN:44,(anonymous_1)
FN:52,(anonymous_2)
FN:74,(anonymous_3)
FN:88,(anonymous_4)
FN:96,(anonymous_5)
FN:121,(anonymous_6)
FNF:7
FNH:6
FNDA:3,(anonymous_0)
FNDA:1,(anonymous_1)
FNDA:1,(anonymous_2)
FNDA:0,(anonymous_3)
FNDA:4,(anonymous_4)
FNDA:1,(anonymous_5)
FNDA:1,(anonymous_6)
DA:16,1
DA:21,3
DA:22,3
DA:25,3
DA:28,3
DA:30,3
DA:32,3
DA:45,1
DA:46,1
DA:61,1
DA:63,1
DA:64,1
DA:65,1
DA:66,1
DA:68,1
DA:79,0
DA:80,0
DA:82,0
DA:90,4
DA:101,1
DA:102,1
DA:104,1
DA:105,0
DA:106,0
DA:109,1
DA:111,1
DA:122,1
DA:123,1
DA:124,1
DA:125,1
DA:127,1
DA:129,1
LF:32
LH:27
BRDA:21,0,0,3
BRDA:21,0,1,0
BRDA:63,1,0,1
BRDA:63,1,1,0
BRDA:64,2,0,1
BRDA:64,2,1,0
BRDA:65,3,0,1
BRDA:65,3,1,0
BRDA:66,4,0,0
BRDA:66,4,1,1
BRDA:77,5,0,0
BRDA:79,6,0,0
BRDA:79,6,1,0
BRDA:127,7,0,0
BRDA:127,7,1,1
BRF:15
BRH:6
end_of_record
TN:
SF:src/typescript/core/services/combat/HitChanceCalculator.ts
FN:14,(anonymous_0)
FN:55,(anonymous_1)
FN:67,(anonymous_2)
FNF:3
FNH:2
FNDA:6,(anonymous_0)
FNDA:2,(anonymous_1)
FNDA:0,(anonymous_2)
DA:10,1
DA:19,6
DA:20,6
DA:23,6
DA:26,6
DA:29,6
DA:30,6
DA:33,6
DA:34,6
DA:39,6
DA:41,6
DA:60,2
DA:61,2
DA:68,0
LF:14
LH:13
BRDA:23,0,0,6
BRDA:23,0,1,0
BRF:2
BRH:1
end_of_record
TN:
SF:src/typescript/core/services/combat/ModernCombatService.ts
FN:31,(anonymous_0)
FN:40,(anonymous_1)
FN:50,(anonymous_2)
FN:84,(anonymous_3)
FN:122,(anonymous_4)
FN:133,(anonymous_5)
FN:144,(anonymous_6)
FN:151,(anonymous_7)
FN:158,(anonymous_8)
FN:165,(anonymous_9)
FN:174,(anonymous_10)
FN:185,(anonymous_11)
FN:198,(anonymous_12)
FN:205,(anonymous_13)
FN:212,(anonymous_14)
FN:219,(anonymous_15)
FN:226,(anonymous_16)
FN:233,(anonymous_17)
FNF:18
FNH:15
FNDA:1,(anonymous_0)
FNDA:10,(anonymous_1)
FNDA:1,(anonymous_2)
FNDA:1,(anonymous_3)
FNDA:0,(anonymous_4)
FNDA:0,(anonymous_5)
FNDA:1,(anonymous_6)
FNDA:1,(anonymous_7)
FNDA:1,(anonymous_8)
FNDA:0,(anonymous_9)
FNDA:1,(anonymous_10)
FNDA:1,(anonymous_11)
FNDA:2,(anonymous_12)
FNDA:2,(anonymous_13)
FNDA:1,(anonymous_14)
FNDA:1,(anonymous_15)
FNDA:1,(anonymous_16)
FNDA:1,(anonymous_17)
DA:10,1
DA:11,1
DA:12,1
DA:13,1
DA:14,1
DA:15,1
DA:21,1
DA:32,1
DA:33,1
DA:34,1
DA:35,1
DA:36,1
DA:37,1
DA:41,10
DA:42,1
DA:44,10
DA:56,1
DA:58,1
DA:59,0
DA:69,1
DA:70,1
DA:72,1
DA:88,1
DA:89,1
DA:91,1
DA:92,0
DA:102,1
DA:105,1
DA:106,1
DA:108,1
DA:127,0
DA:138,0
DA:145,1
DA:152,1
DA:159,1
DA:166,0
DA:179,1
DA:190,1
DA:199,2
DA:206,2
DA:213,1
DA:220,1
DA:227,1
DA:234,1
LF:44
LH:39
BRDA:41,0,0,1
BRDA:41,0,1,9
BRDA:58,1,0,0
BRDA:58,1,1,1
BRDA:91,2,0,0
BRDA:91,2,1,1
BRF:6
BRH:4
end_of_record
TN:
SF:src/typescript/core/services/combat/index.ts
FN:4,(anonymous_0)
FN:5,(anonymous_1)
FN:6,(anonymous_2)
FN:7,(anonymous_3)
FN:8,(anonymous_4)
FN:9,(anonymous_5)
FN:10,(anonymous_6)
FNF:7
FNH:7
FNDA:6,(anonymous_0)
FNDA:7,(anonymous_1)
FNDA:6,(anonymous_2)
FNDA:6,(anonymous_3)
FNDA:7,(anonymous_4)
FNDA:7,(anonymous_5)
FNDA:10,(anonymous_6)
DA:4,7
DA:5,8
DA:6,7
DA:7,7
DA:8,8
DA:9,8
DA:10,11
LF:7
LH:7
BRF:0
BRH:0
end_of_record
TN:
SF:src/typescript/core/services/enemy/EnemyHealthManager.ts
FN:6,(anonymous_0)
FN:54,(anonymous_1)
FN:61,(anonymous_2)
FN:68,(anonymous_3)
FN:75,(anonymous_4)
FN:94,(anonymous_5)
FN:104,(anonymous_6)
FN:138,(anonymous_7)
FN:172,(anonymous_8)
FN:180,(anonymous_9)
FN:188,(anonymous_10)
FN:196,(anonymous_11)
FN:207,(anonymous_12)
FN:214,(anonymous_13)
FN:216,(anonymous_14)
FN:222,(anonymous_15)
FN:224,(anonymous_16)
FN:230,(anonymous_17)
FN:237,(anonymous_18)
FN:244,(anonymous_19)
FN:257,(anonymous_20)
FN:267,(anonymous_21)
FN:284,(anonymous_22)
FN:291,(anonymous_23)
FN:301,(anonymous_24)
FN:302,(anonymous_25)
FN:304,(anonymous_26)
FN:305,(anonymous_27)
FN:306,(anonymous_28)
FN:307,(anonymous_29)
FN:323,(anonymous_30)
FN:332,(anonymous_31)
FN:347,(anonymous_32)
FN:369,(anonymous_33)
FN:386,(anonymous_34)
FN:387,(anonymous_35)
FN:397,(anonymous_36)
FN:403,(anonymous_37)
FNF:38
FNH:26
FNDA:1,(anonymous_0)
FNDA:12,(anonymous_1)
FNDA:6,(anonymous_2)
FNDA:3,(anonymous_3)
FNDA:14,(anonymous_4)
FNDA:14,(anonymous_5)
FNDA:13,(anonymous_6)
FNDA:5,(anonymous_7)
FNDA:0,(anonymous_8)
FNDA:0,(anonymous_9)
FNDA:1,(anonymous_10)
FNDA:1,(anonymous_11)
FNDA:1,(anonymous_12)
FNDA:1,(anonymous_13)
FNDA:3,(anonymous_14)
FNDA:1,(anonymous_15)
FNDA:3,(anonymous_16)
FNDA:0,(anonymous_17)
FNDA:0,(anonymous_18)
FNDA:1,(anonymous_19)
FNDA:0,(anonymous_20)
FNDA:0,(anonymous_21)
FNDA:0,(anonymous_22)
FNDA:1,(anonymous_23)
FNDA:3,(anonymous_24)
FNDA:3,(anonymous_25)
FNDA:2,(anonymous_26)
FNDA:1,(anonymous_27)
FNDA:2,(anonymous_28)
FNDA:1,(anonymous_29)
FNDA:0,(anonymous_30)
FNDA:0,(anonymous_31)
FNDA:0,(anonymous_32)
FNDA:18,(anonymous_33)
FNDA:1,(anonymous_34)
FNDA:0,(anonymous_35)
FNDA:18,(anonymous_36)
FNDA:0,(anonymous_37)
DA:6,1
DA:7,1
DA:8,1
DA:9,1
DA:10,1
DA:49,1
DA:50,12
DA:51,12
DA:52,12
DA:62,6
DA:69,3
DA:76,14
DA:77,3
DA:80,11
DA:82,11
DA:83,4
DA:84,7
DA:85,7
DA:87,0
DA:95,14
DA:96,0
DA:98,14
DA:109,13
DA:110,13
DA:113,13
DA:115,13
DA:116,13
DA:117,13
DA:119,13
DA:129,13
DA:130,13
DA:132,13
DA:143,5
DA:144,5
DA:146,5
DA:147,5
DA:149,5
DA:151,5
DA:152,5
DA:154,5
DA:163,5
DA:164,5
DA:166,5
DA:173,0
DA:174,0
DA:181,0
DA:182,0
DA:189,1
DA:190,1
DA:197,1
DA:198,1
DA:200,1
DA:201,1
DA:208,1
DA:215,1
DA:216,3
DA:223,1
DA:224,3
DA:231,0
DA:238,0
DA:245,1
DA:246,0
DA:247,0
DA:250,1
DA:251,1
DA:258,0
DA:259,0
DA:261,0
DA:268,0
DA:269,0
DA:270,0
DA:273,0
DA:274,0
DA:275,0
DA:276,0
DA:278,0
DA:285,0
DA:300,1
DA:301,3
DA:302,3
DA:304,2
DA:305,1
DA:306,2
DA:307,1
DA:309,1
DA:329,0
DA:330,0
DA:332,0
DA:333,0
DA:336,0
DA:348,0
DA:349,0
DA:352,0
DA:353,0
DA:356,0
DA:358,0
DA:361,0
DA:370,18
DA:371,11
DA:374,18
DA:375,18
DA:378,18
DA:379,0
DA:387,1
DA:388,0
DA:389,0
DA:398,18
DA:399,18
DA:400,18
DA:403,0
DA:404,0
DA:405,0
DA:407,0
LF:113
LH:72
BRDA:6,0,0,1
BRDA:6,0,1,1
BRDA:76,1,0,3
BRDA:76,1,1,11
BRDA:82,2,0,4
BRDA:82,2,1,7
BRDA:84,3,0,7
BRDA:84,3,1,0
BRDA:95,4,0,0
BRDA:95,4,1,14
BRDA:116,5,0,13
BRDA:116,5,1,13
BRDA:147,6,0,0
BRDA:147,6,1,5
BRDA:172,7,0,0
BRDA:173,8,0,0
BRDA:173,8,1,0
BRDA:196,9,0,0
BRDA:208,10,0,1
BRDA:208,10,1,0
BRDA:215,11,0,1
BRDA:215,11,1,0
BRDA:223,12,0,1
BRDA:223,12,1,0
BRDA:245,13,0,0
BRDA:245,13,1,1
BRDA:258,14,0,0
BRDA:258,14,1,0
BRDA:269,15,0,0
BRDA:269,15,1,0
BRDA:274,16,0,0
BRDA:274,16,1,0
BRDA:300,17,0,1
BRDA:300,17,1,0
BRDA:314,18,0,1
BRDA:314,18,1,0
BRDA:315,19,0,1
BRDA:315,19,1,0
BRDA:316,20,0,1
BRDA:316,20,1,0
BRDA:339,21,0,0
BRDA:339,21,1,0
BRDA:348,22,0,0
BRDA:348,22,1,0
BRDA:352,23,0,0
BRDA:352,23,1,0
BRDA:356,24,0,0
BRDA:356,24,1,0
BRDA:370,25,0,11
BRDA:370,25,1,7
BRDA:378,26,0,0
BRDA:378,26,1,18
BRDA:399,27,0,18
BRDA:399,27,1,0
BRF:54
BRH:23
end_of_record
TN:
SF:src/typescript/core/services/enemy/EnemyInstanceFactory.ts
FN:37,(anonymous_0)
FN:44,(anonymous_1)
FN:76,(anonymous_2)
FN:94,(anonymous_3)
FN:112,(anonymous_4)
FN:131,(anonymous_5)
FN:150,(anonymous_6)
FN:162,(anonymous_7)
FN:169,(anonymous_8)
FN:176,(anonymous_9)
FN:183,(anonymous_10)
FN:198,(anonymous_11)
FN:205,(anonymous_12)
FN:220,(anonymous_13)
FN:257,(anonymous_14)
FN:267,(anonymous_15)
FN:283,(anonymous_16)
FN:291,(anonymous_17)
FNF:18
FNH:14
FNDA:19,(anonymous_0)
FNDA:36,(anonymous_1)
FNDA:10,(anonymous_2)
FNDA:0,(anonymous_3)
FNDA:2,(anonymous_4)
FNDA:1,(anonymous_5)
FNDA:2,(anonymous_6)
FNDA:4,(anonymous_7)
FNDA:1,(anonymous_8)
FNDA:0,(anonymous_9)
FNDA:3,(anonymous_10)
FNDA:0,(anonymous_11)
FNDA:0,(anonymous_12)
FNDA:3,(anonymous_13)
FNDA:36,(anonymous_14)
FNDA:33,(anonymous_15)
FNDA:36,(anonymous_16)
FNDA:36,(anonymous_17)
DA:32,1
DA:33,19
DA:34,19
DA:35,19
DA:50,36
DA:51,36
DA:54,36
DA:55,36
DA:56,36
DA:57,36
DA:60,36
DA:62,36
DA:81,10
DA:83,10
DA:84,24
DA:85,24
DA:88,10
DA:95,0
DA:96,0
DA:98,0
DA:113,2
DA:114,2
DA:121,2
DA:132,1
DA:133,1
DA:140,1
DA:151,2
DA:152,0
DA:153,0
DA:156,2
DA:163,4
DA:170,1
DA:177,0
DA:188,3
DA:199,0
DA:206,0
DA:221,3
DA:222,0
DA:225,3
DA:226,0
DA:229,3
DA:230,0
DA:233,3
DA:234,1
DA:237,2
DA:238,0
DA:241,2
DA:242,1
DA:245,1
DA:246,0
DA:249,1
DA:258,36
DA:259,36
DA:260,36
DA:261,36
DA:268,33
DA:269,0
DA:273,33
DA:274,26
DA:277,7
DA:285,36
DA:292,36
LF:62
LH:48
BRDA:50,0,0,36
BRDA:50,0,1,33
BRDA:51,1,0,36
BRDA:51,1,1,33
BRDA:60,2,0,36
BRDA:60,2,1,36
BRDA:69,3,0,36
BRDA:69,3,1,33
BRDA:95,4,0,0
BRDA:95,4,1,0
BRDA:151,5,0,0
BRDA:151,5,1,2
BRDA:151,6,0,2
BRDA:151,6,1,2
BRDA:151,6,2,2
BRDA:213,7,0,0
BRDA:213,7,1,0
BRDA:221,8,0,0
BRDA:221,8,1,3
BRDA:221,9,0,3
BRDA:221,9,1,3
BRDA:225,10,0,0
BRDA:225,10,1,3
BRDA:225,11,0,3
BRDA:225,11,1,3
BRDA:229,12,0,0
BRDA:229,12,1,3
BRDA:229,13,0,3
BRDA:229,13,1,3
BRDA:233,14,0,1
BRDA:233,14,1,2
BRDA:233,15,0,3
BRDA:233,15,1,3
BRDA:237,16,0,0
BRDA:237,16,1,2
BRDA:237,17,0,2
BRDA:237,17,1,2
BRDA:241,18,0,1
BRDA:241,18,1,1
BRDA:245,19,0,0
BRDA:245,19,1,1
BRDA:245,20,0,1
BRDA:245,20,1,1
BRDA:268,21,0,0
BRDA:268,21,1,33
BRDA:273,22,0,26
BRDA:273,22,1,7
BRF:47
BRH:36
end_of_record
TN:
SF:src/typescript/core/services/enemy/EnemySpawnManager.ts
FN:57,(anonymous_0)
FN:64,(anonymous_1)
FN:114,(anonymous_2)
FN:121,(anonymous_3)
FN:132,(anonymous_4)
FN:168,(anonymous_5)
FN:190,(anonymous_6)
FN:197,(anonymous_7)
FN:204,(anonymous_8)
FN:212,(anonymous_9)
FN:213,(anonymous_10)
FN:220,(anonymous_11)
FN:221,(anonymous_12)
FN:228,(anonymous_13)
FN:235,(anonymous_14)
FN:248,(anonymous_15)
FN:258,(anonymous_16)
FN:275,(anonymous_17)
FN:282,(anonymous_18)
FN:292,(anonymous_19)
FN:298,(anonymous_20)
FN:329,(anonymous_21)
FN:343,(anonymous_22)
FN:358,(anonymous_23)
FN:392,(anonymous_24)
FN:400,(anonymous_25)
FN:409,(anonymous_26)
FN:415,(anonymous_27)
FNF:28
FNH:19
FNDA:10,(anonymous_0)
FNDA:11,(anonymous_1)
FNDA:0,(anonymous_2)
FNDA:0,(anonymous_3)
FNDA:1,(anonymous_4)
FNDA:0,(anonymous_5)
FNDA:2,(anonymous_6)
FNDA:2,(anonymous_7)
FNDA:2,(anonymous_8)
FNDA:1,(anonymous_9)
FNDA:2,(anonymous_10)
FNDA:1,(anonymous_11)
FNDA:2,(anonymous_12)
FNDA:0,(anonymous_13)
FNDA:0,(anonymous_14)
FNDA:0,(anonymous_15)
FNDA:0,(anonymous_16)
FNDA:0,(anonymous_17)
FNDA:2,(anonymous_18)
FNDA:3,(anonymous_19)
FNDA:3,(anonymous_20)
FNDA:11,(anonymous_21)
FNDA:8,(anonymous_22)
FNDA:1,(anonymous_23)
FNDA:11,(anonymous_24)
FNDA:11,(anonymous_25)
FNDA:11,(anonymous_26)
FNDA:0,(anonymous_27)
DA:44,1
DA:45,10
DA:53,10
DA:54,10
DA:55,10
DA:69,11
DA:72,11
DA:73,3
DA:81,3
DA:82,3
DA:83,3
DA:87,8
DA:90,8
DA:95,8
DA:105,8
DA:106,8
DA:108,8
DA:119,0
DA:121,0
DA:122,0
DA:123,0
DA:126,0
DA:144,1
DA:145,0
DA:155,1
DA:156,1
DA:157,1
DA:162,1
DA:173,0
DA:174,0
DA:183,0
DA:184,0
DA:191,2
DA:198,2
DA:205,2
DA:206,2
DA:213,2
DA:214,1
DA:221,2
DA:222,1
DA:229,0
DA:236,0
DA:237,0
DA:238,0
DA:241,0
DA:242,0
DA:249,0
DA:250,0
DA:252,0
DA:259,0
DA:260,0
DA:261,0
DA:264,0
DA:265,0
DA:266,0
DA:267,0
DA:269,0
DA:276,0
DA:291,2
DA:292,3
DA:293,2
DA:294,2
DA:296,2
DA:298,2
DA:300,3
DA:301,3
DA:304,3
DA:305,0
DA:306,0
DA:310,3
DA:313,2
DA:330,11
DA:345,8
DA:346,8
DA:349,8
DA:350,8
DA:352,8
DA:362,1
DA:363,0
DA:367,1
DA:368,0
DA:372,1
DA:373,0
DA:374,0
DA:376,0
DA:377,0
DA:382,1
DA:383,0
DA:386,1
DA:393,11
DA:394,11
DA:401,11
DA:402,0
DA:410,11
DA:411,11
DA:412,11
DA:415,0
DA:416,0
DA:417,0
DA:419,0
LF:100
LH:58
BRDA:72,0,0,3
BRDA:72,0,1,8
BRDA:144,1,0,0
BRDA:144,1,1,1
BRDA:173,2,0,0
BRDA:173,2,1,0
BRDA:206,3,0,0
BRDA:206,3,1,2
BRDA:214,4,0,0
BRDA:214,4,1,1
BRDA:222,5,0,0
BRDA:222,5,1,1
BRDA:236,6,0,0
BRDA:236,6,1,0
BRDA:249,7,0,0
BRDA:249,7,1,0
BRDA:260,8,0,0
BRDA:260,8,1,0
BRDA:265,9,0,0
BRDA:265,9,1,0
BRDA:300,10,0,3
BRDA:300,10,1,2
BRDA:304,11,0,0
BRDA:304,11,1,3
BRDA:305,12,0,0
BRDA:305,12,1,0
BRDA:317,13,0,2
BRDA:317,13,1,0
BRDA:318,14,0,2
BRDA:318,14,1,0
BRDA:362,15,0,0
BRDA:362,15,1,1
BRDA:367,16,0,0
BRDA:367,16,1,1
BRDA:367,17,0,1
BRDA:367,17,1,1
BRDA:367,17,2,1
BRDA:372,18,0,0
BRDA:372,18,1,1
BRDA:373,19,0,0
BRDA:373,19,1,0
BRDA:373,20,0,0
BRDA:373,20,1,0
BRDA:376,21,0,0
BRDA:376,21,1,0
BRDA:376,22,0,0
BRDA:376,22,1,0
BRDA:382,23,0,0
BRDA:382,23,1,1
BRDA:382,24,0,1
BRDA:382,24,1,0
BRDA:411,25,0,11
BRDA:411,25,1,0
BRF:53
BRH:20
end_of_record
TN:
SF:src/typescript/core/services/enemy/EnemySpriteManager.ts
FN:7,(anonymous_0)
FN:59,(anonymous_1)
FN:66,(anonymous_2)
FN:101,(anonymous_3)
FN:143,(anonymous_4)
FN:150,(anonymous_5)
FN:157,(anonymous_6)
FN:164,(anonymous_7)
FN:171,(anonymous_8)
FN:178,(anonymous_9)
FN:185,(anonymous_10)
FN:193,(anonymous_11)
FN:201,(anonymous_12)
FN:209,(anonymous_13)
FN:217,(anonymous_14)
FN:225,(anonymous_15)
FN:238,(anonymous_16)
FN:249,(anonymous_17)
FN:250,(anonymous_18)
FN:275,(anonymous_19)
FN:283,(anonymous_20)
FN:302,(anonymous_21)
FN:305,(anonymous_22)
FN:317,(anonymous_23)
FN:332,(anonymous_24)
FN:367,(anonymous_25)
FN:375,(anonymous_26)
FN:385,(anonymous_27)
FN:389,(anonymous_28)
FN:415,(anonymous_29)
FN:427,(anonymous_30)
FN:428,(anonymous_31)
FN:455,(anonymous_32)
FN:472,(anonymous_33)
FN:473,(anonymous_34)
FNF:35
FNH:24
FNDA:1,(anonymous_0)
FNDA:10,(anonymous_1)
FNDA:7,(anonymous_2)
FNDA:5,(anonymous_3)
FNDA:5,(anonymous_4)
FNDA:1,(anonymous_5)
FNDA:0,(anonymous_6)
FNDA:1,(anonymous_7)
FNDA:0,(anonymous_8)
FNDA:1,(anonymous_9)
FNDA:0,(anonymous_10)
FNDA:0,(anonymous_11)
FNDA:0,(anonymous_12)
FNDA:3,(anonymous_13)
FNDA:1,(anonymous_14)
FNDA:1,(anonymous_15)
FNDA:2,(anonymous_16)
FNDA:2,(anonymous_17)
FNDA:3,(anonymous_18)
FNDA:1,(anonymous_19)
FNDA:3,(anonymous_20)
FNDA:0,(anonymous_21)
FNDA:0,(anonymous_22)
FNDA:1,(anonymous_23)
FNDA:12,(anonymous_24)
FNDA:10,(anonymous_25)
FNDA:2,(anonymous_26)
FNDA:0,(anonymous_27)
FNDA:0,(anonymous_28)
FNDA:0,(anonymous_29)
FNDA:5,(anonymous_30)
FNDA:41,(anonymous_31)
FNDA:5,(anonymous_32)
FNDA:1,(anonymous_33)
FNDA:0,(anonymous_34)
DA:7,1
DA:8,1
DA:9,1
DA:10,1
DA:11,1
DA:52,1
DA:53,10
DA:54,10
DA:55,10
DA:56,10
DA:57,10
DA:70,7
DA:72,7
DA:73,0
DA:81,7
DA:83,7
DA:90,7
DA:91,7
DA:92,0
DA:95,7
DA:106,5
DA:108,5
DA:109,0
DA:119,5
DA:120,5
DA:122,5
DA:130,5
DA:131,5
DA:132,1
DA:135,5
DA:137,5
DA:144,5
DA:151,1
DA:158,0
DA:165,1
DA:172,0
DA:179,1
DA:186,0
DA:187,0
DA:194,0
DA:195,0
DA:202,0
DA:203,0
DA:210,3
DA:211,3
DA:218,1
DA:219,1
DA:226,1
DA:227,1
DA:228,0
DA:231,1
DA:232,1
DA:245,2
DA:246,2
DA:247,2
DA:249,2
DA:250,2
DA:251,3
DA:254,3
DA:255,3
DA:258,3
DA:259,3
DA:263,2
DA:280,1
DA:281,1
DA:283,1
DA:284,3
DA:285,3
DA:286,1
DA:287,2
DA:288,1
DA:292,1
DA:303,0
DA:305,0
DA:306,0
DA:307,0
DA:311,0
DA:318,1
DA:319,0
DA:320,0
DA:323,1
DA:324,1
DA:338,12
DA:339,0
DA:342,12
DA:343,0
DA:346,12
DA:348,10
DA:351,2
DA:354,0
DA:357,0
DA:360,0
DA:368,10
DA:369,10
DA:376,2
DA:377,2
DA:378,2
DA:379,2
DA:386,0
DA:387,0
DA:389,0
DA:390,0
DA:391,0
DA:392,0
DA:393,0
DA:396,0
DA:397,0
DA:400,0
DA:402,0
DA:403,0
DA:404,0
DA:405,0
DA:409,0
DA:416,0
DA:417,0
DA:420,0
DA:421,0
DA:428,5
DA:429,41
DA:430,41
DA:431,41
DA:435,0
DA:436,0
DA:437,0
DA:438,0
DA:439,0
DA:444,0
DA:445,0
DA:448,0
DA:456,5
DA:457,4
DA:460,5
DA:461,5
DA:464,5
DA:465,0
DA:473,1
DA:474,0
DA:475,0
LF:138
LH:84
BRDA:7,0,0,1
BRDA:7,0,1,1
BRDA:70,1,0,7
BRDA:70,1,1,4
BRDA:72,2,0,0
BRDA:72,2,1,7
BRDA:91,3,0,0
BRDA:91,3,1,7
BRDA:106,4,0,5
BRDA:106,4,1,5
BRDA:108,5,0,0
BRDA:108,5,1,5
BRDA:120,6,0,5
BRDA:120,6,1,0
BRDA:131,7,0,1
BRDA:131,7,1,4
BRDA:151,8,0,1
BRDA:151,8,1,0
BRDA:179,9,0,1
BRDA:179,9,1,0
BRDA:187,10,0,0
BRDA:187,10,1,0
BRDA:187,11,0,0
BRDA:187,11,1,0
BRDA:211,12,0,3
BRDA:211,12,1,0
BRDA:227,13,0,0
BRDA:227,13,1,1
BRDA:254,14,0,3
BRDA:254,14,1,2
BRDA:258,15,0,3
BRDA:258,15,1,3
BRDA:285,16,0,1
BRDA:285,16,1,2
BRDA:287,17,0,1
BRDA:287,17,1,1
BRDA:287,18,0,2
BRDA:287,18,1,1
BRDA:293,19,0,1
BRDA:293,19,1,0
BRDA:306,20,0,0
BRDA:306,20,1,0
BRDA:318,21,0,0
BRDA:318,21,1,1
BRDA:338,22,0,0
BRDA:338,22,1,12
BRDA:342,23,0,0
BRDA:342,23,1,12
BRDA:346,24,0,10
BRDA:346,24,1,2
BRDA:346,24,2,0
BRDA:346,24,3,0
BRDA:346,24,4,0
BRDA:351,25,0,2
BRDA:351,25,1,2
BRDA:376,26,0,2
BRDA:376,26,1,1
BRDA:391,27,0,0
BRDA:391,27,1,0
BRDA:396,28,0,0
BRDA:396,28,1,0
BRDA:404,29,0,0
BRDA:404,29,1,0
BRDA:416,30,0,0
BRDA:416,30,1,0
BRDA:421,31,0,0
BRDA:421,31,1,0
BRDA:430,32,0,41
BRDA:430,32,1,0
BRDA:435,33,0,0
BRDA:435,33,1,0
BRDA:438,34,0,0
BRDA:438,34,1,0
BRDA:438,35,0,0
BRDA:438,35,1,0
BRDA:444,36,0,0
BRDA:444,36,1,0
BRDA:444,37,0,0
BRDA:444,37,1,0
BRDA:456,38,0,4
BRDA:456,38,1,1
BRDA:464,39,0,0
BRDA:464,39,1,5
BRF:83
BRH:40
end_of_record
TN:
SF:src/typescript/core/services/enemy/EnemyTemplateManager.ts
FN:15,(anonymous_0)
FN:22,(anonymous_1)
FN:29,(anonymous_2)
FN:36,(anonymous_3)
FN:43,(anonymous_4)
FN:50,(anonymous_5)
FN:57,(anonymous_6)
FN:58,(anonymous_7)
FN:64,(anonymous_8)
FN:77,(anonymous_9)
FN:90,(anonymous_10)
FN:97,(anonymous_11)
FN:104,(anonymous_12)
FN:111,(anonymous_13)
FN:124,(anonymous_14)
FN:155,(anonymous_15)
FN:162,(anonymous_16)
FN:185,(anonymous_17)
FNF:18
FNH:13
FNDA:11,(anonymous_0)
FNDA:16,(anonymous_1)
FNDA:17,(anonymous_2)
FNDA:1,(anonymous_3)
FNDA:6,(anonymous_4)
FNDA:0,(anonymous_5)
FNDA:2,(anonymous_6)
FNDA:4,(anonymous_7)
FNDA:1,(anonymous_8)
FNDA:0,(anonymous_9)
FNDA:2,(anonymous_10)
FNDA:0,(anonymous_11)
FNDA:3,(anonymous_12)
FNDA:2,(anonymous_13)
FNDA:7,(anonymous_14)
FNDA:0,(anonymous_15)
FNDA:0,(anonymous_16)
FNDA:3,(anonymous_17)
DA:12,1
DA:13,11
DA:23,16
DA:30,17
DA:37,1
DA:44,6
DA:51,0
DA:58,4
DA:65,1
DA:66,1
DA:67,0
DA:70,1
DA:71,1
DA:78,0
DA:79,0
DA:80,0
DA:83,0
DA:84,0
DA:91,2
DA:98,0
DA:105,3
DA:117,2
DA:118,2
DA:119,2
DA:120,2
DA:121,2
DA:122,2
DA:124,2
DA:126,7
DA:127,7
DA:130,7
DA:131,7
DA:134,7
DA:135,7
DA:138,2
DA:162,0
DA:163,0
DA:164,0
DA:166,0
DA:167,0
DA:169,0
DA:170,0
DA:172,0
DA:173,0
DA:175,0
DA:176,0
DA:178,0
DA:186,3
DA:187,0
DA:191,3
DA:192,1
DA:195,2
DA:196,0
DA:199,2
DA:200,0
DA:204,2
DA:205,0
DA:208,2
DA:209,1
DA:213,1
DA:214,0
DA:217,1
DA:218,0
DA:222,1
DA:223,0
DA:226,1
DA:227,0
DA:230,1
DA:231,0
DA:234,1
LF:70
LH:41
BRDA:30,0,0,17
BRDA:30,0,1,2
BRDA:66,1,0,0
BRDA:66,1,1,1
BRDA:79,2,0,0
BRDA:79,2,1,0
BRDA:126,3,0,7
BRDA:126,3,1,4
BRDA:142,4,0,0
BRDA:142,4,1,2
BRDA:143,5,0,0
BRDA:143,5,1,2
BRDA:146,6,0,0
BRDA:146,6,1,2
BRDA:147,7,0,0
BRDA:147,7,1,2
BRDA:163,8,0,0
BRDA:163,8,1,0
BRDA:163,9,0,0
BRDA:163,9,1,0
BRDA:166,10,0,0
BRDA:166,10,1,0
BRDA:166,11,0,0
BRDA:166,11,1,0
BRDA:169,12,0,0
BRDA:169,12,1,0
BRDA:169,13,0,0
BRDA:169,13,1,0
BRDA:172,14,0,0
BRDA:172,14,1,0
BRDA:172,15,0,0
BRDA:172,15,1,0
BRDA:175,16,0,0
BRDA:175,16,1,0
BRDA:175,17,0,0
BRDA:175,17,1,0
BRDA:186,18,0,0
BRDA:186,18,1,3
BRDA:186,19,0,3
BRDA:186,19,1,3
BRDA:191,20,0,1
BRDA:191,20,1,2
BRDA:191,21,0,3
BRDA:191,21,1,2
BRDA:191,21,2,2
BRDA:195,22,0,0
BRDA:195,22,1,2
BRDA:195,23,0,2
BRDA:195,23,1,2
BRDA:199,24,0,0
BRDA:199,24,1,2
BRDA:199,25,0,2
BRDA:199,25,1,2
BRDA:204,26,0,0
BRDA:204,26,1,2
BRDA:204,27,0,2
BRDA:204,27,1,2
BRDA:208,28,0,1
BRDA:208,28,1,1
BRDA:208,29,0,2
BRDA:208,29,1,2
BRDA:213,30,0,0
BRDA:213,30,1,1
BRDA:213,31,0,1
BRDA:213,31,1,1
BRDA:217,32,0,0
BRDA:217,32,1,1
BRDA:217,33,0,1
BRDA:217,33,1,1
BRDA:222,34,0,0
BRDA:222,34,1,1
BRDA:222,35,0,1
BRDA:222,35,1,1
BRDA:226,36,0,0
BRDA:226,36,1,1
BRDA:226,37,0,1
BRDA:226,37,1,1
BRDA:230,38,0,0
BRDA:230,38,1,1
BRDA:230,39,0,1
BRDA:230,39,1,1
BRF:81
BRH:45
end_of_record
TN:
SF:src/typescript/core/services/enemy/LegacyEnemyConverter.ts
FN:60,(anonymous_0)
FN:69,(anonymous_1)
FN:106,(anonymous_2)
FN:107,(anonymous_3)
FN:113,(anonymous_4)
FN:145,(anonymous_5)
FN:152,(anonymous_6)
FN:159,(anonymous_7)
FN:166,(anonymous_8)
FN:173,(anonymous_9)
FN:181,(anonymous_10)
FN:185,(anonymous_11)
FN:186,(anonymous_12)
FN:191,(anonymous_13)
FN:210,(anonymous_14)
FN:280,(anonymous_15)
FN:293,(anonymous_16)
FN:312,(anonymous_17)
FN:314,(anonymous_18)
FN:319,(anonymous_19)
FN:324,(anonymous_20)
FN:326,(anonymous_21)
FN:332,(anonymous_22)
FN:344,(anonymous_23)
FN:354,(anonymous_24)
FN:365,(anonymous_25)
FN:404,(anonymous_26)
FN:405,(anonymous_27)
FN:421,(anonymous_28)
FN:439,(anonymous_29)
FN:457,(anonymous_30)
FNF:31
FNH:26
FNDA:10,(anonymous_0)
FNDA:13,(anonymous_1)
FNDA:2,(anonymous_2)
FNDA:8,(anonymous_3)
FNDA:1,(anonymous_4)
FNDA:0,(anonymous_5)
FNDA:0,(anonymous_6)
FNDA:0,(anonymous_7)
FNDA:0,(anonymous_8)
FNDA:1,(anonymous_9)
FNDA:3,(anonymous_10)
FNDA:3,(anonymous_11)
FNDA:5,(anonymous_12)
FNDA:0,(anonymous_13)
FNDA:15,(anonymous_14)
FNDA:2,(anonymous_15)
FNDA:5,(anonymous_16)
FNDA:10,(anonymous_17)
FNDA:11,(anonymous_18)
FNDA:11,(anonymous_19)
FNDA:11,(anonymous_20)
FNDA:41,(anonymous_21)
FNDA:11,(anonymous_22)
FNDA:10,(anonymous_23)
FNDA:10,(anonymous_24)
FNDA:11,(anonymous_25)
FNDA:11,(anonymous_26)
FNDA:44,(anonymous_27)
FNDA:44,(anonymous_28)
FNDA:44,(anonymous_29)
FNDA:11,(anonymous_30)
DA:55,1
DA:56,10
DA:57,10
DA:58,10
DA:61,10
DA:62,10
DA:63,10
DA:70,13
DA:77,13
DA:79,13
DA:80,13
DA:81,2
DA:82,2
DA:86,11
DA:89,11
DA:90,11
DA:91,11
DA:93,0
DA:97,0
DA:100,11
DA:107,8
DA:114,1
DA:146,0
DA:153,0
DA:160,0
DA:167,0
DA:181,3
DA:182,1
DA:183,1
DA:185,1
DA:186,3
DA:187,5
DA:188,5
DA:191,3
DA:192,0
DA:193,0
DA:197,1
DA:211,15
DA:213,15
DA:214,0
DA:215,0
DA:219,15
DA:220,1
DA:223,15
DA:224,1
DA:227,15
DA:228,2
DA:232,15
DA:233,2
DA:235,13
DA:236,1
DA:238,13
DA:239,1
DA:244,15
DA:245,2
DA:247,13
DA:248,0
DA:250,13
DA:251,0
DA:253,13
DA:254,0
DA:256,13
DA:257,0
DA:263,15
DA:264,2
DA:266,13
DA:267,0
DA:269,13
DA:270,0
DA:274,15
DA:281,2
DA:282,0
DA:286,2
DA:293,2
DA:294,5
DA:295,5
DA:296,5
DA:297,8
DA:298,4
DA:300,4
DA:303,1
DA:314,10
DA:315,11
DA:319,10
DA:320,11
DA:324,10
DA:325,11
DA:326,41
DA:328,0
DA:332,10
DA:333,11
DA:335,11
DA:337,0
DA:345,10
DA:346,10
DA:347,10
DA:348,10
DA:355,10
DA:356,10
DA:357,10
DA:358,10
DA:359,10
DA:366,11
DA:396,11
DA:398,11
DA:405,11
DA:406,44
DA:407,44
DA:408,44
DA:409,44
DA:410,44
DA:413,0
DA:422,44
DA:423,44
DA:425,44
DA:426,66
DA:427,66
DA:429,0
DA:433,44
DA:440,44
DA:441,44
DA:443,44
DA:444,22
DA:445,22
DA:446,0
DA:448,22
DA:451,44
DA:458,11
DA:459,11
DA:466,0
LF:130
LH:107
BRDA:80,0,0,2
BRDA:80,0,1,11
BRDA:89,1,0,11
BRDA:89,1,1,0
BRDA:89,2,0,11
BRDA:89,2,1,11
BRDA:97,3,0,0
BRDA:97,3,1,0
BRDA:187,4,0,5
BRDA:187,4,1,5
BRDA:192,5,0,0
BRDA:192,5,1,0
BRDA:201,6,0,1
BRDA:201,6,1,0
BRDA:213,7,0,0
BRDA:213,7,1,15
BRDA:213,8,0,15
BRDA:213,8,1,15
BRDA:219,9,0,1
BRDA:219,9,1,14
BRDA:219,10,0,15
BRDA:219,10,1,14
BRDA:223,11,0,1
BRDA:223,11,1,14
BRDA:223,12,0,15
BRDA:223,12,1,14
BRDA:227,13,0,2
BRDA:227,13,1,13
BRDA:227,14,0,15
BRDA:227,14,1,13
BRDA:232,15,0,2
BRDA:232,15,1,13
BRDA:232,16,0,15
BRDA:232,16,1,13
BRDA:235,17,0,1
BRDA:235,17,1,12
BRDA:235,18,0,13
BRDA:235,18,1,13
BRDA:238,19,0,1
BRDA:238,19,1,12
BRDA:244,20,0,2
BRDA:244,20,1,13
BRDA:244,21,0,15
BRDA:244,21,1,13
BRDA:247,22,0,0
BRDA:247,22,1,13
BRDA:247,23,0,13
BRDA:247,23,1,13
BRDA:250,24,0,0
BRDA:250,24,1,13
BRDA:250,25,0,13
BRDA:250,25,1,13
BRDA:253,26,0,0
BRDA:253,26,1,13
BRDA:253,27,0,13
BRDA:253,27,1,13
BRDA:256,28,0,0
BRDA:256,28,1,13
BRDA:263,29,0,2
BRDA:263,29,1,13
BRDA:263,30,0,15
BRDA:263,30,1,13
BRDA:266,31,0,0
BRDA:266,31,1,13
BRDA:266,32,0,13
BRDA:266,32,1,13
BRDA:269,33,0,0
BRDA:269,33,1,13
BRDA:269,34,0,13
BRDA:269,34,1,13
BRDA:281,35,0,0
BRDA:281,35,1,2
BRDA:281,36,0,2
BRDA:281,36,1,2
BRDA:297,37,0,4
BRDA:297,37,1,4
BRDA:297,38,0,8
BRDA:297,38,1,8
BRDA:297,38,2,8
BRDA:315,39,0,11
BRDA:315,39,1,0
BRDA:320,40,0,11
BRDA:320,40,1,0
BRDA:325,41,0,11
BRDA:325,41,1,0
BRDA:328,42,0,0
BRDA:328,42,1,0
BRDA:333,43,0,11
BRDA:333,43,1,0
BRDA:333,44,0,11
BRDA:333,44,1,11
BRDA:333,44,2,11
BRDA:333,44,3,11
BRDA:370,45,0,11
BRDA:370,45,1,0
BRDA:374,46,0,11
BRDA:374,46,1,5
BRDA:375,47,0,11
BRDA:375,47,1,4
BRDA:392,48,0,11
BRDA:392,48,1,0
BRDA:408,49,0,44
BRDA:408,49,1,0
BRDA:426,50,0,66
BRDA:426,50,1,0
BRDA:426,51,0,66
BRDA:426,51,1,66
BRDA:426,51,2,66
BRDA:445,52,0,0
BRDA:445,52,1,22
BRDA:445,53,0,22
BRDA:445,53,1,22
BRDA:459,54,0,11
BRDA:459,54,1,11
BRDA:459,54,2,11
BRDA:459,54,3,11
BRDA:459,54,4,11
BRDA:459,54,5,11
BRDA:459,54,6,11
BRDA:459,54,7,11
BRDA:459,54,8,11
BRDA:459,54,9,11
BRDA:459,54,10,11
BRDA:459,54,11,11
BRDA:459,54,12,11
BRF:125
BRH:100
end_of_record
TN:
SF:src/typescript/core/services/enemy/ModernEnemyService.ts
FN:31,(anonymous_0)
FN:44,(anonymous_1)
FN:54,(anonymous_2)
FN:78,(anonymous_3)
FN:87,(anonymous_4)
FN:94,(anonymous_5)
FN:101,(anonymous_6)
FN:108,(anonymous_7)
FN:117,(anonymous_8)
FN:132,(anonymous_9)
FN:149,(anonymous_10)
FN:166,(anonymous_11)
FN:181,(anonymous_12)
FN:199,(anonymous_13)
FN:210,(anonymous_14)
FN:239,(anonymous_15)
FN:246,(anonymous_16)
FN:257,(anonymous_17)
FN:268,(anonymous_18)
FN:275,(anonymous_19)
FN:282,(anonymous_20)
FN:291,(anonymous_21)
FN:311,(anonymous_22)
FN:330,(anonymous_23)
FN:337,(anonymous_24)
FN:344,(anonymous_25)
FN:352,(anonymous_26)
FN:369,(anonymous_27)
FN:376,(anonymous_28)
FN:383,(anonymous_29)
FN:390,(anonymous_30)
FN:397,(anonymous_31)
FN:404,(anonymous_32)
FN:413,(anonymous_33)
FN:475,(anonymous_34)
FN:492,(anonymous_35)
FN:506,(anonymous_36)
FN:574,(anonymous_37)
FNF:38
FNH:27
FNDA:1,(anonymous_0)
FNDA:13,(anonymous_1)
FNDA:11,(anonymous_2)
FNDA:1,(anonymous_3)
FNDA:2,(anonymous_4)
FNDA:1,(anonymous_5)
FNDA:0,(anonymous_6)
FNDA:0,(anonymous_7)
FNDA:0,(anonymous_8)
FNDA:4,(anonymous_9)
FNDA:0,(anonymous_10)
FNDA:1,(anonymous_11)
FNDA:2,(anonymous_12)
FNDA:0,(anonymous_13)
FNDA:0,(anonymous_14)
FNDA:3,(anonymous_15)
FNDA:2,(anonymous_16)
FNDA:1,(anonymous_17)
FNDA:0,(anonymous_18)
FNDA:1,(anonymous_19)
FNDA:0,(anonymous_20)
FNDA:2,(anonymous_21)
FNDA:1,(anonymous_22)
FNDA:0,(anonymous_23)
FNDA:0,(anonymous_24)
FNDA:1,(anonymous_25)
FNDA:5,(anonymous_26)
FNDA:3,(anonymous_27)
FNDA:3,(anonymous_28)
FNDA:2,(anonymous_29)
FNDA:2,(anonymous_30)
FNDA:2,(anonymous_31)
FNDA:2,(anonymous_32)
FNDA:1,(anonymous_33)
FNDA:1,(anonymous_34)
FNDA:0,(anonymous_35)
FNDA:1,(anonymous_36)
FNDA:1,(anonymous_37)
DA:1,1
DA:2,1
DA:3,1
DA:4,1
DA:5,1
DA:6,1
DA:19,1
DA:29,1
DA:33,1
DA:34,1
DA:35,1
DA:36,1
DA:37,1
DA:38,1
DA:45,13
DA:46,1
DA:48,13
DA:55,11
DA:56,10
DA:57,10
DA:60,1
DA:62,1
DA:65,1
DA:67,1
DA:68,1
DA:70,0
DA:71,0
DA:79,1
DA:88,2
DA:95,1
DA:102,0
DA:109,0
DA:118,0
DA:119,0
DA:120,0
DA:123,0
DA:124,0
DA:137,4
DA:138,4
DA:139,0
DA:140,0
DA:143,4
DA:154,0
DA:155,0
DA:156,0
DA:157,0
DA:160,0
DA:167,1
DA:168,1
DA:169,0
DA:170,0
DA:173,1
DA:182,2
DA:183,2
DA:184,0
DA:193,2
DA:200,0
DA:204,0
DA:220,0
DA:221,0
DA:222,0
DA:231,0
DA:240,3
DA:251,2
DA:262,1
DA:269,0
DA:276,1
DA:283,0
DA:295,2
DA:296,2
DA:297,0
DA:305,2
DA:312,1
DA:313,1
DA:314,0
DA:322,1
DA:331,0
DA:338,0
DA:348,1
DA:349,1
DA:350,1
DA:352,1
DA:353,5
DA:354,5
DA:355,5
DA:357,0
DA:361,1
DA:370,3
DA:377,3
DA:384,2
DA:391,2
DA:398,2
DA:405,2
DA:439,1
DA:440,1
DA:441,1
DA:442,1
DA:444,1
DA:476,1
DA:477,1
DA:484,0
DA:485,0
DA:493,0
DA:494,0
DA:495,0
DA:496,0
DA:497,0
DA:498,0
DA:507,1
DA:562,1
DA:564,1
DA:565,0
DA:568,1
DA:576,1
DA:577,1
DA:580,1
DA:587,1
DA:590,1
DA:591,1
LF:119
LH:78
BRDA:45,0,0,1
BRDA:45,0,1,12
BRDA:55,1,0,10
BRDA:55,1,1,1
BRDA:109,2,0,0
BRDA:109,2,1,0
BRDA:118,3,0,0
BRDA:118,3,1,0
BRDA:138,4,0,0
BRDA:138,4,1,4
BRDA:155,5,0,0
BRDA:155,5,1,0
BRDA:168,6,0,0
BRDA:168,6,1,1
BRDA:183,7,0,0
BRDA:183,7,1,2
BRDA:200,8,0,0
BRDA:200,8,1,0
BRDA:221,9,0,0
BRDA:221,9,1,0
BRDA:296,10,0,0
BRDA:296,10,1,2
BRDA:299,11,0,0
BRDA:299,11,1,0
BRDA:313,12,0,0
BRDA:313,12,1,1
BRDA:353,13,0,5
BRDA:353,13,1,0
BRDA:353,14,0,5
BRDA:353,14,1,5
BRDA:477,15,0,1
BRDA:477,15,1,1
BRDA:477,15,2,1
BRDA:477,15,3,1
BRDA:477,15,4,1
BRDA:477,15,5,1
BRDA:564,16,0,0
BRDA:564,16,1,1
BRF:38
BRH:19
end_of_record
TN:
SF:src/typescript/core/services/enemy/index.ts
FN:7,(anonymous_0)
FN:10,(anonymous_1)
FN:13,(anonymous_2)
FN:17,(anonymous_3)
FN:18,(anonymous_4)
FN:24,(anonymous_5)
FN:28,(anonymous_6)
FN:29,(anonymous_7)
FN:35,(anonymous_8)
FNF:9
FNH:9
FNDA:11,(anonymous_0)
FNDA:19,(anonymous_1)
FNDA:10,(anonymous_2)
FNDA:12,(anonymous_3)
FNDA:4,(anonymous_4)
FNDA:10,(anonymous_5)
FNDA:10,(anonymous_6)
FNDA:8,(anonymous_7)
FNDA:13,(anonymous_8)
DA:7,12
DA:10,20
DA:13,11
DA:16,1
DA:17,13
DA:18,5
DA:24,11
DA:27,1
DA:28,11
DA:29,9
DA:35,14
LF:11
LH:11
BRF:0
BRH:0
end_of_record
TN:
SF:src/typescript/core/services/gamestate/EncounterManager.ts
FN:36,(anonymous_0)
FN:43,(anonymous_1)
FN:68,(anonymous_2)
FN:75,(anonymous_3)
FN:101,(anonymous_4)
FN:114,(anonymous_5)
FN:144,(anonymous_6)
FN:152,(anonymous_7)
FN:159,(anonymous_8)
FN:166,(anonymous_9)
FN:173,(anonymous_10)
FN:180,(anonymous_11)
FN:189,(anonymous_12)
FN:197,(anonymous_13)
FN:210,(anonymous_14)
FN:217,(anonymous_15)
FN:229,(anonymous_16)
FN:251,(anonymous_17)
FN:261,(anonymous_18)
FN:278,(anonymous_19)
FN:285,(anonymous_20)
FN:308,(anonymous_21)
FN:343,(anonymous_22)
FN:378,(anonymous_23)
FN:386,(anonymous_24)
FN:395,(anonymous_25)
FN:401,(anonymous_26)
FNF:27
FNH:22
FNDA:12,(anonymous_0)
FNDA:12,(anonymous_1)
FNDA:3,(anonymous_2)
FNDA:0,(anonymous_3)
FNDA:18,(anonymous_4)
FNDA:1,(anonymous_5)
FNDA:1,(anonymous_6)
FNDA:1,(anonymous_7)
FNDA:1,(anonymous_8)
FNDA:0,(anonymous_9)
FNDA:2,(anonymous_10)
FNDA:1,(anonymous_11)
FNDA:0,(anonymous_12)
FNDA:1,(anonymous_13)
FNDA:7,(anonymous_14)
FNDA:2,(anonymous_15)
FNDA:2,(anonymous_16)
FNDA:4,(anonymous_17)
FNDA:0,(anonymous_18)
FNDA:0,(anonymous_19)
FNDA:1,(anonymous_20)
FNDA:15,(anonymous_21)
FNDA:12,(anonymous_22)
FNDA:12,(anonymous_23)
FNDA:13,(anonymous_24)
FNDA:22,(anonymous_25)
FNDA:4,(anonymous_26)
DA:29,1
DA:30,12
DA:31,12
DA:32,12
DA:33,12
DA:34,12
DA:37,12
DA:44,12
DA:45,12
DA:46,0
DA:47,0
DA:51,12
DA:54,12
DA:55,12
DA:57,12
DA:58,12
DA:60,0
DA:61,0
DA:69,3
DA:76,0
DA:77,0
DA:78,0
DA:81,0
DA:82,0
DA:84,0
DA:85,0
DA:86,0
DA:89,0
DA:90,0
DA:91,0
DA:93,0
DA:94,0
DA:102,18
DA:104,10
DA:107,18
DA:108,18
DA:115,1
DA:116,1
DA:117,0
DA:118,0
DA:121,1
DA:122,1
DA:129,1
DA:130,0
DA:131,0
DA:134,1
DA:136,0
DA:137,0
DA:145,1
DA:146,1
DA:153,1
DA:160,1
DA:167,0
DA:174,2
DA:181,1
DA:190,0
DA:191,0
DA:198,1
DA:199,0
DA:200,0
DA:203,1
DA:204,1
DA:211,7
DA:228,2
DA:229,2
DA:230,2
DA:231,0
DA:235,2
DA:252,4
DA:253,4
DA:255,4
DA:262,0
DA:263,0
DA:264,0
DA:267,0
DA:268,0
DA:269,0
DA:270,0
DA:272,0
DA:279,0
DA:286,1
DA:287,1
DA:289,1
DA:290,1
DA:292,1
DA:309,15
DA:310,0
DA:314,15
DA:315,1
DA:318,14
DA:319,0
DA:323,14
DA:324,0
DA:327,14
DA:328,0
DA:331,14
DA:332,0
DA:335,14
DA:344,12
DA:354,12
DA:364,12
DA:379,12
DA:380,12
DA:387,13
DA:388,3
DA:396,22
DA:397,22
DA:398,18
DA:401,4
DA:402,4
DA:403,4
DA:405,0
LF:112
LH:68
BRDA:45,0,0,0
BRDA:45,0,1,12
BRDA:69,1,0,2
BRDA:69,1,1,1
BRDA:76,2,0,0
BRDA:76,2,1,0
BRDA:84,3,0,0
BRDA:84,3,1,0
BRDA:102,4,0,10
BRDA:102,4,1,8
BRDA:114,5,0,0
BRDA:116,6,0,0
BRDA:116,6,1,1
BRDA:123,7,0,1
BRDA:123,7,1,0
BRDA:124,8,0,1
BRDA:124,8,1,1
BRDA:129,9,0,0
BRDA:129,9,1,1
BRDA:153,10,0,1
BRDA:153,10,1,0
BRDA:181,11,0,1
BRDA:181,11,1,0
BRDA:198,12,0,0
BRDA:198,12,1,1
BRDA:230,13,0,0
BRDA:230,13,1,2
BRDA:241,14,0,2
BRDA:241,14,1,1
BRDA:242,15,0,2
BRDA:242,15,1,1
BRDA:252,16,0,4
BRDA:252,16,1,0
BRDA:263,17,0,0
BRDA:263,17,1,0
BRDA:268,18,0,0
BRDA:268,18,1,0
BRDA:297,19,0,1
BRDA:297,19,1,0
BRDA:309,20,0,0
BRDA:309,20,1,15
BRDA:309,21,0,15
BRDA:309,21,1,15
BRDA:314,22,0,1
BRDA:314,22,1,14
BRDA:314,23,0,15
BRDA:314,23,1,14
BRDA:318,24,0,0
BRDA:318,24,1,14
BRDA:318,25,0,14
BRDA:318,25,1,14
BRDA:323,26,0,0
BRDA:323,26,1,14
BRDA:323,27,0,14
BRDA:323,27,1,2
BRDA:327,28,0,0
BRDA:327,28,1,14
BRDA:327,29,0,14
BRDA:327,29,1,2
BRDA:331,30,0,0
BRDA:331,30,1,14
BRDA:331,31,0,14
BRDA:331,31,1,0
BRDA:331,31,2,0
BRDA:397,32,0,18
BRDA:397,32,1,4
BRF:66
BRH:40
end_of_record
TN:
SF:src/typescript/core/services/gamestate/GameLifecycleManager.ts
FN:20,(anonymous_0)
FN:27,(anonymous_1)
FN:57,(anonymous_2)
FN:81,(anonymous_3)
FN:92,(anonymous_4)
FN:115,(anonymous_5)
FN:122,(anonymous_6)
FN:129,(anonymous_7)
FN:136,(anonymous_8)
FN:146,(anonymous_9)
FN:153,(anonymous_10)
FN:160,(anonymous_11)
FN:167,(anonymous_12)
FN:179,(anonymous_13)
FN:191,(anonymous_14)
FN:203,(anonymous_15)
FN:212,(anonymous_16)
FN:239,(anonymous_17)
FN:246,(anonymous_18)
FN:253,(anonymous_19)
FN:258,(anonymous_20)
FN:260,(anonymous_21)
FN:275,(anonymous_22)
FN:307,(anonymous_23)
FN:308,(anonymous_24)
FNF:25
FNH:20
FNDA:13,(anonymous_0)
FNDA:13,(anonymous_1)
FNDA:3,(anonymous_2)
FNDA:8,(anonymous_3)
FNDA:1,(anonymous_4)
FNDA:7,(anonymous_5)
FNDA:6,(anonymous_6)
FNDA:1,(anonymous_7)
FNDA:3,(anonymous_8)
FNDA:2,(anonymous_9)
FNDA:1,(anonymous_10)
FNDA:2,(anonymous_11)
FNDA:0,(anonymous_12)
FNDA:0,(anonymous_13)
FNDA:0,(anonymous_14)
FNDA:0,(anonymous_15)
FNDA:2,(anonymous_16)
FNDA:2,(anonymous_17)
FNDA:0,(anonymous_18)
FNDA:1,(anonymous_19)
FNDA:1,(anonymous_20)
FNDA:1,(anonymous_21)
FNDA:2,(anonymous_22)
FNDA:16,(anonymous_23)
FNDA:6,(anonymous_24)
DA:12,1
DA:13,13
DA:14,13
DA:15,13
DA:16,13
DA:17,13
DA:18,13
DA:28,13
DA:29,1
DA:30,1
DA:33,12
DA:34,12
DA:35,12
DA:38,12
DA:41,12
DA:42,12
DA:43,12
DA:45,12
DA:46,12
DA:48,0
DA:49,0
DA:50,0
DA:58,3
DA:59,3
DA:60,3
DA:63,3
DA:66,3
DA:67,3
DA:68,3
DA:70,3
DA:71,3
DA:73,0
DA:74,0
DA:82,8
DA:83,8
DA:84,8
DA:85,8
DA:86,8
DA:93,1
DA:94,1
DA:95,1
DA:98,1
DA:101,1
DA:102,1
DA:104,1
DA:105,1
DA:107,0
DA:108,0
DA:116,7
DA:123,6
DA:130,1
DA:137,3
DA:138,0
DA:140,3
DA:147,2
DA:154,1
DA:161,2
DA:168,0
DA:169,0
DA:170,0
DA:171,0
DA:173,0
DA:180,0
DA:181,0
DA:182,0
DA:183,0
DA:185,0
DA:192,0
DA:193,0
DA:194,0
DA:195,0
DA:197,0
DA:204,0
DA:205,0
DA:206,0
DA:223,2
DA:240,2
DA:247,0
DA:254,1
DA:255,0
DA:258,1
DA:259,1
DA:260,1
DA:261,1
DA:262,1
DA:263,1
DA:264,0
DA:265,0
DA:266,0
DA:280,2
DA:283,2
DA:284,0
DA:287,2
DA:288,0
DA:291,2
DA:292,0
DA:295,2
DA:308,16
DA:309,6
DA:310,6
DA:312,0
LF:101
LH:66
BRDA:28,0,0,1
BRDA:28,0,1,12
BRDA:137,1,0,0
BRDA:137,1,1,3
BRDA:169,2,0,0
BRDA:169,2,1,0
BRDA:181,3,0,0
BRDA:181,3,1,0
BRDA:193,4,0,0
BRDA:193,4,1,0
BRDA:240,5,0,2
BRDA:240,5,1,1
BRDA:253,6,0,0
BRDA:254,7,0,0
BRDA:254,7,1,1
BRDA:261,8,0,1
BRDA:261,8,1,0
BRDA:264,9,0,0
BRDA:264,9,1,0
BRDA:283,10,0,0
BRDA:283,10,1,2
BRDA:283,11,0,2
BRDA:283,11,1,0
BRDA:287,12,0,0
BRDA:287,12,1,2
BRDA:287,13,0,2
BRDA:287,13,1,2
BRDA:291,14,0,0
BRDA:291,14,1,2
BRDA:291,15,0,2
BRDA:291,15,1,0
BRF:31
BRH:14
end_of_record
TN:
SF:src/typescript/core/services/gamestate/LegacyDataBridge.ts
FN:16,(anonymous_0)
FN:24,(anonymous_1)
FN:91,(anonymous_2)
FN:133,(anonymous_3)
FN:148,(anonymous_4)
FN:171,(anonymous_5)
FN:205,(anonymous_6)
FN:220,(anonymous_7)
FN:249,(anonymous_8)
FN:256,(anonymous_9)
FN:263,(anonymous_10)
FN:274,(anonymous_11)
FN:281,(anonymous_12)
FN:288,(anonymous_13)
FN:303,(anonymous_14)
FN:320,(anonymous_15)
FN:326,(anonymous_16)
FN:333,(anonymous_17)
FN:334,(anonymous_18)
FN:353,(anonymous_19)
FN:399,(anonymous_20)
FN:401,(anonymous_21)
FN:402,(anonymous_22)
FN:403,(anonymous_23)
FN:409,(anonymous_24)
FN:415,(anonymous_25)
FN:427,(anonymous_26)
FN:433,(anonymous_27)
FN:445,(anonymous_28)
FN:451,(anonymous_29)
FN:463,(anonymous_30)
FNF:31
FNH:27
FNDA:11,(anonymous_0)
FNDA:3,(anonymous_1)
FNDA:2,(anonymous_2)
FNDA:5,(anonymous_3)
FNDA:15,(anonymous_4)
FNDA:26,(anonymous_5)
FNDA:2,(anonymous_6)
FNDA:6,(anonymous_7)
FNDA:3,(anonymous_8)
FNDA:1,(anonymous_9)
FNDA:0,(anonymous_10)
FNDA:1,(anonymous_11)
FNDA:1,(anonymous_12)
FNDA:1,(anonymous_13)
FNDA:1,(anonymous_14)
FNDA:2,(anonymous_15)
FNDA:12,(anonymous_16)
FNDA:2,(anonymous_17)
FNDA:2,(anonymous_18)
FNDA:11,(anonymous_19)
FNDA:11,(anonymous_20)
FNDA:0,(anonymous_21)
FNDA:0,(anonymous_22)
FNDA:0,(anonymous_23)
FNDA:2,(anonymous_24)
FNDA:13,(anonymous_25)
FNDA:2,(anonymous_26)
FNDA:5,(anonymous_27)
FNDA:2,(anonymous_28)
FNDA:6,(anonymous_29)
FNDA:6,(anonymous_30)
DA:12,1
DA:14,11
DA:17,11
DA:18,11
DA:25,3
DA:26,0
DA:29,3
DA:30,3
DA:33,3
DA:34,3
DA:37,3
DA:38,2
DA:41,3
DA:42,2
DA:45,3
DA:46,1
DA:49,3
DA:50,1
DA:53,3
DA:54,0
DA:57,3
DA:58,0
DA:61,3
DA:62,0
DA:65,3
DA:66,0
DA:69,3
DA:70,0
DA:73,3
DA:74,0
DA:77,3
DA:78,0
DA:81,3
DA:83,0
DA:84,0
DA:92,2
DA:93,0
DA:96,2
DA:97,2
DA:100,2
DA:101,2
DA:102,2
DA:105,2
DA:108,2
DA:109,2
DA:110,2
DA:113,2
DA:116,2
DA:119,2
DA:120,2
DA:121,2
DA:123,2
DA:125,0
DA:126,0
DA:138,5
DA:139,5
DA:141,5
DA:142,0
DA:143,0
DA:147,5
DA:148,5
DA:149,15
DA:150,1
DA:155,5
DA:156,1
DA:160,5
DA:161,1
DA:165,5
DA:166,4
DA:167,4
DA:168,0
DA:171,4
DA:172,26
DA:173,0
DA:176,1
DA:177,0
DA:181,5
DA:182,0
DA:186,5
DA:187,0
DA:191,5
DA:192,0
DA:195,5
DA:210,2
DA:211,2
DA:213,2
DA:214,0
DA:215,0
DA:219,2
DA:220,2
DA:221,6
DA:222,1
DA:227,2
DA:228,1
DA:231,2
DA:232,1
DA:235,2
DA:236,0
DA:239,2
DA:250,3
DA:257,1
DA:264,0
DA:265,0
DA:267,0
DA:275,1
DA:282,1
DA:293,1
DA:309,1
DA:310,1
DA:311,1
DA:314,1
DA:317,1
DA:318,1
DA:320,1
DA:321,2
DA:322,0
DA:326,1
DA:327,12
DA:328,10
DA:333,2
DA:334,1
DA:335,2
DA:336,0
DA:340,1
DA:354,11
DA:401,11
DA:402,11
DA:403,11
DA:410,2
DA:411,0
DA:414,2
DA:415,2
DA:416,13
DA:417,13
DA:421,2
DA:428,2
DA:429,1
DA:432,1
DA:433,1
DA:434,5
DA:435,5
DA:439,1
DA:446,2
DA:447,1
DA:450,1
DA:451,1
DA:452,6
DA:453,6
DA:457,1
DA:464,6
LF:150
LH:120
BRDA:25,0,0,0
BRDA:25,0,1,3
BRDA:33,1,0,3
BRDA:33,1,1,0
BRDA:37,2,0,2
BRDA:37,2,1,1
BRDA:41,3,0,2
BRDA:41,3,1,1
BRDA:45,4,0,1
[...]
FNDA:0,(anonymous_21)
FNDA:0,(anonymous_22)
FNDA:0,(anonymous_23)
FNDA:0,(anonymous_24)
FNDA:0,(anonymous_25)
FNDA:0,(anonymous_26)
FNDA:0,(anonymous_27)
FNDA:0,(anonymous_28)
FNDA:0,(anonymous_29)
FNDA:0,(anonymous_30)
FNDA:0,(anonymous_31)
FNDA:0,(anonymous_32)
FNDA:0,(anonymous_33)
FNDA:0,(anonymous_34)
FNDA:0,(anonymous_35)
FNDA:0,(anonymous_36)
FNDA:0,(anonymous_37)
FNDA:0,(anonymous_38)
FNDA:0,(anonymous_39)
FNDA:0,(anonymous_40)
FNDA:0,(anonymous_41)
FNDA:0,(anonymous_42)
FNDA:0,(anonymous_43)
FNDA:0,(anonymous_44)
FNDA:0,(anonymous_45)
FNDA:0,(anonymous_46)
FNDA:0,(anonymous_47)
FNDA:0,(anonymous_48)
FNDA:0,(anonymous_49)
FNDA:0,(anonymous_50)
FNDA:0,(anonymous_51)
FNDA:0,(anonymous_52)
FNDA:0,(anonymous_53)
FNDA:0,(anonymous_54)
FNDA:0,(anonymous_55)
FNDA:0,(anonymous_56)
FNDA:0,(anonymous_57)
FNDA:0,(anonymous_58)
FNDA:0,(anonymous_59)
FNDA:0,(anonymous_60)
FNDA:0,(anonymous_61)
FNDA:0,(anonymous_62)
FNDA:0,(anonymous_63)
FNDA:0,(anonymous_64)
FNDA:0,(anonymous_65)
FNDA:0,(anonymous_66)
FNDA:0,(anonymous_67)
FNDA:0,(anonymous_68)
FNDA:0,(anonymous_69)
FNDA:0,(anonymous_70)
FNDA:0,(anonymous_71)
FNDA:0,(anonymous_72)
FNDA:0,(anonymous_73)
FNDA:0,(anonymous_74)
FNDA:0,(anonymous_75)
FNDA:0,(anonymous_76)
FNDA:0,(anonymous_77)
FNDA:0,(anonymous_78)
FNDA:0,(anonymous_79)
FNDA:0,(anonymous_80)
FNDA:0,(anonymous_81)
FNDA:0,(anonymous_82)
FNDA:0,(anonymous_83)
FNDA:0,(anonymous_84)
FNDA:0,(anonymous_85)
FNDA:0,(anonymous_86)
FNDA:0,(anonymous_87)
DA:15,0
DA:25,0
DA:36,0
DA:44,0
DA:119,0
DA:120,0
DA:121,0
DA:122,0
DA:123,0
DA:124,0
DA:125,0
DA:126,0
DA:127,0
DA:130,0
DA:143,0
DA:144,0
DA:157,0
DA:160,0
DA:166,0
DA:168,0
DA:169,0
DA:170,0
DA:171,0
DA:175,0
DA:180,0
DA:181,0
DA:182,0
DA:184,0
DA:185,0
DA:188,0
DA:189,0
DA:190,0
DA:191,0
DA:194,0
DA:195,0
DA:197,0
DA:198,0
DA:202,0
DA:203,0
DA:204,0
DA:207,0
DA:210,0
DA:213,0
DA:214,0
DA:217,0
DA:220,0
DA:223,0
DA:224,0
DA:227,0
DA:228,0
DA:229,0
DA:232,0
DA:233,0
DA:234,0
DA:237,0
DA:240,0
DA:241,0
DA:243,0
DA:247,0
DA:248,0
DA:249,0
DA:250,0
DA:251,0
DA:252,0
DA:255,0
DA:256,0
DA:257,0
DA:258,0
DA:259,0
DA:262,0
DA:263,0
DA:264,0
DA:268,0
DA:269,0
DA:270,0
DA:271,0
DA:276,0
DA:277,0
DA:284,0
DA:286,0
DA:287,0
DA:288,0
DA:289,0
DA:291,0
DA:292,0
DA:293,0
DA:294,0
DA:296,0
DA:297,0
DA:298,0
DA:299,0
DA:302,0
DA:306,0
DA:307,0
DA:309,0
DA:314,0
DA:315,0
DA:318,0
DA:319,0
DA:322,0
DA:323,0
DA:324,0
DA:327,0
DA:328,0
DA:329,0
DA:331,0
DA:337,0
DA:338,0
DA:339,0
DA:340,0
DA:343,0
DA:344,0
DA:349,0
DA:351,0
DA:352,0
DA:358,0
DA:362,0
DA:363,0
DA:366,0
DA:371,0
DA:372,0
DA:374,0
DA:376,0
DA:377,0
DA:382,0
DA:383,0
DA:388,0
DA:390,0
DA:392,0
DA:393,0
DA:394,0
DA:395,0
DA:398,0
DA:399,0
DA:402,0
DA:403,0
DA:405,0
DA:406,0
DA:413,0
DA:414,0
DA:415,0
DA:416,0
DA:418,0
DA:420,0
DA:421,0
DA:422,0
DA:423,0
DA:427,0
DA:428,0
DA:443,0
DA:445,0
DA:446,0
DA:447,0
DA:448,0
DA:451,0
DA:452,0
DA:453,0
DA:456,0
DA:458,0
DA:460,0
DA:461,0
DA:462,0
DA:465,0
DA:466,0
DA:473,0
DA:474,0
DA:479,0
DA:481,0
DA:484,0
DA:485,0
DA:488,0
DA:494,0
DA:496,0
DA:497,0
DA:498,0
DA:505,0
DA:506,0
DA:507,0
DA:508,0
DA:509,0
DA:521,0
DA:522,0
DA:526,0
DA:529,0
DA:538,0
DA:539,0
DA:542,0
DA:543,0
DA:544,0
DA:551,0
DA:552,0
DA:553,0
DA:559,0
DA:562,0
DA:567,0
DA:568,0
DA:569,0
DA:570,0
DA:571,0
DA:574,0
DA:575,0
DA:576,0
DA:577,0
DA:578,0
DA:580,0
DA:581,0
DA:582,0
DA:583,0
DA:584,0
DA:588,0
DA:589,0
DA:590,0
DA:591,0
DA:592,0
DA:596,0
DA:603,0
DA:610,0
DA:611,0
DA:614,0
DA:617,0
DA:618,0
DA:620,0
DA:621,0
DA:624,0
DA:626,0
DA:629,0
DA:630,0
DA:636,0
DA:643,0
DA:644,0
DA:645,0
DA:646,0
DA:649,0
DA:653,0
DA:654,0
DA:655,0
DA:659,0
DA:660,0
DA:661,0
DA:667,0
DA:668,0
DA:669,0
DA:670,0
DA:677,0
DA:678,0
DA:679,0
DA:680,0
DA:681,0
DA:684,0
DA:690,0
DA:691,0
DA:692,0
DA:693,0
DA:694,0
DA:698,0
DA:699,0
DA:700,0
DA:701,0
DA:705,0
DA:706,0
DA:707,0
DA:708,0
DA:712,0
DA:715,0
DA:716,0
DA:720,0
DA:721,0
DA:724,0
DA:727,0
DA:731,0
DA:732,0
DA:735,0
DA:737,0
DA:738,0
DA:739,0
DA:740,0
DA:742,0
DA:743,0
DA:747,0
DA:748,0
DA:753,0
DA:754,0
DA:756,0
DA:757,0
DA:758,0
DA:759,0
DA:760,0
DA:761,0
DA:765,0
DA:769,0
DA:771,0
DA:773,0
DA:774,0
DA:775,0
DA:777,0
DA:778,0
DA:779,0
DA:781,0
DA:783,0
DA:784,0
DA:785,0
DA:787,0
DA:789,0
DA:790,0
DA:791,0
DA:793,0
DA:794,0
DA:795,0
DA:802,0
DA:803,0
DA:804,0
DA:805,0
DA:808,0
DA:809,0
DA:810,0
DA:813,0
DA:814,0
DA:816,0
DA:817,0
DA:819,0
DA:822,0
DA:827,0
DA:828,0
DA:834,0
DA:835,0
DA:836,0
DA:837,0
DA:844,0
DA:845,0
DA:847,0
DA:849,0
DA:851,0
DA:852,0
DA:854,0
DA:855,0
DA:856,0
DA:860,0
DA:861,0
DA:862,0
DA:864,0
DA:865,0
DA:866,0
DA:869,0
DA:870,0
DA:874,0
DA:875,0
DA:876,0
DA:879,0
DA:881,0
DA:884,0
DA:888,0
DA:889,0
DA:890,0
DA:893,0
DA:895,0
DA:898,0
DA:899,0
DA:900,0
DA:905,0
DA:906,0
DA:907,0
DA:908,0
DA:911,0
DA:917,0
DA:918,0
DA:919,0
DA:920,0
DA:921,0
DA:925,0
DA:926,0
DA:927,0
DA:928,0
DA:929,0
DA:932,0
DA:933,0
DA:934,0
DA:935,0
DA:941,0
DA:942,0
DA:943,0
DA:949,0
DA:950,0
DA:951,0
DA:954,0
DA:955,0
DA:956,0
DA:959,0
DA:960,0
DA:962,0
DA:963,0
DA:966,0
DA:967,0
DA:968,0
DA:969,0
DA:971,0
DA:972,0
DA:977,0
DA:981,0
DA:982,0
DA:985,0
DA:986,0
DA:987,0
DA:990,0
DA:993,0
DA:994,0
DA:995,0
DA:996,0
DA:997,0
DA:999,0
DA:1000,0
DA:1004,0
DA:1007,0
DA:1010,0
DA:1011,0
DA:1012,0
DA:1013,0
DA:1015,0
DA:1016,0
DA:1017,0
DA:1018,0
DA:1019,0
DA:1020,0
DA:1025,0
DA:1027,0
DA:1028,0
DA:1031,0
DA:1032,0
DA:1033,0
DA:1034,0
DA:1039,0
DA:1040,0
DA:1043,0
DA:1044,0
DA:1047,0
DA:1049,0
DA:1052,0
DA:1053,0
DA:1054,0
DA:1057,0
DA:1058,0
DA:1061,0
DA:1062,0
DA:1065,0
DA:1066,0
DA:1067,0
DA:1073,0
DA:1074,0
DA:1079,0
DA:1080,0
DA:1081,0
DA:1082,0
DA:1083,0
DA:1086,0
DA:1087,0
DA:1088,0
DA:1092,0
DA:1097,0
DA:1099,0
DA:1100,0
DA:1102,0
DA:1103,0
DA:1104,0
DA:1106,0
DA:1107,0
DA:1109,0
DA:1111,0
DA:1112,0
DA:1115,0
DA:1117,0
DA:1122,0
DA:1123,0
DA:1125,0
DA:1131,0
DA:1132,0
DA:1133,0
DA:1134,0
DA:1136,0
DA:1137,0
DA:1138,0
DA:1139,0
DA:1141,0
DA:1142,0
DA:1143,0
DA:1144,0
DA:1148,0
DA:1149,0
DA:1150,0
DA:1152,0
DA:1156,0
DA:1157,0
DA:1160,0
DA:1164,0
DA:1170,0
DA:1171,0
DA:1172,0
DA:1174,0
DA:1180,0
DA:1182,0
DA:1188,0
DA:1191,0
DA:1192,0
DA:1193,0
DA:1195,0
DA:1197,0
DA:1203,0
DA:1204,0
DA:1208,0
DA:1209,0
DA:1210,0
DA:1212,0
DA:1214,0
DA:1220,0
DA:1221,0
DA:1225,0
DA:1226,0
DA:1228,0
DA:1230,0
DA:1236,0
DA:1240,0
DA:1246,0
DA:1247,0
DA:1251,0
DA:1252,0
DA:1253,0
DA:1259,0
DA:1260,0
DA:1262,0
DA:1265,0
DA:1268,0
DA:1269,0
DA:1270,0
DA:1271,0
DA:1273,0
DA:1274,0
DA:1275,0
DA:1276,0
DA:1278,0
DA:1279,0
DA:1280,0
DA:1281,0
DA:1285,0
DA:1286,0
DA:1288,0
DA:1292,0
DA:1297,0
DA:1300,0
DA:1313,0
DA:1314,0
DA:1316,0
DA:1317,0
DA:1319,0
DA:1320,0
DA:1322,0
DA:1323,0
DA:1325,0
DA:1326,0
DA:1331,0
DA:1332,0
DA:1333,0
DA:1336,0
DA:1337,0
DA:1339,0
DA:1343,0
DA:1346,0
DA:1347,0
DA:1348,0
DA:1349,0
DA:1350,0
DA:1351,0
DA:1353,0
DA:1357,0
DA:1358,0
DA:1359,0
DA:1361,0
DA:1362,0
DA:1363,0
DA:1367,0
DA:1368,0
DA:1369,0
DA:1370,0
DA:1371,0
DA:1372,0
DA:1373,0
DA:1377,0
DA:1378,0
DA:1379,0
DA:1380,0
DA:1381,0
DA:1385,0
DA:1386,0
DA:1387,0
DA:1388,0
DA:1389,0
DA:1390,0
DA:1391,0
DA:1392,0
DA:1394,0
DA:1395,0
DA:1396,0
DA:1405,0
DA:1408,0
DA:1409,0
DA:1410,0
DA:1411,0
DA:1412,0
DA:1416,0
DA:1417,0
DA:1418,0
DA:1419,0
DA:1420,0
DA:1424,0
DA:1426,0
DA:1427,0
DA:1431,0
DA:1433,0
DA:1434,0
DA:1435,0
DA:1436,0
DA:1437,0
DA:1441,0
DA:1442,0
DA:1443,0
DA:1445,0
DA:1446,0
DA:1451,0
DA:1452,0
DA:1453,0
DA:1454,0
DA:1455,0
DA:1461,0
DA:1462,0
DA:1468,0
DA:1469,0
DA:1472,0
DA:1473,0
DA:1475,0
DA:1476,0
DA:1477,0
DA:1478,0
DA:1479,0
DA:1484,0
DA:1485,0
DA:1486,0
DA:1487,0
DA:1491,0
DA:1492,0
DA:1495,0
DA:1496,0
DA:1497,0
DA:1498,0
DA:1499,0
DA:1504,0
DA:1506,0
DA:1515,0
DA:1519,0
DA:1520,0
DA:1522,0
DA:1523,0
DA:1524,0
DA:1525,0
DA:1526,0
DA:1529,0
DA:1533,0
DA:1534,0
DA:1536,0
DA:1537,0
DA:1538,0
DA:1542,0
DA:1545,0
DA:1546,0
DA:1549,0
DA:1552,0
DA:1553,0
DA:1556,0
DA:1560,0
DA:1562,0
DA:1563,0
DA:1565,0
DA:1568,0
DA:1572,0
DA:1573,0
DA:1574,0
DA:1577,0
DA:1578,0
DA:1579,0
DA:1580,0
DA:1583,0
DA:1584,0
DA:1586,0
DA:1590,0
DA:1591,0
DA:1594,0
LF:692
LH:0
BRDA:169,0,0,0
BRDA:169,0,1,0
BRDA:170,1,0,0
BRDA:170,1,1,0
BRDA:178,2,0,0
BRDA:194,3,0,0
BRDA:194,3,1,0
BRDA:197,4,0,0
BRDA:197,4,1,0
BRDA:269,5,0,0
BRDA:269,5,1,0
BRDA:269,6,0,0
BRDA:269,6,1,0
BRDA:286,7,0,0
BRDA:286,7,1,0
BRDA:291,8,0,0
BRDA:291,8,1,0
BRDA:291,9,0,0
BRDA:291,9,1,0
BRDA:296,10,0,0
BRDA:296,10,1,0
BRDA:296,11,0,0
BRDA:296,11,1,0
BRDA:318,12,0,0
BRDA:318,12,1,0
BRDA:337,13,0,0
BRDA:337,13,1,0
BRDA:349,14,0,0
BRDA:349,14,1,0
BRDA:362,15,0,0
BRDA:362,15,1,0
BRDA:363,16,0,0
BRDA:363,16,1,0
BRDA:371,17,0,0
BRDA:371,17,1,0
BRDA:372,18,0,0
BRDA:372,18,1,0
BRDA:374,19,0,0
BRDA:374,19,1,0
BRDA:376,20,0,0
BRDA:376,20,1,0
BRDA:388,21,0,0
BRDA:388,21,1,0
BRDA:388,22,0,0
BRDA:388,22,1,0
BRDA:402,23,0,0
BRDA:402,23,1,0
BRDA:413,24,0,0
BRDA:413,24,1,0
BRDA:413,24,2,0
BRDA:422,25,0,0
BRDA:422,25,1,0
BRDA:430,26,0,0
BRDA:430,26,1,0
BRDA:431,27,0,0
BRDA:431,27,1,0
BRDA:435,28,0,0
BRDA:435,28,1,0
BRDA:479,29,0,0
BRDA:479,29,1,0
BRDA:497,30,0,0
BRDA:497,30,1,0
BRDA:508,31,0,0
BRDA:508,31,1,0
BRDA:538,32,0,0
BRDA:538,32,1,0
BRDA:538,33,0,0
BRDA:538,33,1,0
BRDA:543,34,0,0
BRDA:543,34,1,0
BRDA:551,35,0,0
BRDA:551,35,1,0
BRDA:588,36,0,0
BRDA:588,36,1,0
BRDA:591,37,0,0
BRDA:591,37,1,0
BRDA:592,38,0,0
BRDA:592,38,1,0
BRDA:610,39,0,0
BRDA:610,39,1,0
BRDA:629,40,0,0
BRDA:629,40,1,0
BRDA:643,41,0,0
BRDA:643,41,1,0
BRDA:644,42,0,0
BRDA:644,42,1,0
BRDA:653,43,0,0
BRDA:653,43,1,0
BRDA:659,44,0,0
BRDA:659,44,1,0
BRDA:667,45,0,0
BRDA:667,45,1,0
BRDA:669,46,0,0
BRDA:669,46,1,0
BRDA:679,47,0,0
BRDA:679,47,1,0
BRDA:691,48,0,0
BRDA:691,48,1,0
BRDA:693,49,0,0
BRDA:693,49,1,0
BRDA:698,50,0,0
BRDA:698,50,1,0
BRDA:700,51,0,0
BRDA:700,51,1,0
BRDA:705,52,0,0
BRDA:705,52,1,0
BRDA:707,53,0,0
BRDA:707,53,1,0
BRDA:707,54,0,0
BRDA:707,54,1,0
BRDA:715,55,0,0
BRDA:715,55,1,0
BRDA:732,56,0,0
BRDA:732,56,1,0
BRDA:735,57,0,0
BRDA:735,57,1,0
BRDA:738,58,0,0
BRDA:738,58,1,0
BRDA:757,59,0,0
BRDA:757,59,1,0
BRDA:757,60,0,0
BRDA:757,60,1,0
BRDA:760,61,0,0
BRDA:760,61,1,0
BRDA:771,62,0,0
BRDA:771,62,1,0
BRDA:771,63,0,0
BRDA:771,63,1,0
BRDA:773,64,0,0
BRDA:773,64,1,0
BRDA:781,65,0,0
BRDA:781,65,1,0
BRDA:781,66,0,0
BRDA:781,66,1,0
BRDA:781,66,2,0
BRDA:787,67,0,0
BRDA:787,67,1,0
BRDA:789,68,0,0
BRDA:789,68,1,0
BRDA:793,69,0,0
BRDA:793,69,1,0
BRDA:803,70,0,0
BRDA:803,70,1,0
BRDA:803,71,0,0
BRDA:803,71,1,0
BRDA:808,72,0,0
BRDA:808,72,1,0
BRDA:808,73,0,0
BRDA:808,73,1,0
BRDA:814,74,0,0
BRDA:814,74,1,0
BRDA:817,75,0,0
BRDA:817,75,1,0
BRDA:827,76,0,0
BRDA:827,76,1,0
BRDA:827,77,0,0
BRDA:827,77,1,0
BRDA:827,77,2,0
BRDA:834,78,0,0
BRDA:834,78,1,0
BRDA:834,79,0,0
BRDA:834,79,1,0
BRDA:836,80,0,0
BRDA:836,80,1,0
BRDA:836,81,0,0
BRDA:836,81,1,0
BRDA:844,82,0,0
BRDA:844,82,1,0
BRDA:849,83,0,0
BRDA:849,83,1,0
BRDA:852,84,0,0
BRDA:852,84,1,0
BRDA:855,85,0,0
BRDA:855,85,1,0
BRDA:864,86,0,0
BRDA:864,86,1,0
BRDA:888,87,0,0
BRDA:888,87,1,0
BRDA:907,88,0,0
BRDA:907,88,1,0
BRDA:917,89,0,0
BRDA:917,89,1,0
BRDA:919,90,0,0
BRDA:919,90,1,0
BRDA:925,91,0,0
BRDA:925,91,1,0
BRDA:927,92,0,0
BRDA:927,92,1,0
BRDA:933,93,0,0
BRDA:933,93,1,0
BRDA:942,94,0,0
BRDA:942,94,1,0
BRDA:950,95,0,0
BRDA:950,95,1,0
BRDA:951,96,0,0
BRDA:951,96,1,0
BRDA:954,97,0,0
BRDA:954,97,1,0
BRDA:962,98,0,0
BRDA:962,98,1,0
BRDA:963,99,0,0
BRDA:963,99,1,0
BRDA:982,100,0,0
BRDA:982,100,1,0
BRDA:985,101,0,0
BRDA:985,101,1,0
BRDA:993,102,0,0
BRDA:993,102,1,0
BRDA:994,103,0,0
BRDA:994,103,1,0
BRDA:1016,104,0,0
BRDA:1016,104,1,0
BRDA:1016,105,0,0
BRDA:1016,105,1,0
BRDA:1018,106,0,0
BRDA:1018,106,1,0
BRDA:1018,107,0,0
BRDA:1018,107,1,0
BRDA:1025,108,0,0
BRDA:1025,108,1,0
BRDA:1033,109,0,0
BRDA:1033,109,1,0
BRDA:1043,110,0,0
BRDA:1043,110,1,0
BRDA:1052,111,0,0
BRDA:1052,111,1,0
BRDA:1066,112,0,0
BRDA:1066,112,1,0
BRDA:1066,113,0,0
BRDA:1066,113,1,0
BRDA:1080,114,0,0
BRDA:1080,114,1,0
BRDA:1082,115,0,0
BRDA:1082,115,1,0
BRDA:1087,116,0,0
BRDA:1087,116,1,0
BRDA:1097,117,0,0
BRDA:1097,117,1,0
BRDA:1100,118,0,0
BRDA:1100,118,1,0
BRDA:1102,119,0,0
BRDA:1102,119,1,0
BRDA:1122,120,0,0
BRDA:1122,120,1,0
BRDA:1131,121,0,0
BRDA:1131,121,1,0
BRDA:1136,122,0,0
BRDA:1136,122,1,0
BRDA:1136,123,0,0
BRDA:1136,123,1,0
BRDA:1141,124,0,0
BRDA:1141,124,1,0
BRDA:1141,125,0,0
BRDA:1141,125,1,0
BRDA:1180,126,0,0
BRDA:1180,126,1,0
BRDA:1191,127,0,0
BRDA:1191,127,1,0
BRDA:1191,128,0,0
BRDA:1191,128,1,0
BRDA:1203,129,0,0
BRDA:1203,129,1,0
BRDA:1208,130,0,0
BRDA:1208,130,1,0
BRDA:1236,131,0,0
BRDA:1236,131,1,0
BRDA:1252,132,0,0
BRDA:1252,132,1,0
BRDA:1259,133,0,0
BRDA:1259,133,1,0
BRDA:1268,134,0,0
BRDA:1268,134,1,0
BRDA:1273,135,0,0
BRDA:1273,135,1,0
BRDA:1273,136,0,0
BRDA:1273,136,1,0
BRDA:1278,137,0,0
BRDA:1278,137,1,0
BRDA:1278,138,0,0
BRDA:1278,138,1,0
BRDA:1313,139,0,0
BRDA:1313,139,1,0
BRDA:1316,140,0,0
BRDA:1316,140,1,0
BRDA:1319,141,0,0
BRDA:1319,141,1,0
BRDA:1322,142,0,0
BRDA:1322,142,1,0
BRDA:1325,143,0,0
BRDA:1325,143,1,0
BRDA:1331,144,0,0
BRDA:1331,144,1,0
BRDA:1343,145,0,0
BRDA:1343,145,1,0
BRDA:1343,145,2,0
BRDA:1343,145,3,0
BRDA:1343,145,4,0
BRDA:1346,146,0,0
BRDA:1346,146,1,0
BRDA:1359,147,0,0
BRDA:1359,147,1,0
BRDA:1378,148,0,0
BRDA:1378,148,1,0
BRDA:1390,149,0,0
BRDA:1390,149,1,0
BRDA:1392,150,0,0
BRDA:1392,150,1,0
BRDA:1409,151,0,0
BRDA:1409,151,1,0
BRDA:1417,152,0,0
BRDA:1417,152,1,0
BRDA:1441,153,0,0
BRDA:1441,153,1,0
BRDA:1451,154,0,0
BRDA:1451,154,1,0
BRDA:1451,155,0,0
BRDA:1451,155,1,0
BRDA:1476,156,0,0
BRDA:1476,156,1,0
BRDA:1478,157,0,0
BRDA:1478,157,1,0
BRDA:1478,158,0,0
BRDA:1478,158,1,0
BRDA:1478,158,2,0
BRDA:1484,159,0,0
BRDA:1484,159,1,0
BRDA:1498,160,0,0
BRDA:1498,160,1,0
BRDA:1498,161,0,0
BRDA:1498,161,1,0
BRDA:1504,162,0,0
BRDA:1504,162,1,0
BRDA:1509,163,0,0
BRDA:1509,163,1,0
BRDA:1510,164,0,0
BRDA:1510,164,1,0
BRDA:1523,165,0,0
BRDA:1523,165,1,0
BRDA:1525,166,0,0
BRDA:1525,166,1,0
BRDA:1537,167,0,0
BRDA:1537,167,1,0
BRDA:1542,168,0,0
BRDA:1542,168,1,0
BRDA:1549,169,0,0
BRDA:1549,169,1,0
BRDA:1553,170,0,0
BRDA:1553,170,1,0
BRDA:1560,171,0,0
BRDA:1560,171,1,0
BRDA:1565,172,0,0
BRDA:1565,172,1,0
BRDA:1565,173,0,0
BRDA:1565,173,1,0
BRDA:1590,174,0,0
BRDA:1590,174,1,0
BRF:356
BRH:0
end_of_record
TN:
SF:src/typescript/scenes/DeadScene.ts
FN:15,(anonymous_0)
FN:19,(anonymous_1)
FN:34,(anonymous_2)
FN:66,(anonymous_3)
FNF:4
FNH:0
FNDA:0,(anonymous_0)
FNDA:0,(anonymous_1)
FNDA:0,(anonymous_2)
FNDA:0,(anonymous_3)
DA:16,0
DA:21,0
DA:22,0
DA:24,0
DA:25,0
DA:27,0
DA:28,0
DA:31,0
DA:35,0
DA:37,0
DA:38,0
DA:41,0
DA:42,0
DA:45,0
DA:46,0
DA:50,0
DA:51,0
DA:52,0
DA:54,0
DA:58,0
DA:66,0
DA:68,0
DA:69,0
DA:73,0
DA:74,0
LF:25
LH:0
BRDA:24,0,0,0
BRDA:24,0,1,0
BRDA:27,1,0,0
BRDA:27,1,1,0
BRDA:68,2,0,0
BRDA:68,2,1,0
BRF:6
BRH:0
end_of_record
TN:
SF:src/typescript/scenes/LoadingScene.ts
FN:37,(anonymous_0)
FN:41,(anonymous_1)
FN:46,(anonymous_2)
FN:57,(anonymous_3)
FN:62,(anonymous_4)
FN:73,(anonymous_5)
FN:126,(anonymous_6)
FN:154,(anonymous_7)
FN:161,(anonymous_8)
FN:175,(anonymous_9)
FN:206,(anonymous_10)
FN:214,(anonymous_11)
FN:228,(anonymous_12)
FN:233,(anonymous_13)
FN:247,(anonymous_14)
FN:257,(anonymous_15)
FNF:16
FNH:0
FNDA:0,(anonymous_0)
FNDA:0,(anonymous_1)
FNDA:0,(anonymous_2)
FNDA:0,(anonymous_3)
FNDA:0,(anonymous_4)
FNDA:0,(anonymous_5)
FNDA:0,(anonymous_6)
FNDA:0,(anonymous_7)
FNDA:0,(anonymous_8)
FNDA:0,(anonymous_9)
FNDA:0,(anonymous_10)
FNDA:0,(anonymous_11)
FNDA:0,(anonymous_12)
FNDA:0,(anonymous_13)
FNDA:0,(anonymous_14)
FNDA:0,(anonymous_15)
DA:21,0
DA:22,0
DA:26,0
DA:38,0
DA:43,0
DA:47,0
DA:50,0
DA:51,0
DA:54,0
DA:57,0
DA:58,0
DA:62,0
DA:63,0
DA:67,0
DA:70,0
DA:74,0
DA:75,0
DA:78,0
DA:79,0
DA:80,0
DA:83,0
DA:91,0
DA:99,0
DA:100,0
DA:101,0
DA:104,0
DA:107,0
DA:114,0
DA:123,0
DA:128,0
DA:138,0
DA:146,0
DA:155,0
DA:156,0
DA:157,0
DA:162,0
DA:163,0
DA:166,0
DA:167,0
DA:177,0
DA:178,0
DA:179,0
DA:180,0
DA:189,0
DA:192,0
DA:193,0
DA:207,0
DA:208,0
DA:211,0
DA:214,0
DA:217,0
DA:220,0
DA:223,0
DA:224,0
DA:229,0
DA:234,0
DA:237,0
DA:238,0
DA:242,0
DA:249,0
DA:252,0
DA:258,0
LF:62
LH:0
BRDA:156,0,0,0
BRDA:156,0,1,0
BRDA:192,1,0,0
BRDA:192,1,1,0
BRDA:237,2,0,0
BRDA:237,2,1,0
BRF:6
BRH:0
end_of_record
TN:
SF:src/typescript/scenes/MainMenuScene.ts
FN:26,(anonymous_0)
FN:30,(anonymous_1)
FN:39,(anonymous_2)
FN:65,(anonymous_3)
FN:81,(anonymous_4)
FN:112,(anonymous_5)
FN:113,(anonymous_6)
FN:116,(anonymous_7)
FN:136,(anonymous_8)
FN:183,(anonymous_9)
FN:188,(anonymous_10)
FN:193,(anonymous_11)
FN:200,(anonymous_12)
FNF:13
FNH:0
FNDA:0,(anonymous_0)
FNDA:0,(anonymous_1)
FNDA:0,(anonymous_2)
FNDA:0,(anonymous_3)
FNDA:0,(anonymous_4)
FNDA:0,(anonymous_5)
FNDA:0,(anonymous_6)
FNDA:0,(anonymous_7)
FNDA:0,(anonymous_8)
FNDA:0,(anonymous_9)
FNDA:0,(anonymous_10)
FNDA:0,(anonymous_11)
FNDA:0,(anonymous_12)
DA:27,0
DA:33,0
DA:34,0
DA:35,0
DA:40,0
DA:43,0
DA:44,0
DA:46,0
DA:47,0
DA:50,0
DA:53,0
DA:56,0
DA:59,0
DA:62,0
DA:67,0
DA:69,0
DA:70,0
DA:71,0
DA:74,0
DA:75,0
DA:76,0
DA:77,0
DA:83,0
DA:93,0
DA:101,0
DA:111,0
DA:112,0
DA:113,0
DA:114,0
DA:116,0
DA:117,0
DA:121,0
DA:128,0
DA:137,0
DA:138,0
DA:139,0
DA:142,0
DA:152,0
DA:153,0
DA:154,0
DA:156,0
DA:165,0
DA:174,0
DA:184,0
DA:185,0
DA:189,0
DA:190,0
DA:195,0
DA:196,0
DA:201,0
DA:204,0
DA:207,0
LF:52
LH:0
BRDA:34,0,0,0
BRDA:34,0,1,0
BRDA:69,1,0,0
BRDA:69,1,1,0
BRDA:144,2,0,0
BRDA:144,2,1,0
BRDA:145,3,0,0
BRDA:145,3,1,0
BRDA:195,4,0,0
BRDA:195,4,1,0
BRDA:195,5,0,0
BRDA:195,5,1,0
BRF:12
BRH:0
end_of_record
TN:
SF:src/typescript/scenes/VictoryScene.ts
FN:7,(anonymous_0)
FN:11,(anonymous_1)
FN:29,(anonymous_2)
FNF:3
FNH:0
FNDA:0,(anonymous_0)
FNDA:0,(anonymous_1)
FNDA:0,(anonymous_2)
DA:8,0
DA:12,0
DA:14,0
DA:15,0
DA:18,0
DA:20,0
DA:21,0
DA:23,0
DA:26,0
DA:29,0
LF:10
LH:0
BRDA:11,0,0,0
BRDA:20,1,0,0
BRDA:20,1,1,0
BRF:3
BRH:0
end_of_record
TN:
SF:src/typescript/scenes/WorldMapScene.ts
FN:71,(anonymous_0)
FN:75,(anonymous_1)
FN:85,(anonymous_2)
FN:92,(anonymous_3)
FN:130,(anonymous_4)
FN:141,(anonymous_5)
FN:148,(anonymous_6)
FN:156,(anonymous_7)
FN:167,(anonymous_8)
FN:174,(anonymous_9)
FN:191,(anonymous_10)
FN:230,(anonymous_11)
FN:272,(anonymous_12)
FN:281,(anonymous_13)
FN:323,(anonymous_14)
FNF:15
FNH:0
FNDA:0,(anonymous_0)
FNDA:0,(anonymous_1)
FNDA:0,(anonymous_2)
FNDA:0,(anonymous_3)
FNDA:0,(anonymous_4)
FNDA:0,(anonymous_5)
FNDA:0,(anonymous_6)
FNDA:0,(anonymous_7)
FNDA:0,(anonymous_8)
FNDA:0,(anonymous_9)
FNDA:0,(anonymous_10)
FNDA:0,(anonymous_11)
FNDA:0,(anonymous_12)
FNDA:0,(anonymous_13)
FNDA:0,(anonymous_14)
DA:16,0
DA:17,0
DA:30,0
DA:61,0
DA:72,0
DA:78,0
DA:85,0
DA:86,0
DA:87,0
DA:94,0
DA:97,0
DA:98,0
DA:99,0
DA:101,0
DA:102,0
DA:105,0
DA:108,0
DA:109,0
DA:110,0
DA:111,0
DA:114,0
DA:115,0
DA:116,0
DA:120,0
DA:121,0
DA:124,0
DA:127,0
DA:130,0
DA:131,0
DA:132,0
DA:133,0
DA:134,0
DA:135,0
DA:137,0
DA:143,0
DA:144,0
DA:150,0
DA:151,0
DA:152,0
DA:153,0
DA:154,0
DA:156,0
DA:157,0
DA:160,0
DA:163,0
DA:169,0
DA:170,0
DA:172,0
DA:175,0
DA:176,0
DA:177,0
DA:179,0
DA:180,0
DA:182,0
DA:185,0
DA:193,0
DA:194,0
DA:197,0
DA:201,0
DA:204,0
DA:210,0
DA:213,0
DA:214,0
DA:216,0
DA:219,0
DA:221,0
DA:224,0
DA:227,0
DA:232,0
DA:233,0
DA:234,0
DA:237,0
DA:240,0
DA:241,0
DA:242,0
DA:244,0
DA:245,0
DA:247,0
DA:251,0
DA:255,0
DA:256,0
DA:257,0
DA:260,0
DA:261,0
DA:265,0
DA:266,0
DA:269,0
DA:274,0
DA:275,0
DA:276,0
DA:277,0
DA:278,0
DA:283,0
DA:284,0
DA:285,0
DA:286,0
DA:287,0
DA:288,0
DA:289,0
DA:290,0
DA:291,0
DA:295,0
DA:296,0
DA:297,0
DA:298,0
DA:300,0
DA:301,0
DA:304,0
DA:305,0
DA:306,0
DA:307,0
DA:308,0
DA:312,0
DA:313,0
DA:317,0
DA:318,0
DA:325,0
DA:328,0
DA:330,0
DA:336,0
DA:337,0
DA:338,0
DA:341,0
LF:123
LH:0
BRDA:86,0,0,0
BRDA:86,0,1,0
BRDA:109,1,0,0
BRDA:109,1,1,0
BRDA:132,2,0,0
BRDA:132,2,1,0
BRDA:143,3,0,0
BRDA:143,3,1,0
BRDA:152,4,0,0
BRDA:152,4,1,0
BRDA:175,5,0,0
BRDA:175,5,1,0
BRDA:176,6,0,0
BRDA:176,6,1,0
BRDA:179,7,0,0
BRDA:179,7,1,0
BRDA:217,8,0,0
BRDA:217,8,1,0
BRDA:222,9,0,0
BRDA:222,9,1,0
BRDA:232,10,0,0
BRDA:232,10,1,0
BRDA:244,11,0,0
BRDA:244,11,1,0
BRDA:283,12,0,0
BRDA:283,12,1,0
BRDA:284,13,0,0
BRDA:284,13,1,0
BRDA:288,14,0,0
BRDA:288,14,1,0
BRDA:295,15,0,0
BRDA:295,15,1,0
BRDA:296,16,0,0
BRDA:296,16,1,0
BRDA:297,17,0,0
BRDA:297,17,1,0
BRDA:305,18,0,0
BRDA:305,18,1,0
BRDA:317,19,0,0
BRDA:317,19,1,0
BRF:40
BRH:0
end_of_record
